FPGA TB repo_root=/home/zzh/minkowski_fpga
FPGA TB out_base=/home/zzh/minkowski_fpga/data/output/fpga/cosim
[LAMBDA_NONE] k=0 done (m=12, predict=149.5us, strip=0.5us, row_sum=0.1us)
[LAMBDA_NONE] k=1 done (m=12, predict=11.2us, strip=0.6us, row_sum=0.3us)
[LAMBDA_NONE] k=2 done (m=12, predict=10.1us, strip=0.5us, row_sum=0.2us)
[LAMBDA_NONE] k=3 done (m=12, predict=10.1us, strip=0.5us, row_sum=0.1us)
[LAMBDA_NONE] k=4 done (m=12, predict=10.0us, strip=0.5us, row_sum=0.2us)
[LAMBDA_NONE] k=5 done (m=12, predict=11.6us, strip=0.6us, row_sum=0.2us)
[LAMBDA_NONE] k=6 done (m=12, predict=10.1us, strip=0.5us, row_sum=0.2us)
[LAMBDA_NONE] k=7 done (m=12, predict=10.1us, strip=0.5us, row_sum=0.1us)
[LAMBDA_NONE] k=8 done (m=12, predict=9.9us, strip=0.5us, row_sum=0.2us)
[LAMBDA_NONE] k=9 done (m=12, predict=10.0us, strip=0.5us, row_sum=0.1us)
[LAMBDA_NONE] k=10 done (m=12, predict=10.0us, strip=0.5us, row_sum=0.2us)
[LAMBDA_NONE] k=11 done (m=12, predict=10.4us, strip=0.5us, row_sum=0.2us)
[LAMBDA_NONE] k=12 done (m=12, predict=10.4us, strip=0.5us, row_sum=0.2us)
[LAMBDA_NONE] k=13 done (m=12, predict=11.8us, strip=0.6us, row_sum=0.2us)
[LAMBDA_NONE] k=14 done (m=12, predict=10.5us, strip=0.5us, row_sum=0.2us)
[LAMBDA_NONE] outputs: /home/zzh/minkowski_fpga/data/output/fpga/cosim/LAMBDA_NONE
[LAMBDA_NONE] observability: min_rank=4/4 => PASS (/home/zzh/minkowski_fpga/data/output/fpga/cosim/LAMBDA_NONE/obs_rank.csv)
[LAMBDA_NONE] kernel_time_summary_us.csv: total_predict=295.7us (n=15, avg=19.7us), total_strip=7.8us (n=30, avg=0.3us), total_row_sum=2.4us (n=15, avg=0.2us)
[LAMBDA_SEGMENT] k=0 done (m=12, predict=10.7us, strip=0.4us, row_sum=0.1us)
[LAMBDA_SEGMENT] k=1 done (m=12, predict=10.2us, strip=0.5us, row_sum=0.4us)
[LAMBDA_SEGMENT] k=2 done (m=12, predict=11.7us, strip=0.6us, row_sum=0.4us)
[LAMBDA_SEGMENT] k=3 done (m=12, predict=10.3us, strip=0.5us, row_sum=0.3us)
[LAMBDA_SEGMENT] k=4 done (m=12, predict=10.2us, strip=0.5us, row_sum=0.3us)
[LAMBDA_SEGMENT] k=5 done (m=12, predict=10.4us, strip=0.5us, row_sum=0.4us)
[LAMBDA_SEGMENT] k=6 done (m=12, predict=10.4us, strip=0.5us, row_sum=0.3us)
[LAMBDA_SEGMENT] k=7 done (m=12, predict=10.2us, strip=0.5us, row_sum=0.3us)
[LAMBDA_SEGMENT] k=8 done (m=12, predict=10.2us, strip=0.5us, row_sum=0.3us)
[LAMBDA_SEGMENT] k=9 done (m=12, predict=10.2us, strip=0.5us, row_sum=0.3us)
[LAMBDA_SEGMENT] k=10 done (m=12, predict=10.2us, strip=0.5us, row_sum=0.3us)
[LAMBDA_SEGMENT] k=11 done (m=12, predict=10.2us, strip=0.5us, row_sum=0.4us)
[LAMBDA_SEGMENT] k=12 done (m=12, predict=10.2us, strip=0.5us, row_sum=0.3us)
[LAMBDA_SEGMENT] k=13 done (m=12, predict=11.7us, strip=0.5us, row_sum=0.3us)
[LAMBDA_SEGMENT] k=14 done (m=12, predict=10.4us, strip=0.5us, row_sum=0.3us)
[LAMBDA_SEGMENT] outputs: /home/zzh/minkowski_fpga/data/output/fpga/cosim/LAMBDA_SEGMENT
[LAMBDA_SEGMENT] observability: min_rank=4/4 => PASS (/home/zzh/minkowski_fpga/data/output/fpga/cosim/LAMBDA_SEGMENT/obs_rank.csv)
[LAMBDA_SEGMENT] kernel_time_summary_us.csv: total_predict=157.1us (n=15, avg=10.5us), total_strip=7.6us (n=30, avg=0.3us), total_row_sum=4.6us (n=15, avg=0.3us)
[LAMBDA_VOLUME] k=0 done (m=12, predict=15.2us, strip=0.4us, row_sum=0.1us)
[LAMBDA_VOLUME] k=1 done (m=12, predict=10.4us, strip=0.5us, row_sum=0.3us)
[LAMBDA_VOLUME] k=2 done (m=12, predict=10.2us, strip=0.5us, row_sum=0.2us)
[LAMBDA_VOLUME] k=3 done (m=12, predict=10.1us, strip=0.5us, row_sum=0.2us)
[LAMBDA_VOLUME] k=4 done (m=12, predict=10.2us, strip=0.5us, row_sum=0.2us)
[LAMBDA_VOLUME] k=5 done (m=12, predict=10.1us, strip=0.5us, row_sum=0.2us)
[LAMBDA_VOLUME] k=6 done (m=12, predict=10.2us, strip=0.5us, row_sum=0.2us)
[LAMBDA_VOLUME] k=7 done (m=12, predict=10.3us, strip=0.5us, row_sum=0.2us)
[LAMBDA_VOLUME] k=8 done (m=12, predict=10.1us, strip=0.5us, row_sum=0.2us)
[LAMBDA_VOLUME] k=9 done (m=12, predict=10.2us, strip=0.5us, row_sum=0.2us)
[LAMBDA_VOLUME] k=10 done (m=12, predict=10.1us, strip=0.5us, row_sum=0.2us)
[LAMBDA_VOLUME] k=11 done (m=12, predict=10.1us, strip=0.5us, row_sum=0.2us)
[LAMBDA_VOLUME] k=12 done (m=12, predict=10.1us, strip=0.5us, row_sum=0.2us)
[LAMBDA_VOLUME] k=13 done (m=12, predict=11.8us, strip=0.6us, row_sum=0.2us)
[LAMBDA_VOLUME] k=14 done (m=12, predict=30.8us, strip=1.6us, row_sum=0.7us)
[LAMBDA_VOLUME] outputs: /home/zzh/minkowski_fpga/data/output/fpga/cosim/LAMBDA_VOLUME
[LAMBDA_VOLUME] observability: min_rank=4/4 => PASS (/home/zzh/minkowski_fpga/data/output/fpga/cosim/LAMBDA_VOLUME/obs_rank.csv)
[LAMBDA_VOLUME] kernel_time_summary_us.csv: total_predict=179.9us (n=15, avg=12.0us), total_strip=8.6us (n=30, avg=0.3us), total_row_sum=3.3us (n=15, avg=0.2us)
[LAMBDA_P_RADIUS] k=0 done (m=12, predict=11.9us, strip=0.4us, row_sum=0.1us)
[LAMBDA_P_RADIUS] k=1 done (m=12, predict=9.9us, strip=0.5us, row_sum=0.3us)
[LAMBDA_P_RADIUS] k=2 done (m=12, predict=11.6us, strip=0.5us, row_sum=0.4us)
[LAMBDA_P_RADIUS] k=3 done (m=12, predict=39.9us, strip=0.6us, row_sum=0.3us)
[LAMBDA_P_RADIUS] k=4 done (m=12, predict=10.4us, strip=0.5us, row_sum=0.3us)
[LAMBDA_P_RADIUS] k=5 done (m=12, predict=9.8us, strip=0.5us, row_sum=0.4us)
[LAMBDA_P_RADIUS] k=6 done (m=12, predict=20.0us, strip=0.7us, row_sum=0.4us)
[LAMBDA_P_RADIUS] k=7 done (m=12, predict=10.1us, strip=0.6us, row_sum=0.3us)
[LAMBDA_P_RADIUS] k=8 done (m=12, predict=9.7us, strip=0.5us, row_sum=0.4us)
[LAMBDA_P_RADIUS] k=9 done (m=12, predict=9.7us, strip=0.5us, row_sum=0.3us)
[LAMBDA_P_RADIUS] k=10 done (m=12, predict=9.7us, strip=0.5us, row_sum=0.2us)
[LAMBDA_P_RADIUS] k=11 done (m=12, predict=9.7us, strip=0.5us, row_sum=0.4us)
[LAMBDA_P_RADIUS] k=12 done (m=12, predict=11.4us, strip=0.5us, row_sum=0.4us)
[LAMBDA_P_RADIUS] k=13 done (m=12, predict=9.9us, strip=0.5us, row_sum=0.4us)
[LAMBDA_P_RADIUS] k=14 done (m=12, predict=9.8us, strip=0.5us, row_sum=0.4us)
[LAMBDA_P_RADIUS] outputs: /home/zzh/minkowski_fpga/data/output/fpga/cosim/LAMBDA_P_RADIUS
[LAMBDA_P_RADIUS] observability: min_rank=4/4 => PASS (/home/zzh/minkowski_fpga/data/output/fpga/cosim/LAMBDA_P_RADIUS/obs_rank.csv)
[LAMBDA_P_RADIUS] kernel_time_summary_us.csv: total_predict=193.4us (n=15, avg=12.9us), total_strip=7.8us (n=30, avg=0.3us), total_row_sum=5.1us (n=15, avg=0.3us)
All done. Results under: /home/zzh/minkowski_fpga/data/output/fpga/cosim
