/home/zzh/minkowski_fpga/data/output/HLS_Report/sol1/.autopilot/db/fpga_kernels.pp.0.cpp:19195:5: remark: Added loop label VITIS_LOOP_35_1:   [xilinx-label-all-loops]
    for (i = 0; i < 4; ++i) {
    ^
    VITIS_LOOP_35_1: 
/home/zzh/minkowski_fpga/data/output/HLS_Report/sol1/.autopilot/db/fpga_kernels.pp.0.cpp:19195:5: note: FIX-IT applied suggested code changes
/home/zzh/minkowski_fpga/data/output/HLS_Report/sol1/.autopilot/db/fpga_kernels.pp.0.cpp:19198:9: remark: Added loop label VITIS_LOOP_38_2:   [xilinx-label-all-loops]
        for (j = 0; j < 4; ++j) {
        ^
        VITIS_LOOP_38_2: 
/home/zzh/minkowski_fpga/data/output/HLS_Report/sol1/.autopilot/db/fpga_kernels.pp.0.cpp:19198:9: note: FIX-IT applied suggested code changes
/home/zzh/minkowski_fpga/data/output/HLS_Report/sol1/.autopilot/db/fpga_kernels.pp.0.cpp:19205:5: remark: Added loop label VITIS_LOOP_45_3:   [xilinx-label-all-loops]
    for (k = 0; k < m_x; ++k) {
    ^
    VITIS_LOOP_45_3: 
/home/zzh/minkowski_fpga/data/output/HLS_Report/sol1/.autopilot/db/fpga_kernels.pp.0.cpp:19205:5: note: FIX-IT applied suggested code changes
/home/zzh/minkowski_fpga/data/output/HLS_Report/sol1/.autopilot/db/fpga_kernels.pp.0.cpp:19208:9: remark: Added loop label VITIS_LOOP_48_4:   [xilinx-label-all-loops]
        for (i = 0; i < 4; ++i) {
        ^
        VITIS_LOOP_48_4: 
/home/zzh/minkowski_fpga/data/output/HLS_Report/sol1/.autopilot/db/fpga_kernels.pp.0.cpp:19208:9: note: FIX-IT applied suggested code changes
/home/zzh/minkowski_fpga/data/output/HLS_Report/sol1/.autopilot/db/fpga_kernels.pp.0.cpp:19211:13: remark: Added loop label VITIS_LOOP_51_5:   [xilinx-label-all-loops]
            for (j = 0; j < 4; ++j) {
            ^
            VITIS_LOOP_51_5: 
/home/zzh/minkowski_fpga/data/output/HLS_Report/sol1/.autopilot/db/fpga_kernels.pp.0.cpp:19211:13: note: FIX-IT applied suggested code changes
/home/zzh/minkowski_fpga/data/output/HLS_Report/sol1/.autopilot/db/fpga_kernels.pp.0.cpp:19219:5: remark: Added loop label VITIS_LOOP_59_6:   [xilinx-label-all-loops]
    for (k = 0; k < m_w; ++k) {
    ^
    VITIS_LOOP_59_6: 
/home/zzh/minkowski_fpga/data/output/HLS_Report/sol1/.autopilot/db/fpga_kernels.pp.0.cpp:19219:5: note: FIX-IT applied suggested code changes
/home/zzh/minkowski_fpga/data/output/HLS_Report/sol1/.autopilot/db/fpga_kernels.pp.0.cpp:19221:9: remark: Added loop label VITIS_LOOP_61_7:   [xilinx-label-all-loops]
        for (i = 0; i < 4; ++i) {
        ^
        VITIS_LOOP_61_7: 
/home/zzh/minkowski_fpga/data/output/HLS_Report/sol1/.autopilot/db/fpga_kernels.pp.0.cpp:19221:9: note: FIX-IT applied suggested code changes
/home/zzh/minkowski_fpga/data/output/HLS_Report/sol1/.autopilot/db/fpga_kernels.pp.0.cpp:19246:5: remark: Added loop label VITIS_LOOP_86_1:   [xilinx-label-all-loops]
    for (i = 0; i < 4; ++i) {
    ^
    VITIS_LOOP_86_1: 
/home/zzh/minkowski_fpga/data/output/HLS_Report/sol1/.autopilot/db/fpga_kernels.pp.0.cpp:19246:5: note: FIX-IT applied suggested code changes
/home/zzh/minkowski_fpga/data/output/HLS_Report/sol1/.autopilot/db/fpga_kernels.pp.0.cpp:19252:5: remark: Added loop label VITIS_LOOP_92_2:   [xilinx-label-all-loops]
    for (i = 0; i < 4; ++i) {
    ^
    VITIS_LOOP_92_2: 
/home/zzh/minkowski_fpga/data/output/HLS_Report/sol1/.autopilot/db/fpga_kernels.pp.0.cpp:19252:5: note: FIX-IT applied suggested code changes
/home/zzh/minkowski_fpga/data/output/HLS_Report/sol1/.autopilot/db/fpga_kernels.pp.0.cpp:19257:5: remark: Added loop label VITIS_LOOP_97_3:   [xilinx-label-all-loops]
    for (j = 0; j < m; ++j) {
    ^
    VITIS_LOOP_97_3: 
/home/zzh/minkowski_fpga/data/output/HLS_Report/sol1/.autopilot/db/fpga_kernels.pp.0.cpp:19257:5: note: FIX-IT applied suggested code changes
/home/zzh/minkowski_fpga/data/output/HLS_Report/sol1/.autopilot/db/fpga_kernels.pp.0.cpp:19259:9: remark: Added loop label VITIS_LOOP_99_4:   [xilinx-label-all-loops]
        for (i = 0; i < 4; ++i) {
        ^
        VITIS_LOOP_99_4: 
/home/zzh/minkowski_fpga/data/output/HLS_Report/sol1/.autopilot/db/fpga_kernels.pp.0.cpp:19259:9: note: FIX-IT applied suggested code changes
/home/zzh/minkowski_fpga/data/output/HLS_Report/sol1/.autopilot/db/fpga_kernels.pp.0.cpp:19262:9: remark: Added loop label VITIS_LOOP_102_5:   [xilinx-label-all-loops]
        for (i = 0; i < 4; ++i) {
        ^
        VITIS_LOOP_102_5: 
/home/zzh/minkowski_fpga/data/output/HLS_Report/sol1/.autopilot/db/fpga_kernels.pp.0.cpp:19262:9: note: FIX-IT applied suggested code changes
/home/zzh/minkowski_fpga/data/output/HLS_Report/sol1/.autopilot/db/fpga_kernels.pp.0.cpp:19268:5: remark: Added loop label VITIS_LOOP_108_6:   [xilinx-label-all-loops]
    for (i = 0; i < 4; ++i) {
    ^
    VITIS_LOOP_108_6: 
/home/zzh/minkowski_fpga/data/output/HLS_Report/sol1/.autopilot/db/fpga_kernels.pp.0.cpp:19268:5: note: FIX-IT applied suggested code changes
/home/zzh/minkowski_fpga/data/output/HLS_Report/sol1/.autopilot/db/fpga_kernels.pp.0.cpp:19282:5: remark: Added loop label VITIS_LOOP_122_1:   [xilinx-label-all-loops]
    for (int i = 0; i < 4; ++i) row_sum[i] = 0.0;
    ^
    VITIS_LOOP_122_1: 
/home/zzh/minkowski_fpga/data/output/HLS_Report/sol1/.autopilot/db/fpga_kernels.pp.0.cpp:19282:5: note: FIX-IT applied suggested code changes
/home/zzh/minkowski_fpga/data/output/HLS_Report/sol1/.autopilot/db/fpga_kernels.pp.0.cpp:19284:5: remark: Added loop label VITIS_LOOP_124_2:   [xilinx-label-all-loops]
    for (int j = 0; j < m_drop; ++j) {
    ^
    VITIS_LOOP_124_2: 
/home/zzh/minkowski_fpga/data/output/HLS_Report/sol1/.autopilot/db/fpga_kernels.pp.0.cpp:19284:5: note: FIX-IT applied suggested code changes
/home/zzh/minkowski_fpga/data/output/HLS_Report/sol1/.autopilot/db/fpga_kernels.pp.0.cpp:19285:9: remark: Added loop label VITIS_LOOP_125_3:   [xilinx-label-all-loops]
        for (int i = 0; i < 4; ++i) {
        ^
        VITIS_LOOP_125_3: 
/home/zzh/minkowski_fpga/data/output/HLS_Report/sol1/.autopilot/db/fpga_kernels.pp.0.cpp:19285:9: note: FIX-IT applied suggested code changes
