

================================================================
== Vitis HLS Report for 'predict_kernel_Pipeline_VITIS_LOOP_35_1'
================================================================
* Date:           Thu Mar  5 10:37:44 2026

* Version:        2025.2 (Build 6295257 on Nov 14 2025)
* Project:        HLS_Report
* Solution:       sol1 (Vivado IP Flow Target)
* Product family: zynquplus
* Target device:  xck26-sfvc784-2LV-c


================================================================
== Performance Estimates
================================================================
+ Timing: 
    * Summary: 
    +--------+----------+----------+------------+
    |  Clock |  Target  | Estimated| Uncertainty|
    +--------+----------+----------+------------+
    |ap_clk  |  10.00 ns|  7.016 ns|     2.70 ns|
    +--------+----------+----------+------------+

+ Latency: 
    * Summary: 
    +---------+---------+----------+----------+-----+-----+-------------------+
    |  Latency (cycles) |  Latency (absolute) |  Interval |      Pipeline     |
    |   min   |   max   |    min   |    max   | min | max |        Type       |
    +---------+---------+----------+----------+-----+-----+-------------------+
    |       24|       24|  0.240 us|  0.240 us|    0|    0|  loop pipeline stp|
    +---------+---------+----------+----------+-----+-----+-------------------+

    + Detail: 
        * Instance: 
        N/A

        * Loop: 
        +-------------------+---------+---------+----------+-----------+-----------+------+----------+
        |                   |  Latency (cycles) | Iteration|  Initiation Interval  | Trip |          |
        |     Loop Name     |   min   |   max   |  Latency |  achieved |   target  | Count| Pipelined|
        +-------------------+---------+---------+----------+-----------+-----------+------+----------+
        |- VITIS_LOOP_35_1  |       22|       22|        20|          1|          1|     4|       yes|
        +-------------------+---------+---------+----------+-----------+-----------+------+----------+



================================================================
== Utilization Estimates
================================================================
* Summary: 
+-----------------+---------+------+--------+--------+-----+
|       Name      | BRAM_18K|  DSP |   FF   |   LUT  | URAM|
+-----------------+---------+------+--------+--------+-----+
|DSP              |        -|     -|       -|       -|    -|
|Expression       |        -|     -|       0|      24|    -|
|FIFO             |        -|     -|       -|       -|    -|
|Instance         |        -|     -|       0|      20|    -|
|Memory           |        -|     -|       -|       -|    -|
|Multiplexer      |        -|     -|       0|      36|    -|
|Register         |        -|     -|     399|      64|    -|
+-----------------+---------+------+--------+--------+-----+
|Total            |        0|     0|     399|     144|    0|
+-----------------+---------+------+--------+--------+-----+
|Available        |      288|  1248|  234240|  117120|   64|
+-----------------+---------+------+--------+--------+-----+
|Utilization (%)  |        0|     0|      ~0|      ~0|    0|
+-----------------+---------+------+--------+--------+-----+

+ Detail: 
    * Instance: 
    +-------------------------+----------------------+---------+----+---+----+-----+
    |         Instance        |        Module        | BRAM_18K| DSP| FF| LUT| URAM|
    +-------------------------+----------------------+---------+----+---+----+-----+
    |sparsemux_9_2_32_1_1_U9  |sparsemux_9_2_32_1_1  |        0|   0|  0|  20|    0|
    +-------------------------+----------------------+---------+----+---+----+-----+
    |Total                    |                      |        0|   0|  0|  20|    0|
    +-------------------------+----------------------+---------+----+---+----+-----+

    * DSP: 
    N/A

    * Memory: 
    N/A

    * FIFO: 
    N/A

    * Expression: 
    +---------------------+----------+----+---+----+------------+------------+
    |    Variable Name    | Operation| DSP| FF| LUT| Bitwidth P0| Bitwidth P1|
    +---------------------+----------+----+---+----+------------+------------+
    |add_ln35_fu_256_p2   |         +|   0|  0|  10|           3|           1|
    |icmp_ln35_fu_250_p2  |      icmp|   0|  0|  12|           3|           4|
    |ap_enable_pp0        |       xor|   0|  0|   2|           1|           2|
    +---------------------+----------+----+---+----+------------+------------+
    |Total                |          |   0|  0|  24|           7|           7|
    +---------------------+----------+----+---+----+------------+------------+

    * Multiplexer: 
    +-------------------------+----+-----------+-----+-----------+
    |           Name          | LUT| Input Size| Bits| Total Bits|
    +-------------------------+----+-----------+-----+-----------+
    |ap_done_int              |   9|          2|    1|          2|
    |ap_enable_reg_pp0_iter1  |   9|          2|    1|          2|
    |ap_sig_allocacmp_i_1     |   9|          2|    3|          6|
    |i_fu_78                  |   9|          2|    3|          6|
    +-------------------------+----+-----------+-----+-----------+
    |Total                    |  36|          8|    8|         16|
    +-------------------------+----+-----------+-----+-----------+

    * Register: 
    +-----------------------------------+----+----+-----+-----------+
    |                Name               | FF | LUT| Bits| Const Bits|
    +-----------------------------------+----+----+-----+-----------+
    |add23_1_reg_447                    |  32|   0|   32|          0|
    |add23_2_reg_467                    |  32|   0|   32|          0|
    |add_reg_427                        |  32|   0|   32|          0|
    |ap_CS_fsm                          |   1|   0|    1|          0|
    |ap_done_reg                        |   1|   0|    1|          0|
    |ap_enable_reg_pp0_iter1            |   1|   0|    1|          0|
    |ap_enable_reg_pp0_iter10           |   1|   0|    1|          0|
    |ap_enable_reg_pp0_iter11           |   1|   0|    1|          0|
    |ap_enable_reg_pp0_iter12           |   1|   0|    1|          0|
    |ap_enable_reg_pp0_iter13           |   1|   0|    1|          0|
    |ap_enable_reg_pp0_iter14           |   1|   0|    1|          0|
    |ap_enable_reg_pp0_iter15           |   1|   0|    1|          0|
    |ap_enable_reg_pp0_iter16           |   1|   0|    1|          0|
    |ap_enable_reg_pp0_iter17           |   1|   0|    1|          0|
    |ap_enable_reg_pp0_iter18           |   1|   0|    1|          0|
    |ap_enable_reg_pp0_iter19           |   1|   0|    1|          0|
    |ap_enable_reg_pp0_iter2            |   1|   0|    1|          0|
    |ap_enable_reg_pp0_iter3            |   1|   0|    1|          0|
    |ap_enable_reg_pp0_iter4            |   1|   0|    1|          0|
    |ap_enable_reg_pp0_iter5            |   1|   0|    1|          0|
    |ap_enable_reg_pp0_iter6            |   1|   0|    1|          0|
    |ap_enable_reg_pp0_iter7            |   1|   0|    1|          0|
    |ap_enable_reg_pp0_iter8            |   1|   0|    1|          0|
    |ap_enable_reg_pp0_iter9            |   1|   0|    1|          0|
    |ap_loop_exit_ready_pp0_iter10_reg  |   1|   0|    1|          0|
    |ap_loop_exit_ready_pp0_iter11_reg  |   1|   0|    1|          0|
    |ap_loop_exit_ready_pp0_iter12_reg  |   1|   0|    1|          0|
    |ap_loop_exit_ready_pp0_iter13_reg  |   1|   0|    1|          0|
    |ap_loop_exit_ready_pp0_iter14_reg  |   1|   0|    1|          0|
    |ap_loop_exit_ready_pp0_iter15_reg  |   1|   0|    1|          0|
    |ap_loop_exit_ready_pp0_iter16_reg  |   1|   0|    1|          0|
    |ap_loop_exit_ready_pp0_iter17_reg  |   1|   0|    1|          0|
    |ap_loop_exit_ready_pp0_iter18_reg  |   1|   0|    1|          0|
    |ap_loop_exit_ready_pp0_iter1_reg   |   1|   0|    1|          0|
    |ap_loop_exit_ready_pp0_iter2_reg   |   1|   0|    1|          0|
    |ap_loop_exit_ready_pp0_iter3_reg   |   1|   0|    1|          0|
    |ap_loop_exit_ready_pp0_iter4_reg   |   1|   0|    1|          0|
    |ap_loop_exit_ready_pp0_iter5_reg   |   1|   0|    1|          0|
    |ap_loop_exit_ready_pp0_iter6_reg   |   1|   0|    1|          0|
    |ap_loop_exit_ready_pp0_iter7_reg   |   1|   0|    1|          0|
    |ap_loop_exit_ready_pp0_iter8_reg   |   1|   0|    1|          0|
    |ap_loop_exit_ready_pp0_iter9_reg   |   1|   0|    1|          0|
    |i_fu_78                            |   3|   0|    3|          0|
    |mul_1_reg_432                      |  32|   0|   32|          0|
    |mul_2_reg_452                      |  32|   0|   32|          0|
    |mul_3_reg_472                      |  32|   0|   32|          0|
    |mul_reg_407                        |  32|   0|   32|          0|
    |trunc_ln35_reg_392                 |   2|   0|    2|          0|
    |zext_ln35_reg_385                  |   3|   0|   64|         61|
    |trunc_ln35_reg_392                 |  64|  32|    2|          0|
    |zext_ln35_reg_385                  |  64|  32|   64|         61|
    +-----------------------------------+----+----+-----+-----------+
    |Total                              | 399|  64|  398|        122|
    +-----------------------------------+----+----+-----+-----------+



================================================================
== Interface
================================================================
* Summary: 
+---------------------+-----+-----+------------+-----------------------------------------+--------------+
|      RTL Ports      | Dir | Bits|  Protocol  |              Source Object              |    C Type    |
+---------------------+-----+-----+------------+-----------------------------------------+--------------+
|ap_clk               |   in|    1|  ap_ctrl_hs|  predict_kernel_Pipeline_VITIS_LOOP_35_1|  return value|
|ap_rst               |   in|    1|  ap_ctrl_hs|  predict_kernel_Pipeline_VITIS_LOOP_35_1|  return value|
|ap_start             |   in|    1|  ap_ctrl_hs|  predict_kernel_Pipeline_VITIS_LOOP_35_1|  return value|
|ap_done              |  out|    1|  ap_ctrl_hs|  predict_kernel_Pipeline_VITIS_LOOP_35_1|  return value|
|ap_idle              |  out|    1|  ap_ctrl_hs|  predict_kernel_Pipeline_VITIS_LOOP_35_1|  return value|
|ap_ready             |  out|    1|  ap_ctrl_hs|  predict_kernel_Pipeline_VITIS_LOOP_35_1|  return value|
|grp_fu_382_p_din0    |  out|   32|  ap_ctrl_hs|  predict_kernel_Pipeline_VITIS_LOOP_35_1|  return value|
|grp_fu_382_p_din1    |  out|   32|  ap_ctrl_hs|  predict_kernel_Pipeline_VITIS_LOOP_35_1|  return value|
|grp_fu_382_p_opcode  |  out|    2|  ap_ctrl_hs|  predict_kernel_Pipeline_VITIS_LOOP_35_1|  return value|
|grp_fu_382_p_dout0   |   in|   32|  ap_ctrl_hs|  predict_kernel_Pipeline_VITIS_LOOP_35_1|  return value|
|grp_fu_382_p_ce      |  out|    1|  ap_ctrl_hs|  predict_kernel_Pipeline_VITIS_LOOP_35_1|  return value|
|grp_fu_386_p_din0    |  out|   32|  ap_ctrl_hs|  predict_kernel_Pipeline_VITIS_LOOP_35_1|  return value|
|grp_fu_386_p_din1    |  out|   32|  ap_ctrl_hs|  predict_kernel_Pipeline_VITIS_LOOP_35_1|  return value|
|grp_fu_386_p_opcode  |  out|    2|  ap_ctrl_hs|  predict_kernel_Pipeline_VITIS_LOOP_35_1|  return value|
|grp_fu_386_p_dout0   |   in|   32|  ap_ctrl_hs|  predict_kernel_Pipeline_VITIS_LOOP_35_1|  return value|
|grp_fu_386_p_ce      |  out|    1|  ap_ctrl_hs|  predict_kernel_Pipeline_VITIS_LOOP_35_1|  return value|
|grp_fu_390_p_din0    |  out|   32|  ap_ctrl_hs|  predict_kernel_Pipeline_VITIS_LOOP_35_1|  return value|
|grp_fu_390_p_din1    |  out|   32|  ap_ctrl_hs|  predict_kernel_Pipeline_VITIS_LOOP_35_1|  return value|
|grp_fu_390_p_opcode  |  out|    2|  ap_ctrl_hs|  predict_kernel_Pipeline_VITIS_LOOP_35_1|  return value|
|grp_fu_390_p_dout0   |   in|   32|  ap_ctrl_hs|  predict_kernel_Pipeline_VITIS_LOOP_35_1|  return value|
|grp_fu_390_p_ce      |  out|    1|  ap_ctrl_hs|  predict_kernel_Pipeline_VITIS_LOOP_35_1|  return value|
|grp_fu_394_p_din0    |  out|   32|  ap_ctrl_hs|  predict_kernel_Pipeline_VITIS_LOOP_35_1|  return value|
|grp_fu_394_p_din1    |  out|   32|  ap_ctrl_hs|  predict_kernel_Pipeline_VITIS_LOOP_35_1|  return value|
|grp_fu_394_p_opcode  |  out|    2|  ap_ctrl_hs|  predict_kernel_Pipeline_VITIS_LOOP_35_1|  return value|
|grp_fu_394_p_dout0   |   in|   32|  ap_ctrl_hs|  predict_kernel_Pipeline_VITIS_LOOP_35_1|  return value|
|grp_fu_394_p_ce      |  out|    1|  ap_ctrl_hs|  predict_kernel_Pipeline_VITIS_LOOP_35_1|  return value|
|grp_fu_398_p_din0    |  out|   32|  ap_ctrl_hs|  predict_kernel_Pipeline_VITIS_LOOP_35_1|  return value|
|grp_fu_398_p_din1    |  out|   32|  ap_ctrl_hs|  predict_kernel_Pipeline_VITIS_LOOP_35_1|  return value|
|grp_fu_398_p_dout0   |   in|   32|  ap_ctrl_hs|  predict_kernel_Pipeline_VITIS_LOOP_35_1|  return value|
|grp_fu_398_p_ce      |  out|    1|  ap_ctrl_hs|  predict_kernel_Pipeline_VITIS_LOOP_35_1|  return value|
|grp_fu_402_p_din0    |  out|   32|  ap_ctrl_hs|  predict_kernel_Pipeline_VITIS_LOOP_35_1|  return value|
|grp_fu_402_p_din1    |  out|   32|  ap_ctrl_hs|  predict_kernel_Pipeline_VITIS_LOOP_35_1|  return value|
|grp_fu_402_p_dout0   |   in|   32|  ap_ctrl_hs|  predict_kernel_Pipeline_VITIS_LOOP_35_1|  return value|
|grp_fu_402_p_ce      |  out|    1|  ap_ctrl_hs|  predict_kernel_Pipeline_VITIS_LOOP_35_1|  return value|
|grp_fu_406_p_din0    |  out|   32|  ap_ctrl_hs|  predict_kernel_Pipeline_VITIS_LOOP_35_1|  return value|
|grp_fu_406_p_din1    |  out|   32|  ap_ctrl_hs|  predict_kernel_Pipeline_VITIS_LOOP_35_1|  return value|
|grp_fu_406_p_dout0   |   in|   32|  ap_ctrl_hs|  predict_kernel_Pipeline_VITIS_LOOP_35_1|  return value|
|grp_fu_406_p_ce      |  out|    1|  ap_ctrl_hs|  predict_kernel_Pipeline_VITIS_LOOP_35_1|  return value|
|grp_fu_410_p_din0    |  out|   32|  ap_ctrl_hs|  predict_kernel_Pipeline_VITIS_LOOP_35_1|  return value|
|grp_fu_410_p_din1    |  out|   32|  ap_ctrl_hs|  predict_kernel_Pipeline_VITIS_LOOP_35_1|  return value|
|grp_fu_410_p_dout0   |   in|   32|  ap_ctrl_hs|  predict_kernel_Pipeline_VITIS_LOOP_35_1|  return value|
|grp_fu_410_p_ce      |  out|    1|  ap_ctrl_hs|  predict_kernel_Pipeline_VITIS_LOOP_35_1|  return value|
|p_pred_0             |  out|   32|      ap_vld|                                 p_pred_0|       pointer|
|p_pred_0_ap_vld      |  out|    1|      ap_vld|                                 p_pred_0|       pointer|
|p_pred_3             |  out|   32|      ap_vld|                                 p_pred_3|       pointer|
|p_pred_3_ap_vld      |  out|    1|      ap_vld|                                 p_pred_3|       pointer|
|p_pred_2             |  out|   32|      ap_vld|                                 p_pred_2|       pointer|
|p_pred_2_ap_vld      |  out|    1|      ap_vld|                                 p_pred_2|       pointer|
|p_pred_1             |  out|   32|      ap_vld|                                 p_pred_1|       pointer|
|p_pred_1_ap_vld      |  out|    1|      ap_vld|                                 p_pred_1|       pointer|
|bitcast_ln37         |   in|   32|     ap_none|                             bitcast_ln37|        scalar|
|bitcast_ln37_1       |   in|   32|     ap_none|                           bitcast_ln37_1|        scalar|
|bitcast_ln37_2       |   in|   32|     ap_none|                           bitcast_ln37_2|        scalar|
|bitcast_ln37_3       |   in|   32|     ap_none|                           bitcast_ln37_3|        scalar|
|A_0_address0         |  out|    2|   ap_memory|                                      A_0|         array|
|A_0_ce0              |  out|    1|   ap_memory|                                      A_0|         array|
|A_0_q0               |   in|   32|   ap_memory|                                      A_0|         array|
|bitcast_ln40         |   in|   32|     ap_none|                             bitcast_ln40|        scalar|
|A_1_address0         |  out|    2|   ap_memory|                                      A_1|         array|
|A_1_ce0              |  out|    1|   ap_memory|                                      A_1|         array|
|A_1_q0               |   in|   32|   ap_memory|                                      A_1|         array|
|bitcast_ln40_1       |   in|   32|     ap_none|                           bitcast_ln40_1|        scalar|
|A_2_address0         |  out|    2|   ap_memory|                                      A_2|         array|
|A_2_ce0              |  out|    1|   ap_memory|                                      A_2|         array|
|A_2_q0               |   in|   32|   ap_memory|                                      A_2|         array|
|bitcast_ln40_2       |   in|   32|     ap_none|                           bitcast_ln40_2|        scalar|
|A_3_address0         |  out|    2|   ap_memory|                                      A_3|         array|
|A_3_ce0              |  out|    1|   ap_memory|                                      A_3|         array|
|A_3_q0               |   in|   32|   ap_memory|                                      A_3|         array|
|bitcast_ln40_3       |   in|   32|     ap_none|                           bitcast_ln40_3|        scalar|
+---------------------+-----+-----+------------+-----------------------------------------+--------------+

============================================================
+ Verbose Summary: Synthesis Manager
============================================================
InlineROM: 1
ExposeGlobal: 0
============================================================
+ Verbose Summary: CDFG Model
============================================================
IsTopModel: 0
ResetActiveHigh: 1
IsCombinational: 2
IsDatapathOnly: 2
HasWiredReturn: 1
HasMFsm: 2
HasVarLatency: 1
IsPipeline: 0
IsRtlPipelined: 0
IsInstanceOverlapped: 0
IsDontTouch: 0
HasImplIP: 0
IsGatedGlobalClock: 0

+ Individual pipeline summary: 
  * Pipeline-0: initiation interval (II) = 1, depth = 20


============================================================
+ Verbose Summary: Schedule
============================================================
* Number of FSM states : 20
* Pipeline : 1
  Pipeline-0 : II = 1, D = 20, States = { 1 2 3 4 5 6 7 8 9 10 11 12 13 14 15 16 17 18 19 20 }
* Dataflow Pipeline: 0

* FSM state transitions: 
1 --> 2 
2 --> 3 
3 --> 4 
4 --> 5 
5 --> 6 
6 --> 7 
7 --> 8 
8 --> 9 
9 --> 10 
10 --> 11 
11 --> 12 
12 --> 13 
13 --> 14 
14 --> 15 
15 --> 16 
16 --> 17 
17 --> 18 
18 --> 19 
19 --> 20 
20 --> 

* FSM state operations: 

State 1 <SV = 0> <Delay = 1.52>
ST_1 : Operation 23 [1/1] (0.00ns)   --->   "%i = alloca i32 1" [fpga_kernels.cpp:32]   --->   Operation 23 'alloca' 'i' <Predicate = true> <Delay = 0.00>
ST_1 : Operation 24 [1/1] (0.00ns)   --->   "%specinterface_ln0 = specinterface void @_ssdm_op_SpecInterface, i32 %A_3, void @empty_1, i32 0, i32 0, void @empty_0, i32 4294967295, i32 0, void @empty_0, void @empty_0, void @empty_0, i32 0, i32 0, i32 0, i32 0, void @empty_0, void @empty_0, i32 4294967295, i32 0, i32 0, i32 0"   --->   Operation 24 'specinterface' 'specinterface_ln0' <Predicate = true> <Delay = 0.00>
ST_1 : Operation 25 [1/1] (0.00ns)   --->   "%specinterface_ln0 = specinterface void @_ssdm_op_SpecInterface, i32 %A_2, void @empty_1, i32 0, i32 0, void @empty_0, i32 4294967295, i32 0, void @empty_0, void @empty_0, void @empty_0, i32 0, i32 0, i32 0, i32 0, void @empty_0, void @empty_0, i32 4294967295, i32 0, i32 0, i32 0"   --->   Operation 25 'specinterface' 'specinterface_ln0' <Predicate = true> <Delay = 0.00>
ST_1 : Operation 26 [1/1] (0.00ns)   --->   "%specinterface_ln0 = specinterface void @_ssdm_op_SpecInterface, i32 %A_1, void @empty_1, i32 0, i32 0, void @empty_0, i32 4294967295, i32 0, void @empty_0, void @empty_0, void @empty_0, i32 0, i32 0, i32 0, i32 0, void @empty_0, void @empty_0, i32 4294967295, i32 0, i32 0, i32 0"   --->   Operation 26 'specinterface' 'specinterface_ln0' <Predicate = true> <Delay = 0.00>
ST_1 : Operation 27 [1/1] (0.00ns)   --->   "%specinterface_ln0 = specinterface void @_ssdm_op_SpecInterface, i32 %A_0, void @empty_1, i32 0, i32 0, void @empty_0, i32 4294967295, i32 0, void @empty_0, void @empty_0, void @empty_0, i32 0, i32 0, i32 0, i32 0, void @empty_0, void @empty_0, i32 4294967295, i32 0, i32 0, i32 0"   --->   Operation 27 'specinterface' 'specinterface_ln0' <Predicate = true> <Delay = 0.00>
ST_1 : Operation 28 [1/1] (0.00ns)   --->   "%bitcast_ln40_3_read = read i32 @_ssdm_op_Read.ap_auto.float, i32 %bitcast_ln40_3"   --->   Operation 28 'read' 'bitcast_ln40_3_read' <Predicate = true> <Delay = 0.00>
ST_1 : Operation 29 [1/1] (0.00ns)   --->   "%bitcast_ln40_2_read = read i32 @_ssdm_op_Read.ap_auto.float, i32 %bitcast_ln40_2"   --->   Operation 29 'read' 'bitcast_ln40_2_read' <Predicate = true> <Delay = 0.00>
ST_1 : Operation 30 [1/1] (0.00ns)   --->   "%bitcast_ln40_1_read = read i32 @_ssdm_op_Read.ap_auto.float, i32 %bitcast_ln40_1"   --->   Operation 30 'read' 'bitcast_ln40_1_read' <Predicate = true> <Delay = 0.00>
ST_1 : Operation 31 [1/1] (0.00ns)   --->   "%bitcast_ln40_read = read i32 @_ssdm_op_Read.ap_auto.float, i32 %bitcast_ln40"   --->   Operation 31 'read' 'bitcast_ln40_read' <Predicate = true> <Delay = 0.00>
ST_1 : Operation 32 [1/1] (0.00ns)   --->   "%bitcast_ln37_3_read = read i32 @_ssdm_op_Read.ap_auto.float, i32 %bitcast_ln37_3"   --->   Operation 32 'read' 'bitcast_ln37_3_read' <Predicate = true> <Delay = 0.00>
ST_1 : Operation 33 [1/1] (0.00ns)   --->   "%bitcast_ln37_2_read = read i32 @_ssdm_op_Read.ap_auto.float, i32 %bitcast_ln37_2"   --->   Operation 33 'read' 'bitcast_ln37_2_read' <Predicate = true> <Delay = 0.00>
ST_1 : Operation 34 [1/1] (0.00ns)   --->   "%bitcast_ln37_1_read = read i32 @_ssdm_op_Read.ap_auto.float, i32 %bitcast_ln37_1"   --->   Operation 34 'read' 'bitcast_ln37_1_read' <Predicate = true> <Delay = 0.00>
ST_1 : Operation 35 [1/1] (0.00ns)   --->   "%bitcast_ln37_read = read i32 @_ssdm_op_Read.ap_auto.float, i32 %bitcast_ln37"   --->   Operation 35 'read' 'bitcast_ln37_read' <Predicate = true> <Delay = 0.00>
ST_1 : Operation 36 [1/1] (0.42ns)   --->   "%store_ln32 = store i3 0, i3 %i" [fpga_kernels.cpp:32]   --->   Operation 36 'store' 'store_ln32' <Predicate = true> <Delay = 0.42>
ST_1 : Operation 37 [1/1] (0.00ns)   --->   "%br_ln0 = br void %VITIS_LOOP_38_2"   --->   Operation 37 'br' 'br_ln0' <Predicate = true> <Delay = 0.00>
ST_1 : Operation 38 [1/1] (0.00ns)   --->   "%i_1 = load i3 %i" [fpga_kernels.cpp:35]   --->   Operation 38 'load' 'i_1' <Predicate = true> <Delay = 0.00>
ST_1 : Operation 39 [1/1] (0.67ns)   --->   "%icmp_ln35 = icmp_eq  i3 %i_1, i3 4" [fpga_kernels.cpp:35]   --->   Operation 39 'icmp' 'icmp_ln35' <Predicate = true> <Delay = 0.67> <CoreInst = "Cmp">   --->   Core 9 'Cmp' <Latency = 0> <II = 1> <Delay = 0.79> <FuncUnit> <Opcode : 'seteq' 'setne' 'setle' 'setge' 'setlt' 'setgt'> <InPorts = 2> <OutPorts = 1>
ST_1 : Operation 40 [1/1] (0.67ns)   --->   "%add_ln35 = add i3 %i_1, i3 1" [fpga_kernels.cpp:35]   --->   Operation 40 'add' 'add_ln35' <Predicate = true> <Delay = 0.67> <CoreInst = "Adder">   --->   Core 1 'Adder' <Latency = 0> <II = 1> <Delay = 0.67> <FuncUnit> <Opcode : 'add' 'sub'> <InPorts = 2> <OutPorts = 1>
ST_1 : Operation 41 [1/1] (0.00ns)   --->   "%br_ln35 = br i1 %icmp_ln35, void %VITIS_LOOP_38_2.split, void %VITIS_LOOP_48_4.lr.ph.exitStub" [fpga_kernels.cpp:35]   --->   Operation 41 'br' 'br_ln35' <Predicate = true> <Delay = 0.00>
ST_1 : Operation 42 [1/1] (0.00ns)   --->   "%zext_ln35 = zext i3 %i_1" [fpga_kernels.cpp:35]   --->   Operation 42 'zext' 'zext_ln35' <Predicate = (!icmp_ln35)> <Delay = 0.00>
ST_1 : Operation 43 [1/1] (0.00ns)   --->   "%trunc_ln35 = trunc i3 %i_1" [fpga_kernels.cpp:35]   --->   Operation 43 'trunc' 'trunc_ln35' <Predicate = (!icmp_ln35)> <Delay = 0.00>
ST_1 : Operation 44 [1/1] (0.00ns)   --->   "%A_0_addr = getelementptr i32 %A_0, i64 0, i64 %zext_ln35" [fpga_kernels.cpp:40]   --->   Operation 44 'getelementptr' 'A_0_addr' <Predicate = (!icmp_ln35)> <Delay = 0.00>
ST_1 : Operation 45 [2/2] (0.00ns)   --->   "%A_0_load = load i2 %A_0_addr" [fpga_kernels.cpp:40]   --->   Operation 45 'load' 'A_0_load' <Predicate = (!icmp_ln35)> <Delay = 0.00> <CoreInst = "RAM">   --->   Core 82 'RAM' <Latency = 1> <II = 1> <Delay = 0.67> <Storage> <Opcode : 'load' 'store'> <Ports = 2> <Width = 32> <Depth = 4> <RAM>
ST_1 : Operation 46 [1/1] (0.54ns)   --->   "%switch_ln40 = switch i2 %trunc_ln35, void %arrayidx115.case.3, i2 0, void %arrayidx115.case.0, i2 1, void %arrayidx115.case.1, i2 2, void %arrayidx115.case.2" [fpga_kernels.cpp:40]   --->   Operation 46 'switch' 'switch_ln40' <Predicate = (!icmp_ln35)> <Delay = 0.54>
ST_1 : Operation 47 [1/1] (0.42ns)   --->   "%store_ln32 = store i3 %add_ln35, i3 %i" [fpga_kernels.cpp:32]   --->   Operation 47 'store' 'store_ln32' <Predicate = (!icmp_ln35)> <Delay = 0.42>
ST_1 : Operation 48 [1/1] (0.00ns)   --->   "%br_ln35 = br void %VITIS_LOOP_38_2" [fpga_kernels.cpp:35]   --->   Operation 48 'br' 'br_ln35' <Predicate = (!icmp_ln35)> <Delay = 0.00>

State 2 <SV = 1> <Delay = 7.01>
ST_2 : Operation 49 [1/2] ( I:0.00ns O:0.00ns )   --->   "%A_0_load = load i2 %A_0_addr" [fpga_kernels.cpp:40]   --->   Operation 49 'load' 'A_0_load' <Predicate = true> <Delay = 0.00> <CoreInst = "RAM">   --->   Core 82 'RAM' <Latency = 1> <II = 1> <Delay = 0.67> <Storage> <Opcode : 'load' 'store'> <Ports = 2> <Width = 32> <Depth = 4> <RAM>
ST_2 : Operation 50 [1/1] (0.00ns)   --->   "%bitcast_ln40_4 = bitcast i32 %A_0_load" [fpga_kernels.cpp:40]   --->   Operation 50 'bitcast' 'bitcast_ln40_4' <Predicate = true> <Delay = 0.00>
ST_2 : Operation 51 [3/3] (7.01ns)   --->   "%mul = fmul i32 %bitcast_ln40_4, i32 %bitcast_ln40_read" [fpga_kernels.cpp:40]   --->   Operation 51 'fmul' 'mul' <Predicate = true> <Delay = 7.01> <CoreInst = "FMul_maxdsp">   --->   Core 30 'FMul_maxdsp' <Latency = 2> <II = 1> <Delay = 7.01> <FuncUnit> <Opcode : 'fmul'> <InPorts = 2> <OutPorts = 1>

State 3 <SV = 2> <Delay = 7.01>
ST_3 : Operation 52 [2/3] (7.01ns)   --->   "%mul = fmul i32 %bitcast_ln40_4, i32 %bitcast_ln40_read" [fpga_kernels.cpp:40]   --->   Operation 52 'fmul' 'mul' <Predicate = true> <Delay = 7.01> <CoreInst = "FMul_maxdsp">   --->   Core 30 'FMul_maxdsp' <Latency = 2> <II = 1> <Delay = 7.01> <FuncUnit> <Opcode : 'fmul'> <InPorts = 2> <OutPorts = 1>

State 4 <SV = 3> <Delay = 7.01>
ST_4 : Operation 53 [1/3] (7.01ns)   --->   "%mul = fmul i32 %bitcast_ln40_4, i32 %bitcast_ln40_read" [fpga_kernels.cpp:40]   --->   Operation 53 'fmul' 'mul' <Predicate = true> <Delay = 7.01> <CoreInst = "FMul_maxdsp">   --->   Core 30 'FMul_maxdsp' <Latency = 2> <II = 1> <Delay = 7.01> <FuncUnit> <Opcode : 'fmul'> <InPorts = 2> <OutPorts = 1>

State 5 <SV = 4> <Delay = 6.96>
ST_5 : Operation 54 [1/1] (0.52ns)   --->   "%tmp = sparsemux i32 @_ssdm_op_SparseMux.ap_auto.4float.float.i2, i2 0, i32 %bitcast_ln37_read, i2 1, i32 %bitcast_ln37_1_read, i2 2, i32 %bitcast_ln37_2_read, i2 3, i32 %bitcast_ln37_3_read, i32 <undef>, i2 %trunc_ln35" [fpga_kernels.cpp:37]   --->   Operation 54 'sparsemux' 'tmp' <Predicate = true> <Delay = 0.52> <CoreInst = "BinarySparseMux_DontCare">   --->   Core 149 'BinarySparseMux_DontCare' <Latency = 0> <II = 1> <Delay = 0.52> <FuncUnit> <Opcode : 'sparsemux'> <InPorts = 2> <OutPorts = 1>
ST_5 : Operation 55 [4/4] (6.43ns)   --->   "%add = fadd i32 %tmp, i32 %mul" [fpga_kernels.cpp:40]   --->   Operation 55 'fadd' 'add' <Predicate = true> <Delay = 6.43> <CoreInst = "FAddSub_fulldsp">   --->   Core 18 'FAddSub_fulldsp' <Latency = 3> <II = 1> <Delay = 6.43> <FuncUnit> <Opcode : 'fadd' 'fsub'> <InPorts = 2> <OutPorts = 1>
ST_5 : Operation 56 [1/1] (0.00ns)   --->   "%A_1_addr = getelementptr i32 %A_1, i64 0, i64 %zext_ln35" [fpga_kernels.cpp:40]   --->   Operation 56 'getelementptr' 'A_1_addr' <Predicate = true> <Delay = 0.00>
ST_5 : Operation 57 [2/2] (0.00ns)   --->   "%A_1_load = load i2 %A_1_addr" [fpga_kernels.cpp:40]   --->   Operation 57 'load' 'A_1_load' <Predicate = true> <Delay = 0.00> <CoreInst = "RAM">   --->   Core 82 'RAM' <Latency = 1> <II = 1> <Delay = 0.67> <Storage> <Opcode : 'load' 'store'> <Ports = 2> <Width = 32> <Depth = 4> <RAM>

State 6 <SV = 5> <Delay = 7.01>
ST_6 : Operation 58 [3/4] (6.43ns)   --->   "%add = fadd i32 %tmp, i32 %mul" [fpga_kernels.cpp:40]   --->   Operation 58 'fadd' 'add' <Predicate = true> <Delay = 6.43> <CoreInst = "FAddSub_fulldsp">   --->   Core 18 'FAddSub_fulldsp' <Latency = 3> <II = 1> <Delay = 6.43> <FuncUnit> <Opcode : 'fadd' 'fsub'> <InPorts = 2> <OutPorts = 1>
ST_6 : Operation 59 [1/2] ( I:0.00ns O:0.00ns )   --->   "%A_1_load = load i2 %A_1_addr" [fpga_kernels.cpp:40]   --->   Operation 59 'load' 'A_1_load' <Predicate = true> <Delay = 0.00> <CoreInst = "RAM">   --->   Core 82 'RAM' <Latency = 1> <II = 1> <Delay = 0.67> <Storage> <Opcode : 'load' 'store'> <Ports = 2> <Width = 32> <Depth = 4> <RAM>
ST_6 : Operation 60 [1/1] (0.00ns)   --->   "%bitcast_ln40_5 = bitcast i32 %A_1_load" [fpga_kernels.cpp:40]   --->   Operation 60 'bitcast' 'bitcast_ln40_5' <Predicate = true> <Delay = 0.00>
ST_6 : Operation 61 [3/3] (7.01ns)   --->   "%mul_1 = fmul i32 %bitcast_ln40_5, i32 %bitcast_ln40_1_read" [fpga_kernels.cpp:40]   --->   Operation 61 'fmul' 'mul_1' <Predicate = true> <Delay = 7.01> <CoreInst = "FMul_maxdsp">   --->   Core 30 'FMul_maxdsp' <Latency = 2> <II = 1> <Delay = 7.01> <FuncUnit> <Opcode : 'fmul'> <InPorts = 2> <OutPorts = 1>

State 7 <SV = 6> <Delay = 7.01>
ST_7 : Operation 62 [2/4] (6.43ns)   --->   "%add = fadd i32 %tmp, i32 %mul" [fpga_kernels.cpp:40]   --->   Operation 62 'fadd' 'add' <Predicate = true> <Delay = 6.43> <CoreInst = "FAddSub_fulldsp">   --->   Core 18 'FAddSub_fulldsp' <Latency = 3> <II = 1> <Delay = 6.43> <FuncUnit> <Opcode : 'fadd' 'fsub'> <InPorts = 2> <OutPorts = 1>
ST_7 : Operation 63 [2/3] (7.01ns)   --->   "%mul_1 = fmul i32 %bitcast_ln40_5, i32 %bitcast_ln40_1_read" [fpga_kernels.cpp:40]   --->   Operation 63 'fmul' 'mul_1' <Predicate = true> <Delay = 7.01> <CoreInst = "FMul_maxdsp">   --->   Core 30 'FMul_maxdsp' <Latency = 2> <II = 1> <Delay = 7.01> <FuncUnit> <Opcode : 'fmul'> <InPorts = 2> <OutPorts = 1>

State 8 <SV = 7> <Delay = 7.01>
ST_8 : Operation 64 [1/4] (6.43ns)   --->   "%add = fadd i32 %tmp, i32 %mul" [fpga_kernels.cpp:40]   --->   Operation 64 'fadd' 'add' <Predicate = true> <Delay = 6.43> <CoreInst = "FAddSub_fulldsp">   --->   Core 18 'FAddSub_fulldsp' <Latency = 3> <II = 1> <Delay = 6.43> <FuncUnit> <Opcode : 'fadd' 'fsub'> <InPorts = 2> <OutPorts = 1>
ST_8 : Operation 65 [1/3] (7.01ns)   --->   "%mul_1 = fmul i32 %bitcast_ln40_5, i32 %bitcast_ln40_1_read" [fpga_kernels.cpp:40]   --->   Operation 65 'fmul' 'mul_1' <Predicate = true> <Delay = 7.01> <CoreInst = "FMul_maxdsp">   --->   Core 30 'FMul_maxdsp' <Latency = 2> <II = 1> <Delay = 7.01> <FuncUnit> <Opcode : 'fmul'> <InPorts = 2> <OutPorts = 1>

State 9 <SV = 8> <Delay = 6.43>
ST_9 : Operation 66 [4/4] (6.43ns)   --->   "%add23_1 = fadd i32 %add, i32 %mul_1" [fpga_kernels.cpp:40]   --->   Operation 66 'fadd' 'add23_1' <Predicate = true> <Delay = 6.43> <CoreInst = "FAddSub_fulldsp">   --->   Core 18 'FAddSub_fulldsp' <Latency = 3> <II = 1> <Delay = 6.43> <FuncUnit> <Opcode : 'fadd' 'fsub'> <InPorts = 2> <OutPorts = 1>
ST_9 : Operation 67 [1/1] (0.00ns)   --->   "%A_2_addr = getelementptr i32 %A_2, i64 0, i64 %zext_ln35" [fpga_kernels.cpp:40]   --->   Operation 67 'getelementptr' 'A_2_addr' <Predicate = true> <Delay = 0.00>
ST_9 : Operation 68 [2/2] (0.00ns)   --->   "%A_2_load = load i2 %A_2_addr" [fpga_kernels.cpp:40]   --->   Operation 68 'load' 'A_2_load' <Predicate = true> <Delay = 0.00> <CoreInst = "RAM">   --->   Core 82 'RAM' <Latency = 1> <II = 1> <Delay = 0.67> <Storage> <Opcode : 'load' 'store'> <Ports = 2> <Width = 32> <Depth = 4> <RAM>

State 10 <SV = 9> <Delay = 7.01>
ST_10 : Operation 69 [3/4] (6.43ns)   --->   "%add23_1 = fadd i32 %add, i32 %mul_1" [fpga_kernels.cpp:40]   --->   Operation 69 'fadd' 'add23_1' <Predicate = true> <Delay = 6.43> <CoreInst = "FAddSub_fulldsp">   --->   Core 18 'FAddSub_fulldsp' <Latency = 3> <II = 1> <Delay = 6.43> <FuncUnit> <Opcode : 'fadd' 'fsub'> <InPorts = 2> <OutPorts = 1>
ST_10 : Operation 70 [1/2] ( I:0.00ns O:0.00ns )   --->   "%A_2_load = load i2 %A_2_addr" [fpga_kernels.cpp:40]   --->   Operation 70 'load' 'A_2_load' <Predicate = true> <Delay = 0.00> <CoreInst = "RAM">   --->   Core 82 'RAM' <Latency = 1> <II = 1> <Delay = 0.67> <Storage> <Opcode : 'load' 'store'> <Ports = 2> <Width = 32> <Depth = 4> <RAM>
ST_10 : Operation 71 [1/1] (0.00ns)   --->   "%bitcast_ln40_6 = bitcast i32 %A_2_load" [fpga_kernels.cpp:40]   --->   Operation 71 'bitcast' 'bitcast_ln40_6' <Predicate = true> <Delay = 0.00>
ST_10 : Operation 72 [3/3] (7.01ns)   --->   "%mul_2 = fmul i32 %bitcast_ln40_6, i32 %bitcast_ln40_2_read" [fpga_kernels.cpp:40]   --->   Operation 72 'fmul' 'mul_2' <Predicate = true> <Delay = 7.01> <CoreInst = "FMul_maxdsp">   --->   Core 30 'FMul_maxdsp' <Latency = 2> <II = 1> <Delay = 7.01> <FuncUnit> <Opcode : 'fmul'> <InPorts = 2> <OutPorts = 1>

State 11 <SV = 10> <Delay = 7.01>
ST_11 : Operation 73 [2/4] (6.43ns)   --->   "%add23_1 = fadd i32 %add, i32 %mul_1" [fpga_kernels.cpp:40]   --->   Operation 73 'fadd' 'add23_1' <Predicate = true> <Delay = 6.43> <CoreInst = "FAddSub_fulldsp">   --->   Core 18 'FAddSub_fulldsp' <Latency = 3> <II = 1> <Delay = 6.43> <FuncUnit> <Opcode : 'fadd' 'fsub'> <InPorts = 2> <OutPorts = 1>
ST_11 : Operation 74 [2/3] (7.01ns)   --->   "%mul_2 = fmul i32 %bitcast_ln40_6, i32 %bitcast_ln40_2_read" [fpga_kernels.cpp:40]   --->   Operation 74 'fmul' 'mul_2' <Predicate = true> <Delay = 7.01> <CoreInst = "FMul_maxdsp">   --->   Core 30 'FMul_maxdsp' <Latency = 2> <II = 1> <Delay = 7.01> <FuncUnit> <Opcode : 'fmul'> <InPorts = 2> <OutPorts = 1>

State 12 <SV = 11> <Delay = 7.01>
ST_12 : Operation 75 [1/4] (6.43ns)   --->   "%add23_1 = fadd i32 %add, i32 %mul_1" [fpga_kernels.cpp:40]   --->   Operation 75 'fadd' 'add23_1' <Predicate = true> <Delay = 6.43> <CoreInst = "FAddSub_fulldsp">   --->   Core 18 'FAddSub_fulldsp' <Latency = 3> <II = 1> <Delay = 6.43> <FuncUnit> <Opcode : 'fadd' 'fsub'> <InPorts = 2> <OutPorts = 1>
ST_12 : Operation 76 [1/3] (7.01ns)   --->   "%mul_2 = fmul i32 %bitcast_ln40_6, i32 %bitcast_ln40_2_read" [fpga_kernels.cpp:40]   --->   Operation 76 'fmul' 'mul_2' <Predicate = true> <Delay = 7.01> <CoreInst = "FMul_maxdsp">   --->   Core 30 'FMul_maxdsp' <Latency = 2> <II = 1> <Delay = 7.01> <FuncUnit> <Opcode : 'fmul'> <InPorts = 2> <OutPorts = 1>

State 13 <SV = 12> <Delay = 6.43>
ST_13 : Operation 77 [4/4] (6.43ns)   --->   "%add23_2 = fadd i32 %add23_1, i32 %mul_2" [fpga_kernels.cpp:40]   --->   Operation 77 'fadd' 'add23_2' <Predicate = true> <Delay = 6.43> <CoreInst = "FAddSub_fulldsp">   --->   Core 18 'FAddSub_fulldsp' <Latency = 3> <II = 1> <Delay = 6.43> <FuncUnit> <Opcode : 'fadd' 'fsub'> <InPorts = 2> <OutPorts = 1>
ST_13 : Operation 78 [1/1] (0.00ns)   --->   "%A_3_addr = getelementptr i32 %A_3, i64 0, i64 %zext_ln35" [fpga_kernels.cpp:40]   --->   Operation 78 'getelementptr' 'A_3_addr' <Predicate = true> <Delay = 0.00>
ST_13 : Operation 79 [2/2] (0.00ns)   --->   "%A_3_load = load i2 %A_3_addr" [fpga_kernels.cpp:40]   --->   Operation 79 'load' 'A_3_load' <Predicate = true> <Delay = 0.00> <CoreInst = "RAM">   --->   Core 82 'RAM' <Latency = 1> <II = 1> <Delay = 0.67> <Storage> <Opcode : 'load' 'store'> <Ports = 2> <Width = 32> <Depth = 4> <RAM>

State 14 <SV = 13> <Delay = 7.01>
ST_14 : Operation 80 [3/4] (6.43ns)   --->   "%add23_2 = fadd i32 %add23_1, i32 %mul_2" [fpga_kernels.cpp:40]   --->   Operation 80 'fadd' 'add23_2' <Predicate = true> <Delay = 6.43> <CoreInst = "FAddSub_fulldsp">   --->   Core 18 'FAddSub_fulldsp' <Latency = 3> <II = 1> <Delay = 6.43> <FuncUnit> <Opcode : 'fadd' 'fsub'> <InPorts = 2> <OutPorts = 1>
ST_14 : Operation 81 [1/2] ( I:0.00ns O:0.00ns )   --->   "%A_3_load = load i2 %A_3_addr" [fpga_kernels.cpp:40]   --->   Operation 81 'load' 'A_3_load' <Predicate = true> <Delay = 0.00> <CoreInst = "RAM">   --->   Core 82 'RAM' <Latency = 1> <II = 1> <Delay = 0.67> <Storage> <Opcode : 'load' 'store'> <Ports = 2> <Width = 32> <Depth = 4> <RAM>
ST_14 : Operation 82 [1/1] (0.00ns)   --->   "%bitcast_ln40_7 = bitcast i32 %A_3_load" [fpga_kernels.cpp:40]   --->   Operation 82 'bitcast' 'bitcast_ln40_7' <Predicate = true> <Delay = 0.00>
ST_14 : Operation 83 [3/3] (7.01ns)   --->   "%mul_3 = fmul i32 %bitcast_ln40_7, i32 %bitcast_ln40_3_read" [fpga_kernels.cpp:40]   --->   Operation 83 'fmul' 'mul_3' <Predicate = true> <Delay = 7.01> <CoreInst = "FMul_maxdsp">   --->   Core 30 'FMul_maxdsp' <Latency = 2> <II = 1> <Delay = 7.01> <FuncUnit> <Opcode : 'fmul'> <InPorts = 2> <OutPorts = 1>

State 15 <SV = 14> <Delay = 7.01>
ST_15 : Operation 84 [2/4] (6.43ns)   --->   "%add23_2 = fadd i32 %add23_1, i32 %mul_2" [fpga_kernels.cpp:40]   --->   Operation 84 'fadd' 'add23_2' <Predicate = true> <Delay = 6.43> <CoreInst = "FAddSub_fulldsp">   --->   Core 18 'FAddSub_fulldsp' <Latency = 3> <II = 1> <Delay = 6.43> <FuncUnit> <Opcode : 'fadd' 'fsub'> <InPorts = 2> <OutPorts = 1>
ST_15 : Operation 85 [2/3] (7.01ns)   --->   "%mul_3 = fmul i32 %bitcast_ln40_7, i32 %bitcast_ln40_3_read" [fpga_kernels.cpp:40]   --->   Operation 85 'fmul' 'mul_3' <Predicate = true> <Delay = 7.01> <CoreInst = "FMul_maxdsp">   --->   Core 30 'FMul_maxdsp' <Latency = 2> <II = 1> <Delay = 7.01> <FuncUnit> <Opcode : 'fmul'> <InPorts = 2> <OutPorts = 1>

State 16 <SV = 15> <Delay = 7.01>
ST_16 : Operation 86 [1/4] (6.43ns)   --->   "%add23_2 = fadd i32 %add23_1, i32 %mul_2" [fpga_kernels.cpp:40]   --->   Operation 86 'fadd' 'add23_2' <Predicate = true> <Delay = 6.43> <CoreInst = "FAddSub_fulldsp">   --->   Core 18 'FAddSub_fulldsp' <Latency = 3> <II = 1> <Delay = 6.43> <FuncUnit> <Opcode : 'fadd' 'fsub'> <InPorts = 2> <OutPorts = 1>
ST_16 : Operation 87 [1/3] (7.01ns)   --->   "%mul_3 = fmul i32 %bitcast_ln40_7, i32 %bitcast_ln40_3_read" [fpga_kernels.cpp:40]   --->   Operation 87 'fmul' 'mul_3' <Predicate = true> <Delay = 7.01> <CoreInst = "FMul_maxdsp">   --->   Core 30 'FMul_maxdsp' <Latency = 2> <II = 1> <Delay = 7.01> <FuncUnit> <Opcode : 'fmul'> <InPorts = 2> <OutPorts = 1>

State 17 <SV = 16> <Delay = 6.43>
ST_17 : Operation 88 [4/4] (6.43ns)   --->   "%add23_3 = fadd i32 %add23_2, i32 %mul_3" [fpga_kernels.cpp:40]   --->   Operation 88 'fadd' 'add23_3' <Predicate = true> <Delay = 6.43> <CoreInst = "FAddSub_fulldsp">   --->   Core 18 'FAddSub_fulldsp' <Latency = 3> <II = 1> <Delay = 6.43> <FuncUnit> <Opcode : 'fadd' 'fsub'> <InPorts = 2> <OutPorts = 1>

State 18 <SV = 17> <Delay = 6.43>
ST_18 : Operation 89 [3/4] (6.43ns)   --->   "%add23_3 = fadd i32 %add23_2, i32 %mul_3" [fpga_kernels.cpp:40]   --->   Operation 89 'fadd' 'add23_3' <Predicate = true> <Delay = 6.43> <CoreInst = "FAddSub_fulldsp">   --->   Core 18 'FAddSub_fulldsp' <Latency = 3> <II = 1> <Delay = 6.43> <FuncUnit> <Opcode : 'fadd' 'fsub'> <InPorts = 2> <OutPorts = 1>

State 19 <SV = 18> <Delay = 6.43>
ST_19 : Operation 90 [2/4] (6.43ns)   --->   "%add23_3 = fadd i32 %add23_2, i32 %mul_3" [fpga_kernels.cpp:40]   --->   Operation 90 'fadd' 'add23_3' <Predicate = true> <Delay = 6.43> <CoreInst = "FAddSub_fulldsp">   --->   Core 18 'FAddSub_fulldsp' <Latency = 3> <II = 1> <Delay = 6.43> <FuncUnit> <Opcode : 'fadd' 'fsub'> <InPorts = 2> <OutPorts = 1>
ST_19 : Operation 104 [1/1] (0.42ns)   --->   "%ret_ln0 = ret"   --->   Operation 104 'ret' 'ret_ln0' <Predicate = (icmp_ln35)> <Delay = 0.42>

State 20 <SV = 19> <Delay = 6.43>
ST_20 : Operation 91 [1/1] (0.00ns)   --->   "%specpipeline_ln36 = specpipeline void @_ssdm_op_SpecPipeline, i32 1, i32 0, i32 0, i32 0, i32 4294967295, void @empty_0" [fpga_kernels.cpp:36]   --->   Operation 91 'specpipeline' 'specpipeline_ln36' <Predicate = true> <Delay = 0.00>
ST_20 : Operation 92 [1/1] (0.00ns)   --->   "%speclooptripcount_ln32 = speclooptripcount void @_ssdm_op_SpecLoopTripCount, i64 4, i64 4, i64 4" [fpga_kernels.cpp:32]   --->   Operation 92 'speclooptripcount' 'speclooptripcount_ln32' <Predicate = true> <Delay = 0.00>
ST_20 : Operation 93 [1/1] (0.00ns)   --->   "%specloopname_ln35 = specloopname void @_ssdm_op_SpecLoopName, void @empty_3" [fpga_kernels.cpp:35]   --->   Operation 93 'specloopname' 'specloopname_ln35' <Predicate = true> <Delay = 0.00>
ST_20 : Operation 94 [1/4] (6.43ns)   --->   "%add23_3 = fadd i32 %add23_2, i32 %mul_3" [fpga_kernels.cpp:40]   --->   Operation 94 'fadd' 'add23_3' <Predicate = true> <Delay = 6.43> <CoreInst = "FAddSub_fulldsp">   --->   Core 18 'FAddSub_fulldsp' <Latency = 3> <II = 1> <Delay = 6.43> <FuncUnit> <Opcode : 'fadd' 'fsub'> <InPorts = 2> <OutPorts = 1>
ST_20 : Operation 95 [1/1] (0.00ns)   --->   "%bitcast_ln40_8 = bitcast i32 %add23_3" [fpga_kernels.cpp:40]   --->   Operation 95 'bitcast' 'bitcast_ln40_8' <Predicate = true> <Delay = 0.00>
ST_20 : Operation 96 [1/1] (0.00ns)   --->   "%write_ln40 = write void @_ssdm_op_Write.ap_auto.i32P0A, i32 %p_pred_2, i32 %bitcast_ln40_8" [fpga_kernels.cpp:40]   --->   Operation 96 'write' 'write_ln40' <Predicate = (trunc_ln35 == 2)> <Delay = 0.00>
ST_20 : Operation 97 [1/1] (0.00ns)   --->   "%br_ln40 = br void %arrayidx115.exit" [fpga_kernels.cpp:40]   --->   Operation 97 'br' 'br_ln40' <Predicate = (trunc_ln35 == 2)> <Delay = 0.00>
ST_20 : Operation 98 [1/1] (0.00ns)   --->   "%write_ln40 = write void @_ssdm_op_Write.ap_auto.i32P0A, i32 %p_pred_1, i32 %bitcast_ln40_8" [fpga_kernels.cpp:40]   --->   Operation 98 'write' 'write_ln40' <Predicate = (trunc_ln35 == 1)> <Delay = 0.00>
ST_20 : Operation 99 [1/1] (0.00ns)   --->   "%br_ln40 = br void %arrayidx115.exit" [fpga_kernels.cpp:40]   --->   Operation 99 'br' 'br_ln40' <Predicate = (trunc_ln35 == 1)> <Delay = 0.00>
ST_20 : Operation 100 [1/1] (0.00ns)   --->   "%write_ln40 = write void @_ssdm_op_Write.ap_auto.i32P0A, i32 %p_pred_0, i32 %bitcast_ln40_8" [fpga_kernels.cpp:40]   --->   Operation 100 'write' 'write_ln40' <Predicate = (trunc_ln35 == 0)> <Delay = 0.00>
ST_20 : Operation 101 [1/1] (0.00ns)   --->   "%br_ln40 = br void %arrayidx115.exit" [fpga_kernels.cpp:40]   --->   Operation 101 'br' 'br_ln40' <Predicate = (trunc_ln35 == 0)> <Delay = 0.00>
ST_20 : Operation 102 [1/1] (0.00ns)   --->   "%write_ln40 = write void @_ssdm_op_Write.ap_auto.i32P0A, i32 %p_pred_3, i32 %bitcast_ln40_8" [fpga_kernels.cpp:40]   --->   Operation 102 'write' 'write_ln40' <Predicate = (trunc_ln35 == 3)> <Delay = 0.00>
ST_20 : Operation 103 [1/1] (0.00ns)   --->   "%br_ln40 = br void %arrayidx115.exit" [fpga_kernels.cpp:40]   --->   Operation 103 'br' 'br_ln40' <Predicate = (trunc_ln35 == 3)> <Delay = 0.00>


============================================================
+ Verbose Summary: Binding
============================================================
STG Binding: 
---------------- STG Properties BEGIN ----------------
- Is combinational: 0
- Is one-state seq: 0
- Is datapath-only: 0
- Is pipelined: 0
- Is top level: 0
Port [ Return ] is wired: 1; IO mode=ap_ctrl_hs:ce=0
Port [ p_pred_0]:  wired=1; compound=0; hidden=0; nouse=0; global=0; static=0; extern=0; dir=1; type=0; pingpong=0; private_global=0; IO mode=ap_vld:ce=0
Port [ p_pred_3]:  wired=1; compound=0; hidden=0; nouse=0; global=0; static=0; extern=0; dir=1; type=0; pingpong=0; private_global=0; IO mode=ap_vld:ce=0
Port [ p_pred_2]:  wired=1; compound=0; hidden=0; nouse=0; global=0; static=0; extern=0; dir=1; type=0; pingpong=0; private_global=0; IO mode=ap_vld:ce=0
Port [ p_pred_1]:  wired=1; compound=0; hidden=0; nouse=0; global=0; static=0; extern=0; dir=1; type=0; pingpong=0; private_global=0; IO mode=ap_vld:ce=0
Port [ bitcast_ln37]:  wired=1; compound=0; hidden=0; nouse=0; global=0; static=0; extern=0; dir=0; type=0; pingpong=0; private_global=0; IO mode=ap_none:ce=0
Port [ bitcast_ln37_1]:  wired=1; compound=0; hidden=0; nouse=0; global=0; static=0; extern=0; dir=0; type=0; pingpong=0; private_global=0; IO mode=ap_none:ce=0
Port [ bitcast_ln37_2]:  wired=1; compound=0; hidden=0; nouse=0; global=0; static=0; extern=0; dir=0; type=0; pingpong=0; private_global=0; IO mode=ap_none:ce=0
Port [ bitcast_ln37_3]:  wired=1; compound=0; hidden=0; nouse=0; global=0; static=0; extern=0; dir=0; type=0; pingpong=0; private_global=0; IO mode=ap_none:ce=0
Port [ A_0]:  wired=1; compound=1; hidden=0; nouse=0; global=0; static=0; extern=0; dir=0; type=1; pingpong=0; private_global=0; MemPort=[13]; IO mode=ap_memory:ce=0
Port [ bitcast_ln40]:  wired=1; compound=0; hidden=0; nouse=0; global=0; static=0; extern=0; dir=0; type=0; pingpong=0; private_global=0; IO mode=ap_none:ce=0
Port [ A_1]:  wired=1; compound=1; hidden=0; nouse=0; global=0; static=0; extern=0; dir=0; type=1; pingpong=0; private_global=0; MemPort=[13]; IO mode=ap_memory:ce=0
Port [ bitcast_ln40_1]:  wired=1; compound=0; hidden=0; nouse=0; global=0; static=0; extern=0; dir=0; type=0; pingpong=0; private_global=0; IO mode=ap_none:ce=0
Port [ A_2]:  wired=1; compound=1; hidden=0; nouse=0; global=0; static=0; extern=0; dir=0; type=1; pingpong=0; private_global=0; MemPort=[13]; IO mode=ap_memory:ce=0
Port [ bitcast_ln40_2]:  wired=1; compound=0; hidden=0; nouse=0; global=0; static=0; extern=0; dir=0; type=0; pingpong=0; private_global=0; IO mode=ap_none:ce=0
Port [ A_3]:  wired=1; compound=1; hidden=0; nouse=0; global=0; static=0; extern=0; dir=0; type=1; pingpong=0; private_global=0; MemPort=[13]; IO mode=ap_memory:ce=0
Port [ bitcast_ln40_3]:  wired=1; compound=0; hidden=0; nouse=0; global=0; static=0; extern=0; dir=0; type=0; pingpong=0; private_global=0; IO mode=ap_none:ce=0
---------------- STG Properties END ------------------

---------------- Datapath Model BEGIN ----------------

<LifeTime>
<method=bitvector/>
i                      (alloca           ) [ 010000000000000000000]
specinterface_ln0      (specinterface    ) [ 000000000000000000000]
specinterface_ln0      (specinterface    ) [ 000000000000000000000]
specinterface_ln0      (specinterface    ) [ 000000000000000000000]
specinterface_ln0      (specinterface    ) [ 000000000000000000000]
bitcast_ln40_3_read    (read             ) [ 011111111111111110000]
bitcast_ln40_2_read    (read             ) [ 011111111111100000000]
bitcast_ln40_1_read    (read             ) [ 011111111000000000000]
bitcast_ln40_read      (read             ) [ 011110000000000000000]
bitcast_ln37_3_read    (read             ) [ 011111000000000000000]
bitcast_ln37_2_read    (read             ) [ 011111000000000000000]
bitcast_ln37_1_read    (read             ) [ 011111000000000000000]
bitcast_ln37_read      (read             ) [ 011111000000000000000]
store_ln32             (store            ) [ 000000000000000000000]
br_ln0                 (br               ) [ 000000000000000000000]
i_1                    (load             ) [ 000000000000000000000]
icmp_ln35              (icmp             ) [ 011111111111111111110]
add_ln35               (add              ) [ 000000000000000000000]
br_ln35                (br               ) [ 000000000000000000000]
zext_ln35              (zext             ) [ 011111111111110000000]
trunc_ln35             (trunc            ) [ 011111111111111111111]
A_0_addr               (getelementptr    ) [ 011000000000000000000]
switch_ln40            (switch           ) [ 000000000000000000000]
store_ln32             (store            ) [ 000000000000000000000]
br_ln35                (br               ) [ 000000000000000000000]
A_0_load               (load             ) [ 000000000000000000000]
bitcast_ln40_4         (bitcast          ) [ 010110000000000000000]
mul                    (fmul             ) [ 010001111000000000000]
tmp                    (sparsemux        ) [ 010000111000000000000]
A_1_addr               (getelementptr    ) [ 010000100000000000000]
A_1_load               (load             ) [ 000000000000000000000]
bitcast_ln40_5         (bitcast          ) [ 010000011000000000000]
add                    (fadd             ) [ 010000000111100000000]
mul_1                  (fmul             ) [ 010000000111100000000]
A_2_addr               (getelementptr    ) [ 010000000010000000000]
A_2_load               (load             ) [ 000000000000000000000]
bitcast_ln40_6         (bitcast          ) [ 010000000001100000000]
add23_1                (fadd             ) [ 010000000000011110000]
mul_2                  (fmul             ) [ 010000000000011110000]
A_3_addr               (getelementptr    ) [ 010000000000001000000]
A_3_load               (load             ) [ 000000000000000000000]
bitcast_ln40_7         (bitcast          ) [ 010000000000000110000]
add23_2                (fadd             ) [ 010000000000000001111]
mul_3                  (fmul             ) [ 010000000000000001111]
specpipeline_ln36      (specpipeline     ) [ 000000000000000000000]
speclooptripcount_ln32 (speclooptripcount) [ 000000000000000000000]
specloopname_ln35      (specloopname     ) [ 000000000000000000000]
add23_3                (fadd             ) [ 000000000000000000000]
bitcast_ln40_8         (bitcast          ) [ 000000000000000000000]
write_ln40             (write            ) [ 000000000000000000000]
br_ln40                (br               ) [ 000000000000000000000]
write_ln40             (write            ) [ 000000000000000000000]
br_ln40                (br               ) [ 000000000000000000000]
write_ln40             (write            ) [ 000000000000000000000]
br_ln40                (br               ) [ 000000000000000000000]
write_ln40             (write            ) [ 000000000000000000000]
br_ln40                (br               ) [ 000000000000000000000]
ret_ln0                (ret              ) [ 000000000000000000000]
</LifeTime>

<model>

<comp_list>
<comp id="0" class="1000" name="p_pred_0">
<pin_list>
<pin id="1" dir="1" index="0" bw="1" slack="0"/>
</pin_list>
<bind>
<StgValue><ssdm name="p_pred_0"/></StgValue>
</bind>
</comp>

<comp id="2" class="1000" name="p_pred_3">
<pin_list>
<pin id="3" dir="1" index="0" bw="1" slack="0"/>
</pin_list>
<bind>
<StgValue><ssdm name="p_pred_3"/></StgValue>
</bind>
</comp>

<comp id="4" class="1000" name="p_pred_2">
<pin_list>
<pin id="5" dir="1" index="0" bw="1" slack="0"/>
</pin_list>
<bind>
<StgValue><ssdm name="p_pred_2"/></StgValue>
</bind>
</comp>

<comp id="6" class="1000" name="p_pred_1">
<pin_list>
<pin id="7" dir="1" index="0" bw="1" slack="0"/>
</pin_list>
<bind>
<StgValue><ssdm name="p_pred_1"/></StgValue>
</bind>
</comp>

<comp id="8" class="1000" name="bitcast_ln37">
<pin_list>
<pin id="9" dir="1" index="0" bw="1" slack="0"/>
</pin_list>
<bind>
<StgValue><ssdm name="bitcast_ln37"/></StgValue>
</bind>
</comp>

<comp id="10" class="1000" name="bitcast_ln37_1">
<pin_list>
<pin id="11" dir="1" index="0" bw="1" slack="0"/>
</pin_list>
<bind>
<StgValue><ssdm name="bitcast_ln37_1"/></StgValue>
</bind>
</comp>

<comp id="12" class="1000" name="bitcast_ln37_2">
<pin_list>
<pin id="13" dir="1" index="0" bw="1" slack="0"/>
</pin_list>
<bind>
<StgValue><ssdm name="bitcast_ln37_2"/></StgValue>
</bind>
</comp>

<comp id="14" class="1000" name="bitcast_ln37_3">
<pin_list>
<pin id="15" dir="1" index="0" bw="1" slack="0"/>
</pin_list>
<bind>
<StgValue><ssdm name="bitcast_ln37_3"/></StgValue>
</bind>
</comp>

<comp id="16" class="1000" name="A_0">
<pin_list>
<pin id="17" dir="1" index="0" bw="1" slack="0"/>
</pin_list>
<bind>
<StgValue><ssdm name="A_0"/><MemPortTyVec>1 3 </MemPortTyVec>
</StgValue>
</bind>
</comp>

<comp id="18" class="1000" name="bitcast_ln40">
<pin_list>
<pin id="19" dir="1" index="0" bw="1" slack="0"/>
</pin_list>
<bind>
<StgValue><ssdm name="bitcast_ln40"/></StgValue>
</bind>
</comp>

<comp id="20" class="1000" name="A_1">
<pin_list>
<pin id="21" dir="1" index="0" bw="1" slack="0"/>
</pin_list>
<bind>
<StgValue><ssdm name="A_1"/><MemPortTyVec>1 3 </MemPortTyVec>
</StgValue>
</bind>
</comp>

<comp id="22" class="1000" name="bitcast_ln40_1">
<pin_list>
<pin id="23" dir="1" index="0" bw="1" slack="0"/>
</pin_list>
<bind>
<StgValue><ssdm name="bitcast_ln40_1"/></StgValue>
</bind>
</comp>

<comp id="24" class="1000" name="A_2">
<pin_list>
<pin id="25" dir="1" index="0" bw="1" slack="0"/>
</pin_list>
<bind>
<StgValue><ssdm name="A_2"/><MemPortTyVec>1 3 </MemPortTyVec>
</StgValue>
</bind>
</comp>

<comp id="26" class="1000" name="bitcast_ln40_2">
<pin_list>
<pin id="27" dir="1" index="0" bw="1" slack="0"/>
</pin_list>
<bind>
<StgValue><ssdm name="bitcast_ln40_2"/></StgValue>
</bind>
</comp>

<comp id="28" class="1000" name="A_3">
<pin_list>
<pin id="29" dir="1" index="0" bw="1" slack="0"/>
</pin_list>
<bind>
<StgValue><ssdm name="A_3"/><MemPortTyVec>1 3 </MemPortTyVec>
</StgValue>
</bind>
</comp>

<comp id="30" class="1000" name="bitcast_ln40_3">
<pin_list>
<pin id="31" dir="1" index="0" bw="1" slack="0"/>
</pin_list>
<bind>
<StgValue><ssdm name="bitcast_ln40_3"/></StgValue>
</bind>
</comp>

<comp id="32" class="1001" name="const_32">
<pin_list>
<pin id="33" dir="1" index="0" bw="1" slack="0"/>
</pin_list>
<bind>
<StgValue><ssdm name=""/></StgValue>
</bind>
</comp>

<comp id="34" class="1001" name="const_34">
<pin_list>
<pin id="35" dir="1" index="0" bw="1" slack="2147483647"/>
</pin_list>
<bind>
<StgValue><ssdm name="_ssdm_op_SpecInterface"/></StgValue>
</bind>
</comp>

<comp id="36" class="1001" name="const_36">
<pin_list>
<pin id="37" dir="1" index="0" bw="1" slack="2147483647"/>
</pin_list>
<bind>
<StgValue><ssdm name="empty_1"/></StgValue>
</bind>
</comp>

<comp id="38" class="1001" name="const_38">
<pin_list>
<pin id="39" dir="1" index="0" bw="1" slack="2147483647"/>
</pin_list>
<bind>
<StgValue><ssdm name=""/></StgValue>
</bind>
</comp>

<comp id="40" class="1001" name="const_40">
<pin_list>
<pin id="41" dir="1" index="0" bw="1" slack="2147483647"/>
</pin_list>
<bind>
<StgValue><ssdm name="empty_0"/></StgValue>
</bind>
</comp>

<comp id="42" class="1001" name="const_42">
<pin_list>
<pin id="43" dir="1" index="0" bw="1" slack="2147483647"/>
</pin_list>
<bind>
<StgValue><ssdm name=""/></StgValue>
</bind>
</comp>

<comp id="44" class="1001" name="const_44">
<pin_list>
<pin id="45" dir="1" index="0" bw="1" slack="0"/>
</pin_list>
<bind>
<StgValue><ssdm name="_ssdm_op_Read.ap_auto.float"/></StgValue>
</bind>
</comp>

<comp id="46" class="1001" name="const_46">
<pin_list>
<pin id="47" dir="1" index="0" bw="1" slack="0"/>
</pin_list>
<bind>
<StgValue><ssdm name=""/></StgValue>
</bind>
</comp>

<comp id="48" class="1001" name="const_48">
<pin_list>
<pin id="49" dir="1" index="0" bw="1" slack="0"/>
</pin_list>
<bind>
<StgValue><ssdm name=""/></StgValue>
</bind>
</comp>

<comp id="50" class="1001" name="const_50">
<pin_list>
<pin id="51" dir="1" index="0" bw="1" slack="0"/>
</pin_list>
<bind>
<StgValue><ssdm name=""/></StgValue>
</bind>
</comp>

<comp id="52" class="1001" name="const_52">
<pin_list>
<pin id="53" dir="1" index="0" bw="1" slack="0"/>
</pin_list>
<bind>
<StgValue><ssdm name=""/></StgValue>
</bind>
</comp>

<comp id="54" class="1001" name="const_54">
<pin_list>
<pin id="55" dir="1" index="0" bw="1" slack="0"/>
</pin_list>
<bind>
<StgValue><ssdm name=""/></StgValue>
</bind>
</comp>

<comp id="56" class="1001" name="const_56">
<pin_list>
<pin id="57" dir="1" index="0" bw="1" slack="0"/>
</pin_list>
<bind>
<StgValue><ssdm name=""/></StgValue>
</bind>
</comp>

<comp id="58" class="1001" name="const_58">
<pin_list>
<pin id="59" dir="1" index="0" bw="1" slack="0"/>
</pin_list>
<bind>
<StgValue><ssdm name=""/></StgValue>
</bind>
</comp>

<comp id="60" class="1001" name="const_60">
<pin_list>
<pin id="61" dir="1" index="0" bw="1" slack="0"/>
</pin_list>
<bind>
<StgValue><ssdm name="_ssdm_op_SparseMux.ap_auto.4float.float.i2"/></StgValue>
</bind>
</comp>

<comp id="62" class="1001" name="const_62">
<pin_list>
<pin id="63" dir="1" index="0" bw="1" slack="0"/>
</pin_list>
<bind>
<StgValue><ssdm name=""/></StgValue>
</bind>
</comp>

<comp id="64" class="1001" name="const_64">
<pin_list>
<pin id="65" dir="1" index="0" bw="1" slack="0"/>
</pin_list>
<bind>
<StgValue><ssdm name=""/></StgValue>
</bind>
</comp>

<comp id="66" class="1001" name="const_66">
<pin_list>
<pin id="67" dir="1" index="0" bw="1" slack="2147483647"/>
</pin_list>
<bind>
<StgValue><ssdm name="_ssdm_op_SpecPipeline"/></StgValue>
</bind>
</comp>

<comp id="68" class="1001" name="const_68">
<pin_list>
<pin id="69" dir="1" index="0" bw="1" slack="2147483647"/>
</pin_list>
<bind>
<StgValue><ssdm name="_ssdm_op_SpecLoopTripCount"/></StgValue>
</bind>
</comp>

<comp id="70" class="1001" name="const_70">
<pin_list>
<pin id="71" dir="1" index="0" bw="1" slack="2147483647"/>
</pin_list>
<bind>
<StgValue><ssdm name=""/></StgValue>
</bind>
</comp>

<comp id="72" class="1001" name="const_72">
<pin_list>
<pin id="73" dir="1" index="0" bw="1" slack="2147483647"/>
</pin_list>
<bind>
<StgValue><ssdm name="_ssdm_op_SpecLoopName"/></StgValue>
</bind>
</comp>

<comp id="74" class="1001" name="const_74">
<pin_list>
<pin id="75" dir="1" index="0" bw="1" slack="2147483647"/>
</pin_list>
<bind>
<StgValue><ssdm name="empty_3"/></StgValue>
</bind>
</comp>

<comp id="76" class="1001" name="const_76">
<pin_list>
<pin id="77" dir="1" index="0" bw="1" slack="0"/>
</pin_list>
<bind>
<StgValue><ssdm name="_ssdm_op_Write.ap_auto.i32P0A"/></StgValue>
</bind>
</comp>

<comp id="78" class="1004" name="i_fu_78">
<pin_list>
<pin id="79" dir="0" index="0" bw="1" slack="0"/>
<pin id="80" dir="1" index="1" bw="3" slack="0"/>
</pin_list>
<bind>
<opcode="alloca(26) " fcode="alloca"/>
<opset="i/1 "/>
</bind>
</comp>

<comp id="82" class="1004" name="bitcast_ln40_3_read_read_fu_82">
<pin_list>
<pin id="83" dir="0" index="0" bw="32" slack="0"/>
<pin id="84" dir="0" index="1" bw="32" slack="0"/>
<pin id="85" dir="1" index="2" bw="32" slack="13"/>
</pin_list>
<bind>
<opcode="read(1150) " fcode="read"/>
<opset="bitcast_ln40_3_read/1 "/>
</bind>
</comp>

<comp id="88" class="1004" name="bitcast_ln40_2_read_read_fu_88">
<pin_list>
<pin id="89" dir="0" index="0" bw="32" slack="0"/>
<pin id="90" dir="0" index="1" bw="32" slack="0"/>
<pin id="91" dir="1" index="2" bw="32" slack="9"/>
</pin_list>
<bind>
<opcode="read(1150) " fcode="read"/>
<opset="bitcast_ln40_2_read/1 "/>
</bind>
</comp>

<comp id="94" class="1004" name="bitcast_ln40_1_read_read_fu_94">
<pin_list>
<pin id="95" dir="0" index="0" bw="32" slack="0"/>
<pin id="96" dir="0" index="1" bw="32" slack="0"/>
<pin id="97" dir="1" index="2" bw="32" slack="5"/>
</pin_list>
<bind>
<opcode="read(1150) " fcode="read"/>
<opset="bitcast_ln40_1_read/1 "/>
</bind>
</comp>

<comp id="100" class="1004" name="bitcast_ln40_read_read_fu_100">
<pin_list>
<pin id="101" dir="0" index="0" bw="32" slack="0"/>
<pin id="102" dir="0" index="1" bw="32" slack="0"/>
<pin id="103" dir="1" index="2" bw="32" slack="1"/>
</pin_list>
<bind>
<opcode="read(1150) " fcode="read"/>
<opset="bitcast_ln40_read/1 "/>
</bind>
</comp>

<comp id="106" class="1004" name="bitcast_ln37_3_read_read_fu_106">
<pin_list>
<pin id="107" dir="0" index="0" bw="32" slack="0"/>
<pin id="108" dir="0" index="1" bw="32" slack="0"/>
<pin id="109" dir="1" index="2" bw="32" slack="4"/>
</pin_list>
<bind>
<opcode="read(1150) " fcode="read"/>
<opset="bitcast_ln37_3_read/1 "/>
</bind>
</comp>

<comp id="112" class="1004" name="bitcast_ln37_2_read_read_fu_112">
<pin_list>
<pin id="113" dir="0" index="0" bw="32" slack="0"/>
<pin id="114" dir="0" index="1" bw="32" slack="0"/>
<pin id="115" dir="1" index="2" bw="32" slack="4"/>
</pin_list>
<bind>
<opcode="read(1150) " fcode="read"/>
<opset="bitcast_ln37_2_read/1 "/>
</bind>
</comp>

<comp id="118" class="1004" name="bitcast_ln37_1_read_read_fu_118">
<pin_list>
<pin id="119" dir="0" index="0" bw="32" slack="0"/>
<pin id="120" dir="0" index="1" bw="32" slack="0"/>
<pin id="121" dir="1" index="2" bw="32" slack="4"/>
</pin_list>
<bind>
<opcode="read(1150) " fcode="read"/>
<opset="bitcast_ln37_1_read/1 "/>
</bind>
</comp>

<comp id="124" class="1004" name="bitcast_ln37_read_read_fu_124">
<pin_list>
<pin id="125" dir="0" index="0" bw="32" slack="0"/>
<pin id="126" dir="0" index="1" bw="32" slack="0"/>
<pin id="127" dir="1" index="2" bw="32" slack="4"/>
</pin_list>
<bind>
<opcode="read(1150) " fcode="read"/>
<opset="bitcast_ln37_read/1 "/>
</bind>
</comp>

<comp id="130" class="1004" name="write_ln40_write_fu_130">
<pin_list>
<pin id="131" dir="0" index="0" bw="0" slack="0"/>
<pin id="132" dir="0" index="1" bw="32" slack="0"/>
<pin id="133" dir="0" index="2" bw="32" slack="0"/>
<pin id="134" dir="1" index="3" bw="0" slack="2147483647"/>
</pin_list>
<bind>
<opcode="write(1151) " fcode="write"/>
<opset="write_ln40/20 "/>
</bind>
</comp>

<comp id="137" class="1004" name="write_ln40_write_fu_137">
<pin_list>
<pin id="138" dir="0" index="0" bw="0" slack="0"/>
<pin id="139" dir="0" index="1" bw="32" slack="0"/>
<pin id="140" dir="0" index="2" bw="32" slack="0"/>
<pin id="141" dir="1" index="3" bw="0" slack="2147483647"/>
</pin_list>
<bind>
<opcode="write(1151) " fcode="write"/>
<opset="write_ln40/20 "/>
</bind>
</comp>

<comp id="144" class="1004" name="write_ln40_write_fu_144">
<pin_list>
<pin id="145" dir="0" index="0" bw="0" slack="0"/>
<pin id="146" dir="0" index="1" bw="32" slack="0"/>
<pin id="147" dir="0" index="2" bw="32" slack="0"/>
<pin id="148" dir="1" index="3" bw="0" slack="2147483647"/>
</pin_list>
<bind>
<opcode="write(1151) " fcode="write"/>
<opset="write_ln40/20 "/>
</bind>
</comp>

<comp id="151" class="1004" name="write_ln40_write_fu_151">
<pin_list>
<pin id="152" dir="0" index="0" bw="0" slack="0"/>
<pin id="153" dir="0" index="1" bw="32" slack="0"/>
<pin id="154" dir="0" index="2" bw="32" slack="0"/>
<pin id="155" dir="1" index="3" bw="0" slack="2147483647"/>
</pin_list>
<bind>
<opcode="write(1151) " fcode="write"/>
<opset="write_ln40/20 "/>
</bind>
</comp>

<comp id="158" class="1004" name="A_0_addr_gep_fu_158">
<pin_list>
<pin id="159" dir="0" index="0" bw="32" slack="0"/>
<pin id="160" dir="0" index="1" bw="1" slack="0"/>
<pin id="161" dir="0" index="2" bw="3" slack="0"/>
<pin id="162" dir="1" index="3" bw="2" slack="0"/>
</pin_list>
<bind>
<opcode="getelementptr(29) " fcode="getelementptr"/>
<opset="A_0_addr/1 "/>
</bind>
</comp>

<comp id="165" class="1004" name="grp_access_fu_165">
<pin_list>
<pin id="166" dir="0" index="0" bw="2" slack="0"/>
<pin id="167" dir="0" index="1" bw="32" slack="2147483647"/>
<pin id="168" dir="0" index="2" bw="0" slack="2147483647"/>
<pin id="169" dir="1" index="3" bw="32" slack="0"/>
</pin_list>
<bind>
<opcode="load(27) " fcode="load"/>
<opset="A_0_load/1 "/>
</bind>
</comp>

<comp id="171" class="1004" name="A_1_addr_gep_fu_171">
<pin_list>
<pin id="172" dir="0" index="0" bw="32" slack="0"/>
<pin id="173" dir="0" index="1" bw="1" slack="0"/>
<pin id="174" dir="0" index="2" bw="3" slack="4"/>
<pin id="175" dir="1" index="3" bw="2" slack="0"/>
</pin_list>
<bind>
<opcode="getelementptr(29) " fcode="getelementptr"/>
<opset="A_1_addr/5 "/>
</bind>
</comp>

<comp id="178" class="1004" name="grp_access_fu_178">
<pin_list>
<pin id="179" dir="0" index="0" bw="2" slack="0"/>
<pin id="180" dir="0" index="1" bw="32" slack="2147483647"/>
<pin id="181" dir="0" index="2" bw="0" slack="2147483647"/>
<pin id="182" dir="1" index="3" bw="32" slack="0"/>
</pin_list>
<bind>
<opcode="load(27) " fcode="load"/>
<opset="A_1_load/5 "/>
</bind>
</comp>

<comp id="184" class="1004" name="A_2_addr_gep_fu_184">
<pin_list>
<pin id="185" dir="0" index="0" bw="32" slack="0"/>
<pin id="186" dir="0" index="1" bw="1" slack="0"/>
<pin id="187" dir="0" index="2" bw="3" slack="8"/>
<pin id="188" dir="1" index="3" bw="2" slack="0"/>
</pin_list>
<bind>
<opcode="getelementptr(29) " fcode="getelementptr"/>
<opset="A_2_addr/9 "/>
</bind>
</comp>

<comp id="191" class="1004" name="grp_access_fu_191">
<pin_list>
<pin id="192" dir="0" index="0" bw="2" slack="0"/>
<pin id="193" dir="0" index="1" bw="32" slack="2147483647"/>
<pin id="194" dir="0" index="2" bw="0" slack="2147483647"/>
<pin id="195" dir="1" index="3" bw="32" slack="0"/>
</pin_list>
<bind>
<opcode="load(27) " fcode="load"/>
<opset="A_2_load/9 "/>
</bind>
</comp>

<comp id="197" class="1004" name="A_3_addr_gep_fu_197">
<pin_list>
<pin id="198" dir="0" index="0" bw="32" slack="0"/>
<pin id="199" dir="0" index="1" bw="1" slack="0"/>
<pin id="200" dir="0" index="2" bw="3" slack="12"/>
<pin id="201" dir="1" index="3" bw="2" slack="0"/>
</pin_list>
<bind>
<opcode="getelementptr(29) " fcode="getelementptr"/>
<opset="A_3_addr/13 "/>
</bind>
</comp>

<comp id="204" class="1004" name="grp_access_fu_204">
<pin_list>
<pin id="205" dir="0" index="0" bw="2" slack="0"/>
<pin id="206" dir="0" index="1" bw="32" slack="2147483647"/>
<pin id="207" dir="0" index="2" bw="0" slack="2147483647"/>
<pin id="208" dir="1" index="3" bw="32" slack="0"/>
</pin_list>
<bind>
<opcode="load(27) " fcode="load"/>
<opset="A_3_load/13 "/>
</bind>
</comp>

<comp id="210" class="1004" name="grp_fu_210">
<pin_list>
<pin id="211" dir="0" index="0" bw="32" slack="0"/>
<pin id="212" dir="0" index="1" bw="32" slack="1"/>
<pin id="213" dir="1" index="2" bw="32" slack="1"/>
</pin_list>
<bind>
<opcode="fadd(9) " fcode="fadd"/>
<opset="add/5 "/>
</bind>
</comp>

<comp id="214" class="1004" name="grp_fu_214">
<pin_list>
<pin id="215" dir="0" index="0" bw="32" slack="1"/>
<pin id="216" dir="0" index="1" bw="32" slack="1"/>
<pin id="217" dir="1" index="2" bw="32" slack="1"/>
</pin_list>
<bind>
<opcode="fadd(9) " fcode="fadd"/>
<opset="add23_1/9 "/>
</bind>
</comp>

<comp id="218" class="1004" name="grp_fu_218">
<pin_list>
<pin id="219" dir="0" index="0" bw="32" slack="1"/>
<pin id="220" dir="0" index="1" bw="32" slack="1"/>
<pin id="221" dir="1" index="2" bw="32" slack="1"/>
</pin_list>
<bind>
<opcode="fadd(9) " fcode="fadd"/>
<opset="add23_2/13 "/>
</bind>
</comp>

<comp id="222" class="1004" name="grp_fu_222">
<pin_list>
<pin id="223" dir="0" index="0" bw="32" slack="1"/>
<pin id="224" dir="0" index="1" bw="32" slack="1"/>
<pin id="225" dir="1" index="2" bw="32" slack="0"/>
</pin_list>
<bind>
<opcode="fadd(9) " fcode="fadd"/>
<opset="add23_3/17 "/>
</bind>
</comp>

<comp id="226" class="1004" name="grp_fu_226">
<pin_list>
<pin id="227" dir="0" index="0" bw="32" slack="0"/>
<pin id="228" dir="0" index="1" bw="32" slack="1"/>
<pin id="229" dir="1" index="2" bw="32" slack="1"/>
</pin_list>
<bind>
<opcode="fmul(13) " fcode="fmul"/>
<opset="mul/2 "/>
</bind>
</comp>

<comp id="230" class="1004" name="grp_fu_230">
<pin_list>
<pin id="231" dir="0" index="0" bw="32" slack="0"/>
<pin id="232" dir="0" index="1" bw="32" slack="5"/>
<pin id="233" dir="1" index="2" bw="32" slack="1"/>
</pin_list>
<bind>
<opcode="fmul(13) " fcode="fmul"/>
<opset="mul_1/6 "/>
</bind>
</comp>

<comp id="234" class="1004" name="grp_fu_234">
<pin_list>
<pin id="235" dir="0" index="0" bw="32" slack="0"/>
<pin id="236" dir="0" index="1" bw="32" slack="9"/>
<pin id="237" dir="1" index="2" bw="32" slack="1"/>
</pin_list>
<bind>
<opcode="fmul(13) " fcode="fmul"/>
<opset="mul_2/10 "/>
</bind>
</comp>

<comp id="238" class="1004" name="grp_fu_238">
<pin_list>
<pin id="239" dir="0" index="0" bw="32" slack="0"/>
<pin id="240" dir="0" index="1" bw="32" slack="13"/>
<pin id="241" dir="1" index="2" bw="32" slack="1"/>
</pin_list>
<bind>
<opcode="fmul(13) " fcode="fmul"/>
<opset="mul_3/14 "/>
</bind>
</comp>

<comp id="242" class="1004" name="store_ln32_store_fu_242">
<pin_list>
<pin id="243" dir="0" index="0" bw="1" slack="0"/>
<pin id="244" dir="0" index="1" bw="3" slack="0"/>
<pin id="245" dir="1" index="2" bw="0" slack="2147483647"/>
</pin_list>
<bind>
<opcode="store(28) " fcode="store"/>
<opset="store_ln32/1 "/>
</bind>
</comp>

<comp id="247" class="1004" name="i_1_load_fu_247">
<pin_list>
<pin id="248" dir="0" index="0" bw="3" slack="0"/>
<pin id="249" dir="1" index="1" bw="3" slack="0"/>
</pin_list>
<bind>
<opcode="load(27) " fcode="load"/>
<opset="i_1/1 "/>
</bind>
</comp>

<comp id="250" class="1004" name="icmp_ln35_fu_250">
<pin_list>
<pin id="251" dir="0" index="0" bw="3" slack="0"/>
<pin id="252" dir="0" index="1" bw="3" slack="0"/>
<pin id="253" dir="1" index="2" bw="1" slack="18"/>
</pin_list>
<bind>
<opcode="icmp(45) " fcode="icmp"/>
<opset="icmp_ln35/1 "/>
</bind>
</comp>

<comp id="256" class="1004" name="add_ln35_fu_256">
<pin_list>
<pin id="257" dir="0" index="0" bw="3" slack="0"/>
<pin id="258" dir="0" index="1" bw="1" slack="0"/>
<pin id="259" dir="1" index="2" bw="3" slack="0"/>
</pin_list>
<bind>
<opcode="add(8) " fcode="add"/>
<opset="add_ln35/1 "/>
</bind>
</comp>

<comp id="262" class="1004" name="zext_ln35_fu_262">
<pin_list>
<pin id="263" dir="0" index="0" bw="3" slack="0"/>
<pin id="264" dir="1" index="1" bw="64" slack="0"/>
</pin_list>
<bind>
<opcode="zext(34) " fcode="zext"/>
<opset="zext_ln35/1 "/>
</bind>
</comp>

<comp id="267" class="1004" name="trunc_ln35_fu_267">
<pin_list>
<pin id="268" dir="0" index="0" bw="3" slack="0"/>
<pin id="269" dir="1" index="1" bw="2" slack="0"/>
</pin_list>
<bind>
<opcode="trunc(33) " fcode="trunc"/>
<opset="trunc_ln35/1 "/>
</bind>
</comp>

<comp id="271" class="1004" name="switch_ln40_fu_271">
<pin_list>
<pin id="272" dir="0" index="0" bw="2" slack="0"/>
<pin id="273" dir="0" index="1" bw="1" slack="0"/>
<pin id="274" dir="0" index="2" bw="1" slack="0"/>
<pin id="275" dir="0" index="3" bw="2" slack="0"/>
<pin id="276" dir="1" index="4" bw="0" slack="2147483647"/>
</pin_list>
<bind>
<opcode="switch(3) " fcode="switch"/>
<opset="switch_ln40/1 "/>
</bind>
</comp>

<comp id="281" class="1004" name="store_ln32_store_fu_281">
<pin_list>
<pin id="282" dir="0" index="0" bw="3" slack="0"/>
<pin id="283" dir="0" index="1" bw="3" slack="0"/>
<pin id="284" dir="1" index="2" bw="0" slack="2147483647"/>
</pin_list>
<bind>
<opcode="store(28) " fcode="store"/>
<opset="store_ln32/1 "/>
</bind>
</comp>

<comp id="286" class="1004" name="bitcast_ln40_4_fu_286">
<pin_list>
<pin id="287" dir="0" index="0" bw="32" slack="0"/>
<pin id="288" dir="1" index="1" bw="32" slack="0"/>
</pin_list>
<bind>
<opcode="bitcast(44) " fcode="bitcast"/>
<opset="bitcast_ln40_4/2 "/>
</bind>
</comp>

<comp id="291" class="1004" name="tmp_fu_291">
<pin_list>
<pin id="292" dir="0" index="0" bw="32" slack="0"/>
<pin id="293" dir="0" index="1" bw="2" slack="0"/>
<pin id="294" dir="0" index="2" bw="32" slack="4"/>
<pin id="295" dir="0" index="3" bw="2" slack="0"/>
<pin id="296" dir="0" index="4" bw="32" slack="4"/>
<pin id="297" dir="0" index="5" bw="2" slack="0"/>
<pin id="298" dir="0" index="6" bw="32" slack="4"/>
<pin id="299" dir="0" index="7" bw="2" slack="0"/>
<pin id="300" dir="0" index="8" bw="32" slack="4"/>
<pin id="301" dir="0" index="9" bw="32" slack="0"/>
<pin id="302" dir="0" index="10" bw="2" slack="4"/>
<pin id="303" dir="1" index="11" bw="32" slack="0"/>
</pin_list>
<bind>
<opcode="sparsemux(1197) " fcode="sparsemux"/>
<opset="tmp/5 "/>
</bind>
</comp>

<comp id="311" class="1004" name="bitcast_ln40_5_fu_311">
<pin_list>
<pin id="312" dir="0" index="0" bw="32" slack="0"/>
<pin id="313" dir="1" index="1" bw="32" slack="0"/>
</pin_list>
<bind>
<opcode="bitcast(44) " fcode="bitcast"/>
<opset="bitcast_ln40_5/6 "/>
</bind>
</comp>

<comp id="316" class="1004" name="bitcast_ln40_6_fu_316">
<pin_list>
<pin id="317" dir="0" index="0" bw="32" slack="0"/>
<pin id="318" dir="1" index="1" bw="32" slack="0"/>
</pin_list>
<bind>
<opcode="bitcast(44) " fcode="bitcast"/>
<opset="bitcast_ln40_6/10 "/>
</bind>
</comp>

<comp id="321" class="1004" name="bitcast_ln40_7_fu_321">
<pin_list>
<pin id="322" dir="0" index="0" bw="32" slack="0"/>
<pin id="323" dir="1" index="1" bw="32" slack="0"/>
</pin_list>
<bind>
<opcode="bitcast(44) " fcode="bitcast"/>
<opset="bitcast_ln40_7/14 "/>
</bind>
</comp>

<comp id="326" class="1004" name="bitcast_ln40_8_fu_326">
<pin_list>
<pin id="327" dir="0" index="0" bw="32" slack="0"/>
<pin id="328" dir="1" index="1" bw="32" slack="0"/>
</pin_list>
<bind>
<opcode="bitcast(44) " fcode="bitcast"/>
<opset="bitcast_ln40_8/20 "/>
</bind>
</comp>

<comp id="334" class="1005" name="i_reg_334">
<pin_list>
<pin id="335" dir="0" index="0" bw="3" slack="0"/>
<pin id="336" dir="1" index="1" bw="3" slack="0"/>
</pin_list>
<bind>
<opset="i "/>
</bind>
</comp>

<comp id="341" class="1005" name="bitcast_ln40_3_read_reg_341">
<pin_list>
<pin id="342" dir="0" index="0" bw="32" slack="13"/>
<pin id="343" dir="1" index="1" bw="32" slack="13"/>
</pin_list>
<bind>
<opset="bitcast_ln40_3_read "/>
</bind>
</comp>

<comp id="346" class="1005" name="bitcast_ln40_2_read_reg_346">
<pin_list>
<pin id="347" dir="0" index="0" bw="32" slack="9"/>
<pin id="348" dir="1" index="1" bw="32" slack="9"/>
</pin_list>
<bind>
<opset="bitcast_ln40_2_read "/>
</bind>
</comp>

<comp id="351" class="1005" name="bitcast_ln40_1_read_reg_351">
<pin_list>
<pin id="352" dir="0" index="0" bw="32" slack="5"/>
<pin id="353" dir="1" index="1" bw="32" slack="5"/>
</pin_list>
<bind>
<opset="bitcast_ln40_1_read "/>
</bind>
</comp>

<comp id="356" class="1005" name="bitcast_ln40_read_reg_356">
<pin_list>
<pin id="357" dir="0" index="0" bw="32" slack="1"/>
<pin id="358" dir="1" index="1" bw="32" slack="1"/>
</pin_list>
<bind>
<opset="bitcast_ln40_read "/>
</bind>
</comp>

<comp id="361" class="1005" name="bitcast_ln37_3_read_reg_361">
<pin_list>
<pin id="362" dir="0" index="0" bw="32" slack="4"/>
<pin id="363" dir="1" index="1" bw="32" slack="4"/>
</pin_list>
<bind>
<opset="bitcast_ln37_3_read "/>
</bind>
</comp>

<comp id="366" class="1005" name="bitcast_ln37_2_read_reg_366">
<pin_list>
<pin id="367" dir="0" index="0" bw="32" slack="4"/>
<pin id="368" dir="1" index="1" bw="32" slack="4"/>
</pin_list>
<bind>
<opset="bitcast_ln37_2_read "/>
</bind>
</comp>

<comp id="371" class="1005" name="bitcast_ln37_1_read_reg_371">
<pin_list>
<pin id="372" dir="0" index="0" bw="32" slack="4"/>
<pin id="373" dir="1" index="1" bw="32" slack="4"/>
</pin_list>
<bind>
<opset="bitcast_ln37_1_read "/>
</bind>
</comp>

<comp id="376" class="1005" name="bitcast_ln37_read_reg_376">
<pin_list>
<pin id="377" dir="0" index="0" bw="32" slack="4"/>
<pin id="378" dir="1" index="1" bw="32" slack="4"/>
</pin_list>
<bind>
<opset="bitcast_ln37_read "/>
</bind>
</comp>

<comp id="381" class="1005" name="icmp_ln35_reg_381">
<pin_list>
<pin id="382" dir="0" index="0" bw="1" slack="18"/>
<pin id="383" dir="1" index="1" bw="1" slack="2147483647"/>
</pin_list>
<bind>
<opset="icmp_ln35 "/>
</bind>
</comp>

<comp id="385" class="1005" name="zext_ln35_reg_385">
<pin_list>
<pin id="386" dir="0" index="0" bw="64" slack="4"/>
<pin id="387" dir="1" index="1" bw="64" slack="4"/>
</pin_list>
<bind>
<opset="zext_ln35 "/>
</bind>
</comp>

<comp id="392" class="1005" name="trunc_ln35_reg_392">
<pin_list>
<pin id="393" dir="0" index="0" bw="2" slack="4"/>
<pin id="394" dir="1" index="1" bw="2" slack="4"/>
</pin_list>
<bind>
<opset="trunc_ln35 "/>
</bind>
</comp>

<comp id="397" class="1005" name="A_0_addr_reg_397">
<pin_list>
<pin id="398" dir="0" index="0" bw="2" slack="1"/>
<pin id="399" dir="1" index="1" bw="2" slack="1"/>
</pin_list>
<bind>
<opset="A_0_addr "/>
</bind>
</comp>

<comp id="402" class="1005" name="bitcast_ln40_4_reg_402">
<pin_list>
<pin id="403" dir="0" index="0" bw="32" slack="1"/>
<pin id="404" dir="1" index="1" bw="32" slack="1"/>
</pin_list>
<bind>
<opset="bitcast_ln40_4 "/>
</bind>
</comp>

<comp id="407" class="1005" name="mul_reg_407">
<pin_list>
<pin id="408" dir="0" index="0" bw="32" slack="1"/>
<pin id="409" dir="1" index="1" bw="32" slack="1"/>
</pin_list>
<bind>
<opset="mul "/>
</bind>
</comp>

<comp id="412" class="1005" name="tmp_reg_412">
<pin_list>
<pin id="413" dir="0" index="0" bw="32" slack="1"/>
<pin id="414" dir="1" index="1" bw="32" slack="1"/>
</pin_list>
<bind>
<opset="tmp "/>
</bind>
</comp>

<comp id="417" class="1005" name="A_1_addr_reg_417">
<pin_list>
<pin id="418" dir="0" index="0" bw="2" slack="1"/>
<pin id="419" dir="1" index="1" bw="2" slack="1"/>
</pin_list>
<bind>
<opset="A_1_addr "/>
</bind>
</comp>

<comp id="422" class="1005" name="bitcast_ln40_5_reg_422">
<pin_list>
<pin id="423" dir="0" index="0" bw="32" slack="1"/>
<pin id="424" dir="1" index="1" bw="32" slack="1"/>
</pin_list>
<bind>
<opset="bitcast_ln40_5 "/>
</bind>
</comp>

<comp id="427" class="1005" name="add_reg_427">
<pin_list>
<pin id="428" dir="0" index="0" bw="32" slack="1"/>
<pin id="429" dir="1" index="1" bw="32" slack="1"/>
</pin_list>
<bind>
<opset="add "/>
</bind>
</comp>

<comp id="432" class="1005" name="mul_1_reg_432">
<pin_list>
<pin id="433" dir="0" index="0" bw="32" slack="1"/>
<pin id="434" dir="1" index="1" bw="32" slack="1"/>
</pin_list>
<bind>
<opset="mul_1 "/>
</bind>
</comp>

<comp id="437" class="1005" name="A_2_addr_reg_437">
<pin_list>
<pin id="438" dir="0" index="0" bw="2" slack="1"/>
<pin id="439" dir="1" index="1" bw="2" slack="1"/>
</pin_list>
<bind>
<opset="A_2_addr "/>
</bind>
</comp>

<comp id="442" class="1005" name="bitcast_ln40_6_reg_442">
<pin_list>
<pin id="443" dir="0" index="0" bw="32" slack="1"/>
<pin id="444" dir="1" index="1" bw="32" slack="1"/>
</pin_list>
<bind>
<opset="bitcast_ln40_6 "/>
</bind>
</comp>

<comp id="447" class="1005" name="add23_1_reg_447">
<pin_list>
<pin id="448" dir="0" index="0" bw="32" slack="1"/>
<pin id="449" dir="1" index="1" bw="32" slack="1"/>
</pin_list>
<bind>
<opset="add23_1 "/>
</bind>
</comp>

<comp id="452" class="1005" name="mul_2_reg_452">
<pin_list>
<pin id="453" dir="0" index="0" bw="32" slack="1"/>
<pin id="454" dir="1" index="1" bw="32" slack="1"/>
</pin_list>
<bind>
<opset="mul_2 "/>
</bind>
</comp>

<comp id="457" class="1005" name="A_3_addr_reg_457">
<pin_list>
<pin id="458" dir="0" index="0" bw="2" slack="1"/>
<pin id="459" dir="1" index="1" bw="2" slack="1"/>
</pin_list>
<bind>
<opset="A_3_addr "/>
</bind>
</comp>

<comp id="462" class="1005" name="bitcast_ln40_7_reg_462">
<pin_list>
<pin id="463" dir="0" index="0" bw="32" slack="1"/>
<pin id="464" dir="1" index="1" bw="32" slack="1"/>
</pin_list>
<bind>
<opset="bitcast_ln40_7 "/>
</bind>
</comp>

<comp id="467" class="1005" name="add23_2_reg_467">
<pin_list>
<pin id="468" dir="0" index="0" bw="32" slack="1"/>
<pin id="469" dir="1" index="1" bw="32" slack="1"/>
</pin_list>
<bind>
<opset="add23_2 "/>
</bind>
</comp>

<comp id="472" class="1005" name="mul_3_reg_472">
<pin_list>
<pin id="473" dir="0" index="0" bw="32" slack="1"/>
<pin id="474" dir="1" index="1" bw="32" slack="1"/>
</pin_list>
<bind>
<opset="mul_3 "/>
</bind>
</comp>

</comp_list>

<net_list>
<net id="81"><net_src comp="32" pin="0"/><net_sink comp="78" pin=0"/></net>

<net id="86"><net_src comp="44" pin="0"/><net_sink comp="82" pin=0"/></net>

<net id="87"><net_src comp="30" pin="0"/><net_sink comp="82" pin=1"/></net>

<net id="92"><net_src comp="44" pin="0"/><net_sink comp="88" pin=0"/></net>

<net id="93"><net_src comp="26" pin="0"/><net_sink comp="88" pin=1"/></net>

<net id="98"><net_src comp="44" pin="0"/><net_sink comp="94" pin=0"/></net>

<net id="99"><net_src comp="22" pin="0"/><net_sink comp="94" pin=1"/></net>

<net id="104"><net_src comp="44" pin="0"/><net_sink comp="100" pin=0"/></net>

<net id="105"><net_src comp="18" pin="0"/><net_sink comp="100" pin=1"/></net>

<net id="110"><net_src comp="44" pin="0"/><net_sink comp="106" pin=0"/></net>

<net id="111"><net_src comp="14" pin="0"/><net_sink comp="106" pin=1"/></net>

<net id="116"><net_src comp="44" pin="0"/><net_sink comp="112" pin=0"/></net>

<net id="117"><net_src comp="12" pin="0"/><net_sink comp="112" pin=1"/></net>

<net id="122"><net_src comp="44" pin="0"/><net_sink comp="118" pin=0"/></net>

<net id="123"><net_src comp="10" pin="0"/><net_sink comp="118" pin=1"/></net>

<net id="128"><net_src comp="44" pin="0"/><net_sink comp="124" pin=0"/></net>

<net id="129"><net_src comp="8" pin="0"/><net_sink comp="124" pin=1"/></net>

<net id="135"><net_src comp="76" pin="0"/><net_sink comp="130" pin=0"/></net>

<net id="136"><net_src comp="4" pin="0"/><net_sink comp="130" pin=1"/></net>

<net id="142"><net_src comp="76" pin="0"/><net_sink comp="137" pin=0"/></net>

<net id="143"><net_src comp="6" pin="0"/><net_sink comp="137" pin=1"/></net>

<net id="149"><net_src comp="76" pin="0"/><net_sink comp="144" pin=0"/></net>

<net id="150"><net_src comp="0" pin="0"/><net_sink comp="144" pin=1"/></net>

<net id="156"><net_src comp="76" pin="0"/><net_sink comp="151" pin=0"/></net>

<net id="157"><net_src comp="2" pin="0"/><net_sink comp="151" pin=1"/></net>

<net id="163"><net_src comp="16" pin="0"/><net_sink comp="158" pin=0"/></net>

<net id="164"><net_src comp="52" pin="0"/><net_sink comp="158" pin=1"/></net>

<net id="170"><net_src comp="158" pin="3"/><net_sink comp="165" pin=0"/></net>

<net id="176"><net_src comp="20" pin="0"/><net_sink comp="171" pin=0"/></net>

<net id="177"><net_src comp="52" pin="0"/><net_sink comp="171" pin=1"/></net>

<net id="183"><net_src comp="171" pin="3"/><net_sink comp="178" pin=0"/></net>

<net id="189"><net_src comp="24" pin="0"/><net_sink comp="184" pin=0"/></net>

<net id="190"><net_src comp="52" pin="0"/><net_sink comp="184" pin=1"/></net>

<net id="196"><net_src comp="184" pin="3"/><net_sink comp="191" pin=0"/></net>

<net id="202"><net_src comp="28" pin="0"/><net_sink comp="197" pin=0"/></net>

<net id="203"><net_src comp="52" pin="0"/><net_sink comp="197" pin=1"/></net>

<net id="209"><net_src comp="197" pin="3"/><net_sink comp="204" pin=0"/></net>

<net id="246"><net_src comp="46" pin="0"/><net_sink comp="242" pin=0"/></net>

<net id="254"><net_src comp="247" pin="1"/><net_sink comp="250" pin=0"/></net>

<net id="255"><net_src comp="48" pin="0"/><net_sink comp="250" pin=1"/></net>

<net id="260"><net_src comp="247" pin="1"/><net_sink comp="256" pin=0"/></net>

<net id="261"><net_src comp="50" pin="0"/><net_sink comp="256" pin=1"/></net>

<net id="265"><net_src comp="247" pin="1"/><net_sink comp="262" pin=0"/></net>

<net id="266"><net_src comp="262" pin="1"/><net_sink comp="158" pin=2"/></net>

<net id="270"><net_src comp="247" pin="1"/><net_sink comp="267" pin=0"/></net>

<net id="277"><net_src comp="267" pin="1"/><net_sink comp="271" pin=0"/></net>

<net id="278"><net_src comp="54" pin="0"/><net_sink comp="271" pin=1"/></net>

<net id="279"><net_src comp="56" pin="0"/><net_sink comp="271" pin=2"/></net>

<net id="280"><net_src comp="58" pin="0"/><net_sink comp="271" pin=3"/></net>

<net id="285"><net_src comp="256" pin="2"/><net_sink comp="281" pin=0"/></net>

<net id="289"><net_src comp="165" pin="3"/><net_sink comp="286" pin=0"/></net>

<net id="290"><net_src comp="286" pin="1"/><net_sink comp="226" pin=0"/></net>

<net id="304"><net_src comp="60" pin="0"/><net_sink comp="291" pin=0"/></net>

<net id="305"><net_src comp="54" pin="0"/><net_sink comp="291" pin=1"/></net>

<net id="306"><net_src comp="56" pin="0"/><net_sink comp="291" pin=3"/></net>

<net id="307"><net_src comp="58" pin="0"/><net_sink comp="291" pin=5"/></net>

<net id="308"><net_src comp="62" pin="0"/><net_sink comp="291" pin=7"/></net>

<net id="309"><net_src comp="64" pin="0"/><net_sink comp="291" pin=9"/></net>

<net id="310"><net_src comp="291" pin="11"/><net_sink comp="210" pin=0"/></net>

<net id="314"><net_src comp="178" pin="3"/><net_sink comp="311" pin=0"/></net>

<net id="315"><net_src comp="311" pin="1"/><net_sink comp="230" pin=0"/></net>

<net id="319"><net_src comp="191" pin="3"/><net_sink comp="316" pin=0"/></net>

<net id="320"><net_src comp="316" pin="1"/><net_sink comp="234" pin=0"/></net>

<net id="324"><net_src comp="204" pin="3"/><net_sink comp="321" pin=0"/></net>

<net id="325"><net_src comp="321" pin="1"/><net_sink comp="238" pin=0"/></net>

<net id="329"><net_src comp="222" pin="2"/><net_sink comp="326" pin=0"/></net>

<net id="330"><net_src comp="326" pin="1"/><net_sink comp="130" pin=2"/></net>

<net id="331"><net_src comp="326" pin="1"/><net_sink comp="137" pin=2"/></net>

<net id="332"><net_src comp="326" pin="1"/><net_sink comp="144" pin=2"/></net>

<net id="333"><net_src comp="326" pin="1"/><net_sink comp="151" pin=2"/></net>

<net id="337"><net_src comp="78" pin="1"/><net_sink comp="334" pin=0"/></net>

<net id="338"><net_src comp="334" pin="1"/><net_sink comp="242" pin=1"/></net>

<net id="339"><net_src comp="334" pin="1"/><net_sink comp="247" pin=0"/></net>

<net id="340"><net_src comp="334" pin="1"/><net_sink comp="281" pin=1"/></net>

<net id="344"><net_src comp="82" pin="2"/><net_sink comp="341" pin=0"/></net>

<net id="345"><net_src comp="341" pin="1"/><net_sink comp="238" pin=1"/></net>

<net id="349"><net_src comp="88" pin="2"/><net_sink comp="346" pin=0"/></net>

<net id="350"><net_src comp="346" pin="1"/><net_sink comp="234" pin=1"/></net>

<net id="354"><net_src comp="94" pin="2"/><net_sink comp="351" pin=0"/></net>

<net id="355"><net_src comp="351" pin="1"/><net_sink comp="230" pin=1"/></net>

<net id="359"><net_src comp="100" pin="2"/><net_sink comp="356" pin=0"/></net>

<net id="360"><net_src comp="356" pin="1"/><net_sink comp="226" pin=1"/></net>

<net id="364"><net_src comp="106" pin="2"/><net_sink comp="361" pin=0"/></net>

<net id="365"><net_src comp="361" pin="1"/><net_sink comp="291" pin=8"/></net>

<net id="369"><net_src comp="112" pin="2"/><net_sink comp="366" pin=0"/></net>

<net id="370"><net_src comp="366" pin="1"/><net_sink comp="291" pin=6"/></net>

<net id="374"><net_src comp="118" pin="2"/><net_sink comp="371" pin=0"/></net>

<net id="375"><net_src comp="371" pin="1"/><net_sink comp="291" pin=4"/></net>

<net id="379"><net_src comp="124" pin="2"/><net_sink comp="376" pin=0"/></net>

<net id="380"><net_src comp="376" pin="1"/><net_sink comp="291" pin=2"/></net>

<net id="384"><net_src comp="250" pin="2"/><net_sink comp="381" pin=0"/></net>

<net id="388"><net_src comp="262" pin="1"/><net_sink comp="385" pin=0"/></net>

<net id="389"><net_src comp="385" pin="1"/><net_sink comp="171" pin=2"/></net>

<net id="390"><net_src comp="385" pin="1"/><net_sink comp="184" pin=2"/></net>

<net id="391"><net_src comp="385" pin="1"/><net_sink comp="197" pin=2"/></net>

<net id="395"><net_src comp="267" pin="1"/><net_sink comp="392" pin=0"/></net>

<net id="396"><net_src comp="392" pin="1"/><net_sink comp="291" pin=10"/></net>

<net id="400"><net_src comp="158" pin="3"/><net_sink comp="397" pin=0"/></net>

<net id="401"><net_src comp="397" pin="1"/><net_sink comp="165" pin=0"/></net>

<net id="405"><net_src comp="286" pin="1"/><net_sink comp="402" pin=0"/></net>

<net id="406"><net_src comp="402" pin="1"/><net_sink comp="226" pin=0"/></net>

<net id="410"><net_src comp="226" pin="2"/><net_sink comp="407" pin=0"/></net>

<net id="411"><net_src comp="407" pin="1"/><net_sink comp="210" pin=1"/></net>

<net id="415"><net_src comp="291" pin="11"/><net_sink comp="412" pin=0"/></net>

<net id="416"><net_src comp="412" pin="1"/><net_sink comp="210" pin=0"/></net>

<net id="420"><net_src comp="171" pin="3"/><net_sink comp="417" pin=0"/></net>

<net id="421"><net_src comp="417" pin="1"/><net_sink comp="178" pin=0"/></net>

<net id="425"><net_src comp="311" pin="1"/><net_sink comp="422" pin=0"/></net>

<net id="426"><net_src comp="422" pin="1"/><net_sink comp="230" pin=0"/></net>

<net id="430"><net_src comp="210" pin="2"/><net_sink comp="427" pin=0"/></net>

<net id="431"><net_src comp="427" pin="1"/><net_sink comp="214" pin=0"/></net>

<net id="435"><net_src comp="230" pin="2"/><net_sink comp="432" pin=0"/></net>

<net id="436"><net_src comp="432" pin="1"/><net_sink comp="214" pin=1"/></net>

<net id="440"><net_src comp="184" pin="3"/><net_sink comp="437" pin=0"/></net>

<net id="441"><net_src comp="437" pin="1"/><net_sink comp="191" pin=0"/></net>

<net id="445"><net_src comp="316" pin="1"/><net_sink comp="442" pin=0"/></net>

<net id="446"><net_src comp="442" pin="1"/><net_sink comp="234" pin=0"/></net>

<net id="450"><net_src comp="214" pin="2"/><net_sink comp="447" pin=0"/></net>

<net id="451"><net_src comp="447" pin="1"/><net_sink comp="218" pin=0"/></net>

<net id="455"><net_src comp="234" pin="2"/><net_sink comp="452" pin=0"/></net>

<net id="456"><net_src comp="452" pin="1"/><net_sink comp="218" pin=1"/></net>

<net id="460"><net_src comp="197" pin="3"/><net_sink comp="457" pin=0"/></net>

<net id="461"><net_src comp="457" pin="1"/><net_sink comp="204" pin=0"/></net>

<net id="465"><net_src comp="321" pin="1"/><net_sink comp="462" pin=0"/></net>

<net id="466"><net_src comp="462" pin="1"/><net_sink comp="238" pin=0"/></net>

<net id="470"><net_src comp="218" pin="2"/><net_sink comp="467" pin=0"/></net>

<net id="471"><net_src comp="467" pin="1"/><net_sink comp="222" pin=0"/></net>

<net id="475"><net_src comp="238" pin="2"/><net_sink comp="472" pin=0"/></net>

<net id="476"><net_src comp="472" pin="1"/><net_sink comp="222" pin=1"/></net>

</net_list>

</model> 
---------------- Datapath Model END ------------------

* FSMD analyzer results:
  - Output states:
	Port: p_pred_0 | {20 }
	Port: p_pred_3 | {20 }
	Port: p_pred_2 | {20 }
	Port: p_pred_1 | {20 }
	Port: A_0 | {}
	Port: A_1 | {}
	Port: A_2 | {}
	Port: A_3 | {}
 - Input state : 
	Port: predict_kernel_Pipeline_VITIS_LOOP_35_1 : p_pred_0 | {}
	Port: predict_kernel_Pipeline_VITIS_LOOP_35_1 : p_pred_3 | {}
	Port: predict_kernel_Pipeline_VITIS_LOOP_35_1 : p_pred_2 | {}
	Port: predict_kernel_Pipeline_VITIS_LOOP_35_1 : p_pred_1 | {}
	Port: predict_kernel_Pipeline_VITIS_LOOP_35_1 : bitcast_ln37 | {1 }
	Port: predict_kernel_Pipeline_VITIS_LOOP_35_1 : bitcast_ln37_1 | {1 }
	Port: predict_kernel_Pipeline_VITIS_LOOP_35_1 : bitcast_ln37_2 | {1 }
	Port: predict_kernel_Pipeline_VITIS_LOOP_35_1 : bitcast_ln37_3 | {1 }
	Port: predict_kernel_Pipeline_VITIS_LOOP_35_1 : A_0 | {1 2 }
	Port: predict_kernel_Pipeline_VITIS_LOOP_35_1 : bitcast_ln40 | {1 }
	Port: predict_kernel_Pipeline_VITIS_LOOP_35_1 : A_1 | {5 6 }
	Port: predict_kernel_Pipeline_VITIS_LOOP_35_1 : bitcast_ln40_1 | {1 }
	Port: predict_kernel_Pipeline_VITIS_LOOP_35_1 : A_2 | {9 10 }
	Port: predict_kernel_Pipeline_VITIS_LOOP_35_1 : bitcast_ln40_2 | {1 }
	Port: predict_kernel_Pipeline_VITIS_LOOP_35_1 : A_3 | {13 14 }
	Port: predict_kernel_Pipeline_VITIS_LOOP_35_1 : bitcast_ln40_3 | {1 }
  - Chain level:
	State 1
		store_ln32 : 1
		i_1 : 1
		icmp_ln35 : 2
		add_ln35 : 2
		br_ln35 : 3
		zext_ln35 : 2
		trunc_ln35 : 2
		A_0_addr : 3
		A_0_load : 4
		switch_ln40 : 3
		store_ln32 : 3
	State 2
		bitcast_ln40_4 : 1
		mul : 2
	State 3
	State 4
	State 5
		add : 1
		A_1_load : 1
	State 6
		bitcast_ln40_5 : 1
		mul_1 : 2
	State 7
	State 8
	State 9
		A_2_load : 1
	State 10
		bitcast_ln40_6 : 1
		mul_2 : 2
	State 11
	State 12
	State 13
		A_3_load : 1
	State 14
		bitcast_ln40_7 : 1
		mul_3 : 2
	State 15
	State 16
	State 17
	State 18
	State 19
	State 20
		bitcast_ln40_8 : 1
		write_ln40 : 2
		write_ln40 : 2
		write_ln40 : 2
		write_ln40 : 2


============================================================
+ Verbose Summary: Datapath Resource usage 
============================================================

* Functional unit list:
|----------|---------------------------------|---------|---------|---------|
| Operation|         Functional Unit         |   DSP   |    FF   |   LUT   |
|----------|---------------------------------|---------|---------|---------|
|          |            grp_fu_210           |    2    |   227   |   214   |
|   fadd   |            grp_fu_214           |    2    |   227   |   214   |
|          |            grp_fu_218           |    2    |   227   |   214   |
|          |            grp_fu_222           |    2    |   227   |   214   |
|----------|---------------------------------|---------|---------|---------|
|          |            grp_fu_226           |    3    |   128   |   135   |
|   fmul   |            grp_fu_230           |    3    |   128   |   135   |
|          |            grp_fu_234           |    3    |   128   |   135   |
|          |            grp_fu_238           |    3    |   128   |   135   |
|----------|---------------------------------|---------|---------|---------|
| sparsemux|            tmp_fu_291           |    0    |    0    |    20   |
|----------|---------------------------------|---------|---------|---------|
|   icmp   |         icmp_ln35_fu_250        |    0    |    0    |    10   |
|----------|---------------------------------|---------|---------|---------|
|    add   |         add_ln35_fu_256         |    0    |    0    |    10   |
|----------|---------------------------------|---------|---------|---------|
|          |  bitcast_ln40_3_read_read_fu_82 |    0    |    0    |    0    |
|          |  bitcast_ln40_2_read_read_fu_88 |    0    |    0    |    0    |
|          |  bitcast_ln40_1_read_read_fu_94 |    0    |    0    |    0    |
|   read   |  bitcast_ln40_read_read_fu_100  |    0    |    0    |    0    |
|          | bitcast_ln37_3_read_read_fu_106 |    0    |    0    |    0    |
|          | bitcast_ln37_2_read_read_fu_112 |    0    |    0    |    0    |
|          | bitcast_ln37_1_read_read_fu_118 |    0    |    0    |    0    |
|          |  bitcast_ln37_read_read_fu_124  |    0    |    0    |    0    |
|----------|---------------------------------|---------|---------|---------|
|          |     write_ln40_write_fu_130     |    0    |    0    |    0    |
|   write  |     write_ln40_write_fu_137     |    0    |    0    |    0    |
|          |     write_ln40_write_fu_144     |    0    |    0    |    0    |
|          |     write_ln40_write_fu_151     |    0    |    0    |    0    |
|----------|---------------------------------|---------|---------|---------|
|   zext   |         zext_ln35_fu_262        |    0    |    0    |    0    |
|----------|---------------------------------|---------|---------|---------|
|   trunc  |        trunc_ln35_fu_267        |    0    |    0    |    0    |
|----------|---------------------------------|---------|---------|---------|
|  switch  |        switch_ln40_fu_271       |    0    |    0    |    0    |
|----------|---------------------------------|---------|---------|---------|
|   Total  |                                 |    20   |   1420  |   1436  |
|----------|---------------------------------|---------|---------|---------|

Memories:
N/A

* Register list:
+---------------------------+--------+
|                           |   FF   |
+---------------------------+--------+
|      A_0_addr_reg_397     |    2   |
|      A_1_addr_reg_417     |    2   |
|      A_2_addr_reg_437     |    2   |
|      A_3_addr_reg_457     |    2   |
|      add23_1_reg_447      |   32   |
|      add23_2_reg_467      |   32   |
|        add_reg_427        |   32   |
|bitcast_ln37_1_read_reg_371|   32   |
|bitcast_ln37_2_read_reg_366|   32   |
|bitcast_ln37_3_read_reg_361|   32   |
| bitcast_ln37_read_reg_376 |   32   |
|bitcast_ln40_1_read_reg_351|   32   |
|bitcast_ln40_2_read_reg_346|   32   |
|bitcast_ln40_3_read_reg_341|   32   |
|   bitcast_ln40_4_reg_402  |   32   |
|   bitcast_ln40_5_reg_422  |   32   |
|   bitcast_ln40_6_reg_442  |   32   |
|   bitcast_ln40_7_reg_462  |   32   |
| bitcast_ln40_read_reg_356 |   32   |
|         i_reg_334         |    3   |
|     icmp_ln35_reg_381     |    1   |
|       mul_1_reg_432       |   32   |
|       mul_2_reg_452       |   32   |
|       mul_3_reg_472       |   32   |
|        mul_reg_407        |   32   |
|        tmp_reg_412        |   32   |
|     trunc_ln35_reg_392    |    2   |
|     zext_ln35_reg_385     |   64   |
+---------------------------+--------+
|           Total           |   718  |
+---------------------------+--------+

* Multiplexer (MUX) list: 
|-------------------|------|------|------|--------||---------||---------||---------|
|        Comp       |  Pin | Size |  BW  | S x BW ||  Delay  ||    FF   ||   LUT   |
|-------------------|------|------|------|--------||---------||---------||---------|
| grp_access_fu_165 |  p0  |   2  |   2  |    4   ||    0    ||    9    |
| grp_access_fu_178 |  p0  |   2  |   2  |    4   ||    0    ||    9    |
| grp_access_fu_191 |  p0  |   2  |   2  |    4   ||    0    ||    9    |
| grp_access_fu_204 |  p0  |   2  |   2  |    4   ||    0    ||    9    |
|     grp_fu_210    |  p0  |   2  |  32  |   64   ||    0    ||    9    |
|     grp_fu_226    |  p0  |   2  |  32  |   64   ||    0    ||    9    |
|     grp_fu_230    |  p0  |   2  |  32  |   64   ||    0    ||    9    |
|     grp_fu_234    |  p0  |   2  |  32  |   64   ||    0    ||    9    |
|     grp_fu_238    |  p0  |   2  |  32  |   64   ||    0    ||    9    |
|-------------------|------|------|------|--------||---------||---------||---------|
|       Total       |      |      |      |   336  ||  3.843  ||    0    ||    81   |
|-------------------|------|------|------|--------||---------||---------||---------|



* Summary:
+-----------+--------+--------+--------+--------+
|           |   DSP  |  Delay |   FF   |   LUT  |
+-----------+--------+--------+--------+--------+
|  Function |   20   |    -   |  1420  |  1436  |
|   Memory  |    -   |    -   |    -   |    -   |
|Multiplexer|    -   |    3   |    0   |   81   |
|  Register |    -   |    -   |   718  |    -   |
+-----------+--------+--------+--------+--------+
|   Total   |   20   |    3   |  2138  |  1517  |
+-----------+--------+--------+--------+--------+
