

================================================================
== Vitis HLS Report for 'predict_kernel_Pipeline_VITIS_LOOP_59_6_VITIS_LOOP_61_7'
================================================================
* Date:           Thu Mar  5 10:37:44 2026

* Version:        2025.2 (Build 6295257 on Nov 14 2025)
* Project:        HLS_Report
* Solution:       sol1 (Vivado IP Flow Target)
* Product family: zynquplus
* Target device:  xck26-sfvc784-2LV-c


================================================================
== Performance Estimates
================================================================
+ Timing: 
    * Summary: 
    +--------+----------+----------+------------+
    |  Clock |  Target  | Estimated| Uncertainty|
    +--------+----------+----------+------------+
    |ap_clk  |  10.00 ns|  2.407 ns|     2.70 ns|
    +--------+----------+----------+------------+

+ Latency: 
    * Summary: 
    +---------+---------+-----------+----------+-----+-----+-------------------+
    |  Latency (cycles) |  Latency (absolute)  |  Interval |      Pipeline     |
    |   min   |   max   |    min    |    max   | min | max |        Type       |
    +---------+---------+-----------+----------+-----+-----+-------------------+
    |        2|      130|  20.000 ns|  1.300 us|    0|    0|  loop pipeline stp|
    +---------+---------+-----------+----------+-----+-----+-------------------+

    + Detail: 
        * Instance: 
        N/A

        * Loop: 
        +-----------------------------------+---------+---------+----------+-----------+-----------+---------+----------+
        |                                   |  Latency (cycles) | Iteration|  Initiation Interval  |   Trip  |          |
        |             Loop Name             |   min   |   max   |  Latency |  achieved |   target  |  Count  | Pipelined|
        +-----------------------------------+---------+---------+----------+-----------+-----------+---------+----------+
        |- VITIS_LOOP_59_6_VITIS_LOOP_61_7  |        0|      128|         2|          1|          1|  0 ~ 128|       yes|
        +-----------------------------------+---------+---------+----------+-----------+-----------+---------+----------+

============================================================
+ Verbose Summary: Synthesis Manager
============================================================
InlineROM: 1
ExposeGlobal: 0
============================================================
+ Verbose Summary: CDFG Model
============================================================
IsTopModel: 0
ResetActiveHigh: 1
IsCombinational: 0
IsDatapathOnly: 0
HasWiredReturn: 1
HasMFsm: 2
HasVarLatency: 1
IsPipeline: 0
IsRtlPipelined: 0
IsInstanceOverlapped: 0
IsDontTouch: 0
HasImplIP: 0
IsGatedGlobalClock: 0

+ Individual pipeline summary: 
  * Pipeline-0: initiation interval (II) = 1, depth = 2


============================================================
+ Verbose Summary: Schedule
============================================================
* Number of FSM states : 2
* Pipeline : 1
  Pipeline-0 : II = 1, D = 2, States = { 1 2 }
* Dataflow Pipeline: 0

* FSM state transitions: 
1 --> 2 
2 --> 

* FSM state operations: 

State 1 <SV = 0> <Delay = 2.40>
ST_1 : Operation 5 [1/1] (0.00ns)   --->   "%i = alloca i32 1" [fpga_kernels.cpp:32]   --->   Operation 5 'alloca' 'i' <Predicate = true> <Delay = 0.00>
ST_1 : Operation 6 [1/1] (0.00ns)   --->   "%k = alloca i32 1" [fpga_kernels.cpp:32]   --->   Operation 6 'alloca' 'k' <Predicate = true> <Delay = 0.00>
ST_1 : Operation 7 [1/1] (0.00ns)   --->   "%indvar_flatten6 = alloca i32 1"   --->   Operation 7 'alloca' 'indvar_flatten6' <Predicate = true> <Delay = 0.00>
ST_1 : Operation 8 [1/1] (0.00ns)   --->   "%specinterface_ln0 = specinterface void @_ssdm_op_SpecInterface, i32 %H_pred_3, void @empty_1, i32 0, i32 0, void @empty_0, i32 4294967295, i32 0, void @empty_0, void @empty_0, void @empty_0, i32 0, i32 0, i32 0, i32 0, void @empty_0, void @empty_0, i32 4294967295, i32 0, i32 0, i32 0"   --->   Operation 8 'specinterface' 'specinterface_ln0' <Predicate = true> <Delay = 0.00>
ST_1 : Operation 9 [1/1] (0.00ns)   --->   "%specinterface_ln0 = specinterface void @_ssdm_op_SpecInterface, i32 %H_pred_2, void @empty_1, i32 0, i32 0, void @empty_0, i32 4294967295, i32 0, void @empty_0, void @empty_0, void @empty_0, i32 0, i32 0, i32 0, i32 0, void @empty_0, void @empty_0, i32 4294967295, i32 0, i32 0, i32 0"   --->   Operation 9 'specinterface' 'specinterface_ln0' <Predicate = true> <Delay = 0.00>
ST_1 : Operation 10 [1/1] (0.00ns)   --->   "%specinterface_ln0 = specinterface void @_ssdm_op_SpecInterface, i32 %H_pred_1, void @empty_1, i32 0, i32 0, void @empty_0, i32 4294967295, i32 0, void @empty_0, void @empty_0, void @empty_0, i32 0, i32 0, i32 0, i32 0, void @empty_0, void @empty_0, i32 4294967295, i32 0, i32 0, i32 0"   --->   Operation 10 'specinterface' 'specinterface_ln0' <Predicate = true> <Delay = 0.00>
ST_1 : Operation 11 [1/1] (0.00ns)   --->   "%specinterface_ln0 = specinterface void @_ssdm_op_SpecInterface, i32 %H_pred_0, void @empty_1, i32 0, i32 0, void @empty_0, i32 4294967295, i32 0, void @empty_0, void @empty_0, void @empty_0, i32 0, i32 0, i32 0, i32 0, void @empty_0, void @empty_0, i32 4294967295, i32 0, i32 0, i32 0"   --->   Operation 11 'specinterface' 'specinterface_ln0' <Predicate = true> <Delay = 0.00>
ST_1 : Operation 12 [1/1] (0.00ns)   --->   "%specinterface_ln0 = specinterface void @_ssdm_op_SpecInterface, i32 %H_w_3, void @empty_1, i32 0, i32 0, void @empty_0, i32 4294967295, i32 0, void @empty_0, void @empty_0, void @empty_0, i32 0, i32 0, i32 0, i32 0, void @empty_0, void @empty_0, i32 4294967295, i32 0, i32 0, i32 0"   --->   Operation 12 'specinterface' 'specinterface_ln0' <Predicate = true> <Delay = 0.00>
ST_1 : Operation 13 [1/1] (0.00ns)   --->   "%specinterface_ln0 = specinterface void @_ssdm_op_SpecInterface, i32 %H_w_2, void @empty_1, i32 0, i32 0, void @empty_0, i32 4294967295, i32 0, void @empty_0, void @empty_0, void @empty_0, i32 0, i32 0, i32 0, i32 0, void @empty_0, void @empty_0, i32 4294967295, i32 0, i32 0, i32 0"   --->   Operation 13 'specinterface' 'specinterface_ln0' <Predicate = true> <Delay = 0.00>
ST_1 : Operation 14 [1/1] (0.00ns)   --->   "%specinterface_ln0 = specinterface void @_ssdm_op_SpecInterface, i32 %H_w_1, void @empty_1, i32 0, i32 0, void @empty_0, i32 4294967295, i32 0, void @empty_0, void @empty_0, void @empty_0, i32 0, i32 0, i32 0, i32 0, void @empty_0, void @empty_0, i32 4294967295, i32 0, i32 0, i32 0"   --->   Operation 14 'specinterface' 'specinterface_ln0' <Predicate = true> <Delay = 0.00>
ST_1 : Operation 15 [1/1] (0.00ns)   --->   "%specinterface_ln0 = specinterface void @_ssdm_op_SpecInterface, i32 %H_w_0, void @empty_1, i32 0, i32 0, void @empty_0, i32 4294967295, i32 0, void @empty_0, void @empty_0, void @empty_0, i32 0, i32 0, i32 0, i32 0, void @empty_0, void @empty_0, i32 4294967295, i32 0, i32 0, i32 0"   --->   Operation 15 'specinterface' 'specinterface_ln0' <Predicate = true> <Delay = 0.00>
ST_1 : Operation 16 [1/1] (0.00ns)   --->   "%tmp = read i5 @_ssdm_op_Read.ap_auto.i5, i5 %empty"   --->   Operation 16 'read' 'tmp' <Predicate = true> <Delay = 0.00>
ST_1 : Operation 17 [1/1] (0.00ns)   --->   "%tmp_5_read = read i8 @_ssdm_op_Read.ap_auto.i8, i8 %tmp_5"   --->   Operation 17 'read' 'tmp_5_read' <Predicate = true> <Delay = 0.00>
ST_1 : Operation 18 [1/1] (0.42ns)   --->   "%store_ln0 = store i8 0, i8 %indvar_flatten6"   --->   Operation 18 'store' 'store_ln0' <Predicate = true> <Delay = 0.42>
ST_1 : Operation 19 [1/1] (0.42ns)   --->   "%store_ln32 = store i6 0, i6 %k" [fpga_kernels.cpp:32]   --->   Operation 19 'store' 'store_ln32' <Predicate = true> <Delay = 0.42>
ST_1 : Operation 20 [1/1] (0.42ns)   --->   "%store_ln32 = store i3 0, i3 %i" [fpga_kernels.cpp:32]   --->   Operation 20 'store' 'store_ln32' <Predicate = true> <Delay = 0.42>
ST_1 : Operation 21 [1/1] (0.00ns)   --->   "%br_ln0 = br void %for.inc78"   --->   Operation 21 'br' 'br_ln0' <Predicate = true> <Delay = 0.00>
ST_1 : Operation 22 [1/1] (0.00ns)   --->   "%indvar_flatten6_load = load i8 %indvar_flatten6" [fpga_kernels.cpp:59]   --->   Operation 22 'load' 'indvar_flatten6_load' <Predicate = true> <Delay = 0.00>
ST_1 : Operation 23 [1/1] (0.76ns)   --->   "%icmp_ln59 = icmp_eq  i8 %indvar_flatten6_load, i8 %tmp_5_read" [fpga_kernels.cpp:59]   --->   Operation 23 'icmp' 'icmp_ln59' <Predicate = true> <Delay = 0.76> <CoreInst = "Cmp">   --->   Core 9 'Cmp' <Latency = 0> <II = 1> <Delay = 0.76> <FuncUnit> <Opcode : 'seteq' 'setne' 'setle' 'setge' 'setlt' 'setgt'> <InPorts = 2> <OutPorts = 1>
ST_1 : Operation 24 [1/1] (0.76ns)   --->   "%add_ln59 = add i8 %indvar_flatten6_load, i8 1" [fpga_kernels.cpp:59]   --->   Operation 24 'add' 'add_ln59' <Predicate = true> <Delay = 0.76> <CoreInst = "Adder">   --->   Core 1 'Adder' <Latency = 0> <II = 1> <Delay = 0.76> <FuncUnit> <Opcode : 'add' 'sub'> <InPorts = 2> <OutPorts = 1>
ST_1 : Operation 25 [1/1] (0.00ns)   --->   "%br_ln59 = br i1 %icmp_ln59, void %for.inc81, void %for.end83.exitStub" [fpga_kernels.cpp:59]   --->   Operation 25 'br' 'br_ln59' <Predicate = true> <Delay = 0.00>
ST_1 : Operation 26 [1/1] (0.00ns)   --->   "%i_load = load i3 %i" [fpga_kernels.cpp:61]   --->   Operation 26 'load' 'i_load' <Predicate = (!icmp_ln59)> <Delay = 0.00>
ST_1 : Operation 27 [1/1] (0.00ns)   --->   "%k_load = load i6 %k" [fpga_kernels.cpp:59]   --->   Operation 27 'load' 'k_load' <Predicate = (!icmp_ln59)> <Delay = 0.00>
ST_1 : Operation 28 [1/1] (0.67ns)   --->   "%icmp_ln61 = icmp_eq  i3 %i_load, i3 4" [fpga_kernels.cpp:61]   --->   Operation 28 'icmp' 'icmp_ln61' <Predicate = (!icmp_ln59)> <Delay = 0.67> <CoreInst = "Cmp">   --->   Core 9 'Cmp' <Latency = 0> <II = 1> <Delay = 0.67> <FuncUnit> <Opcode : 'seteq' 'setne' 'setle' 'setge' 'setlt' 'setgt'> <InPorts = 2> <OutPorts = 1>
ST_1 : Operation 29 [1/1] (0.20ns)   --->   "%select_ln32 = select i1 %icmp_ln61, i3 0, i3 %i_load" [fpga_kernels.cpp:32]   --->   Operation 29 'select' 'select_ln32' <Predicate = (!icmp_ln59)> <Delay = 0.20> <CoreInst = "Sel">   --->   Core 73 'Sel' <Latency = 0> <II = 1> <Delay = 0.20> <FuncUnit> <Opcode : 'select'> <InPorts = 3> <OutPorts = 1>
ST_1 : Operation 30 [1/1] (0.78ns)   --->   "%add_ln59_1 = add i6 %k_load, i6 1" [fpga_kernels.cpp:59]   --->   Operation 30 'add' 'add_ln59_1' <Predicate = (!icmp_ln59)> <Delay = 0.78> <CoreInst = "Adder">   --->   Core 1 'Adder' <Latency = 0> <II = 1> <Delay = 0.78> <FuncUnit> <Opcode : 'add' 'sub'> <InPorts = 2> <OutPorts = 1>
ST_1 : Operation 31 [1/1] (0.38ns)   --->   "%select_ln59 = select i1 %icmp_ln61, i6 %add_ln59_1, i6 %k_load" [fpga_kernels.cpp:59]   --->   Operation 31 'select' 'select_ln59' <Predicate = (!icmp_ln59)> <Delay = 0.38> <CoreInst = "Sel">   --->   Core 73 'Sel' <Latency = 0> <II = 1> <Delay = 0.38> <FuncUnit> <Opcode : 'select'> <InPorts = 3> <OutPorts = 1>
ST_1 : Operation 32 [1/1] (0.00ns)   --->   "%zext_ln59 = zext i6 %select_ln59" [fpga_kernels.cpp:59]   --->   Operation 32 'zext' 'zext_ln59' <Predicate = (!icmp_ln59)> <Delay = 0.00>
ST_1 : Operation 33 [1/1] (0.00ns)   --->   "%trunc_ln59 = trunc i6 %select_ln59" [fpga_kernels.cpp:59]   --->   Operation 33 'trunc' 'trunc_ln59' <Predicate = (!icmp_ln59)> <Delay = 0.00>
ST_1 : Operation 34 [1/1] (0.78ns)   --->   "%add_ln63 = add i5 %trunc_ln59, i5 %tmp" [fpga_kernels.cpp:63]   --->   Operation 34 'add' 'add_ln63' <Predicate = (!icmp_ln59)> <Delay = 0.78> <CoreInst = "Adder">   --->   Core 1 'Adder' <Latency = 0> <II = 1> <Delay = 0.78> <FuncUnit> <Opcode : 'add' 'sub'> <InPorts = 2> <OutPorts = 1>
ST_1 : Operation 35 [1/1] (0.00ns)   --->   "%H_w_0_addr = getelementptr i32 %H_w_0, i64 0, i64 %zext_ln59" [fpga_kernels.cpp:63]   --->   Operation 35 'getelementptr' 'H_w_0_addr' <Predicate = (!icmp_ln59)> <Delay = 0.00>
ST_1 : Operation 36 [2/2] (0.00ns)   --->   "%H_w_0_load = load i5 %H_w_0_addr" [fpga_kernels.cpp:63]   --->   Operation 36 'load' 'H_w_0_load' <Predicate = (!icmp_ln59)> <Delay = 0.00> <CoreInst = "RAM">   --->   Core 82 'RAM' <Latency = 1> <II = 1> <Delay = 1.23> <Storage> <Opcode : 'load' 'store'> <Ports = 2> <Width = 32> <Depth = 32> <RAM>
ST_1 : Operation 37 [1/1] (0.00ns)   --->   "%H_w_1_addr = getelementptr i32 %H_w_1, i64 0, i64 %zext_ln59" [fpga_kernels.cpp:63]   --->   Operation 37 'getelementptr' 'H_w_1_addr' <Predicate = (!icmp_ln59)> <Delay = 0.00>
ST_1 : Operation 38 [2/2] (0.00ns)   --->   "%H_w_1_load = load i5 %H_w_1_addr" [fpga_kernels.cpp:63]   --->   Operation 38 'load' 'H_w_1_load' <Predicate = (!icmp_ln59)> <Delay = 0.00> <CoreInst = "RAM">   --->   Core 82 'RAM' <Latency = 1> <II = 1> <Delay = 1.23> <Storage> <Opcode : 'load' 'store'> <Ports = 2> <Width = 32> <Depth = 32> <RAM>
ST_1 : Operation 39 [1/1] (0.00ns)   --->   "%H_w_2_addr = getelementptr i32 %H_w_2, i64 0, i64 %zext_ln59" [fpga_kernels.cpp:63]   --->   Operation 39 'getelementptr' 'H_w_2_addr' <Predicate = (!icmp_ln59)> <Delay = 0.00>
ST_1 : Operation 40 [2/2] (0.00ns)   --->   "%H_w_2_load = load i5 %H_w_2_addr" [fpga_kernels.cpp:63]   --->   Operation 40 'load' 'H_w_2_load' <Predicate = (!icmp_ln59)> <Delay = 0.00> <CoreInst = "RAM">   --->   Core 82 'RAM' <Latency = 1> <II = 1> <Delay = 1.23> <Storage> <Opcode : 'load' 'store'> <Ports = 2> <Width = 32> <Depth = 32> <RAM>
ST_1 : Operation 41 [1/1] (0.00ns)   --->   "%H_w_3_addr = getelementptr i32 %H_w_3, i64 0, i64 %zext_ln59" [fpga_kernels.cpp:63]   --->   Operation 41 'getelementptr' 'H_w_3_addr' <Predicate = (!icmp_ln59)> <Delay = 0.00>
ST_1 : Operation 42 [2/2] (0.00ns)   --->   "%H_w_3_load = load i5 %H_w_3_addr" [fpga_kernels.cpp:63]   --->   Operation 42 'load' 'H_w_3_load' <Predicate = (!icmp_ln59)> <Delay = 0.00> <CoreInst = "RAM">   --->   Core 82 'RAM' <Latency = 1> <II = 1> <Delay = 1.23> <Storage> <Opcode : 'load' 'store'> <Ports = 2> <Width = 32> <Depth = 32> <RAM>
ST_1 : Operation 43 [1/1] (0.00ns)   --->   "%trunc_ln61 = trunc i3 %select_ln32" [fpga_kernels.cpp:61]   --->   Operation 43 'trunc' 'trunc_ln61' <Predicate = (!icmp_ln59)> <Delay = 0.00>
ST_1 : Operation 44 [1/1] (0.54ns)   --->   "%switch_ln63 = switch i2 %trunc_ln61, void %arrayidx77211.case.3, i2 0, void %arrayidx77211.case.0, i2 1, void %arrayidx77211.case.1, i2 2, void %arrayidx77211.case.2" [fpga_kernels.cpp:63]   --->   Operation 44 'switch' 'switch_ln63' <Predicate = (!icmp_ln59)> <Delay = 0.54>
ST_1 : Operation 45 [1/1] (0.67ns)   --->   "%add_ln61 = add i3 %select_ln32, i3 1" [fpga_kernels.cpp:61]   --->   Operation 45 'add' 'add_ln61' <Predicate = (!icmp_ln59)> <Delay = 0.67> <CoreInst = "Adder">   --->   Core 1 'Adder' <Latency = 0> <II = 1> <Delay = 0.67> <FuncUnit> <Opcode : 'add' 'sub'> <InPorts = 2> <OutPorts = 1>
ST_1 : Operation 46 [1/1] (0.42ns)   --->   "%store_ln59 = store i8 %add_ln59, i8 %indvar_flatten6" [fpga_kernels.cpp:59]   --->   Operation 46 'store' 'store_ln59' <Predicate = (!icmp_ln59)> <Delay = 0.42>
ST_1 : Operation 47 [1/1] (0.42ns)   --->   "%store_ln32 = store i6 %select_ln59, i6 %k" [fpga_kernels.cpp:32]   --->   Operation 47 'store' 'store_ln32' <Predicate = (!icmp_ln59)> <Delay = 0.42>
ST_1 : Operation 48 [1/1] (0.42ns)   --->   "%store_ln32 = store i3 %add_ln61, i3 %i" [fpga_kernels.cpp:32]   --->   Operation 48 'store' 'store_ln32' <Predicate = (!icmp_ln59)> <Delay = 0.42>
ST_1 : Operation 49 [1/1] (0.00ns)   --->   "%br_ln61 = br void %for.inc78" [fpga_kernels.cpp:61]   --->   Operation 49 'br' 'br_ln61' <Predicate = (!icmp_ln59)> <Delay = 0.00>
ST_1 : Operation 76 [1/1] (0.42ns)   --->   "%ret_ln0 = ret"   --->   Operation 76 'ret' 'ret_ln0' <Predicate = (icmp_ln59)> <Delay = 0.42>

State 2 <SV = 1> <Delay = 0.52>
ST_2 : Operation 50 [1/1] (0.00ns)   --->   "%specloopname_ln0 = specloopname void @_ssdm_op_SpecLoopName, void @VITIS_LOOP_59_6_VITIS_LOOP_61_7_str"   --->   Operation 50 'specloopname' 'specloopname_ln0' <Predicate = true> <Delay = 0.00>
ST_2 : Operation 51 [1/1] (0.00ns)   --->   "%speclooptripcount_ln0 = speclooptripcount void @_ssdm_op_SpecLoopTripCount, i64 0, i64 128, i64 64"   --->   Operation 51 'speclooptripcount' 'speclooptripcount_ln0' <Predicate = true> <Delay = 0.00>
ST_2 : Operation 52 [1/1] (0.00ns)   --->   "%zext_ln63 = zext i5 %add_ln63" [fpga_kernels.cpp:63]   --->   Operation 52 'zext' 'zext_ln63' <Predicate = true> <Delay = 0.00>
ST_2 : Operation 53 [1/2] ( I:0.00ns O:0.00ns )   --->   "%H_w_0_load = load i5 %H_w_0_addr" [fpga_kernels.cpp:63]   --->   Operation 53 'load' 'H_w_0_load' <Predicate = true> <Delay = 0.00> <CoreInst = "RAM">   --->   Core 82 'RAM' <Latency = 1> <II = 1> <Delay = 1.23> <Storage> <Opcode : 'load' 'store'> <Ports = 2> <Width = 32> <Depth = 32> <RAM>
ST_2 : Operation 54 [1/1] (0.00ns)   --->   "%bitcast_ln63 = bitcast i32 %H_w_0_load" [fpga_kernels.cpp:63]   --->   Operation 54 'bitcast' 'bitcast_ln63' <Predicate = (trunc_ln61 == 0)> <Delay = 0.00>
ST_2 : Operation 55 [1/2] ( I:0.00ns O:0.00ns )   --->   "%H_w_1_load = load i5 %H_w_1_addr" [fpga_kernels.cpp:63]   --->   Operation 55 'load' 'H_w_1_load' <Predicate = true> <Delay = 0.00> <CoreInst = "RAM">   --->   Core 82 'RAM' <Latency = 1> <II = 1> <Delay = 1.23> <Storage> <Opcode : 'load' 'store'> <Ports = 2> <Width = 32> <Depth = 32> <RAM>
ST_2 : Operation 56 [1/1] (0.00ns)   --->   "%bitcast_ln63_1 = bitcast i32 %H_w_1_load" [fpga_kernels.cpp:63]   --->   Operation 56 'bitcast' 'bitcast_ln63_1' <Predicate = (trunc_ln61 == 1)> <Delay = 0.00>
ST_2 : Operation 57 [1/2] ( I:0.00ns O:0.00ns )   --->   "%H_w_2_load = load i5 %H_w_2_addr" [fpga_kernels.cpp:63]   --->   Operation 57 'load' 'H_w_2_load' <Predicate = true> <Delay = 0.00> <CoreInst = "RAM">   --->   Core 82 'RAM' <Latency = 1> <II = 1> <Delay = 1.23> <Storage> <Opcode : 'load' 'store'> <Ports = 2> <Width = 32> <Depth = 32> <RAM>
ST_2 : Operation 58 [1/1] (0.00ns)   --->   "%bitcast_ln63_2 = bitcast i32 %H_w_2_load" [fpga_kernels.cpp:63]   --->   Operation 58 'bitcast' 'bitcast_ln63_2' <Predicate = (trunc_ln61 == 2)> <Delay = 0.00>
ST_2 : Operation 59 [1/2] ( I:0.00ns O:0.00ns )   --->   "%H_w_3_load = load i5 %H_w_3_addr" [fpga_kernels.cpp:63]   --->   Operation 59 'load' 'H_w_3_load' <Predicate = true> <Delay = 0.00> <CoreInst = "RAM">   --->   Core 82 'RAM' <Latency = 1> <II = 1> <Delay = 1.23> <Storage> <Opcode : 'load' 'store'> <Ports = 2> <Width = 32> <Depth = 32> <RAM>
ST_2 : Operation 60 [1/1] (0.00ns)   --->   "%bitcast_ln63_3 = bitcast i32 %H_w_3_load" [fpga_kernels.cpp:63]   --->   Operation 60 'bitcast' 'bitcast_ln63_3' <Predicate = (trunc_ln61 == 3)> <Delay = 0.00>
ST_2 : Operation 61 [1/1] (0.00ns)   --->   "%H_pred_3_addr = getelementptr i32 %H_pred_3, i64 0, i64 %zext_ln63" [fpga_kernels.cpp:63]   --->   Operation 61 'getelementptr' 'H_pred_3_addr' <Predicate = true> <Delay = 0.00>
ST_2 : Operation 62 [1/1] (0.00ns)   --->   "%H_pred_0_addr = getelementptr i32 %H_pred_0, i64 0, i64 %zext_ln63" [fpga_kernels.cpp:63]   --->   Operation 62 'getelementptr' 'H_pred_0_addr' <Predicate = true> <Delay = 0.00>
ST_2 : Operation 63 [1/1] (0.00ns)   --->   "%H_pred_1_addr = getelementptr i32 %H_pred_1, i64 0, i64 %zext_ln63" [fpga_kernels.cpp:63]   --->   Operation 63 'getelementptr' 'H_pred_1_addr' <Predicate = true> <Delay = 0.00>
ST_2 : Operation 64 [1/1] (0.00ns)   --->   "%H_pred_2_addr = getelementptr i32 %H_pred_2, i64 0, i64 %zext_ln63" [fpga_kernels.cpp:63]   --->   Operation 64 'getelementptr' 'H_pred_2_addr' <Predicate = true> <Delay = 0.00>
ST_2 : Operation 65 [1/1] (0.00ns)   --->   "%specpipeline_ln62 = specpipeline void @_ssdm_op_SpecPipeline, i32 1, i32 0, i32 0, i32 0, i32 4294967295, void @empty_0" [fpga_kernels.cpp:62]   --->   Operation 65 'specpipeline' 'specpipeline_ln62' <Predicate = true> <Delay = 0.00>
ST_2 : Operation 66 [1/1] (0.52ns)   --->   "%tmp_1 = sparsemux i32 @_ssdm_op_SparseMux.ap_auto.4float.float.i2, i2 0, i32 %bitcast_ln63, i2 1, i32 %bitcast_ln63_1, i2 2, i32 %bitcast_ln63_2, i2 3, i32 %bitcast_ln63_3, i32 <undef>, i2 %trunc_ln61" [fpga_kernels.cpp:63]   --->   Operation 66 'sparsemux' 'tmp_1' <Predicate = true> <Delay = 0.52> <CoreInst = "BinarySparseMux_DontCare">   --->   Core 149 'BinarySparseMux_DontCare' <Latency = 0> <II = 1> <Delay = 0.52> <FuncUnit> <Opcode : 'sparsemux'> <InPorts = 2> <OutPorts = 1>
ST_2 : Operation 67 [1/1] (0.00ns)   --->   "%bitcast_ln63_4 = bitcast i32 %tmp_1" [fpga_kernels.cpp:63]   --->   Operation 67 'bitcast' 'bitcast_ln63_4' <Predicate = true> <Delay = 0.00>
ST_2 : Operation 68 [1/1] ( I:0.00ns O:0.00ns )   --->   "%store_ln63 = store i32 %bitcast_ln63_4, i5 %H_pred_2_addr" [fpga_kernels.cpp:63]   --->   Operation 68 'store' 'store_ln63' <Predicate = (trunc_ln61 == 2)> <Delay = 0.00> <CoreInst = "RAM">   --->   Core 82 'RAM' <Latency = 1> <II = 1> <Delay = 1.23> <Storage> <Opcode : 'load' 'store'> <Ports = 2> <Width = 32> <Depth = 32> <RAM>
ST_2 : Operation 69 [1/1] (0.00ns)   --->   "%br_ln63 = br void %arrayidx77211.exit" [fpga_kernels.cpp:63]   --->   Operation 69 'br' 'br_ln63' <Predicate = (trunc_ln61 == 2)> <Delay = 0.00>
ST_2 : Operation 70 [1/1] ( I:0.00ns O:0.00ns )   --->   "%store_ln63 = store i32 %bitcast_ln63_4, i5 %H_pred_1_addr" [fpga_kernels.cpp:63]   --->   Operation 70 'store' 'store_ln63' <Predicate = (trunc_ln61 == 1)> <Delay = 0.00> <CoreInst = "RAM">   --->   Core 82 'RAM' <Latency = 1> <II = 1> <Delay = 1.23> <Storage> <Opcode : 'load' 'store'> <Ports = 2> <Width = 32> <Depth = 32> <RAM>
ST_2 : Operation 71 [1/1] (0.00ns)   --->   "%br_ln63 = br void %arrayidx77211.exit" [fpga_kernels.cpp:63]   --->   Operation 71 'br' 'br_ln63' <Predicate = (trunc_ln61 == 1)> <Delay = 0.00>
ST_2 : Operation 72 [1/1] ( I:0.00ns O:0.00ns )   --->   "%store_ln63 = store i32 %bitcast_ln63_4, i5 %H_pred_0_addr" [fpga_kernels.cpp:63]   --->   Operation 72 'store' 'store_ln63' <Predicate = (trunc_ln61 == 0)> <Delay = 0.00> <CoreInst = "RAM">   --->   Core 82 'RAM' <Latency = 1> <II = 1> <Delay = 1.23> <Storage> <Opcode : 'load' 'store'> <Ports = 2> <Width = 32> <Depth = 32> <RAM>
ST_2 : Operation 73 [1/1] (0.00ns)   --->   "%br_ln63 = br void %arrayidx77211.exit" [fpga_kernels.cpp:63]   --->   Operation 73 'br' 'br_ln63' <Predicate = (trunc_ln61 == 0)> <Delay = 0.00>
ST_2 : Operation 74 [1/1] ( I:0.00ns O:0.00ns )   --->   "%store_ln63 = store i32 %bitcast_ln63_4, i5 %H_pred_3_addr" [fpga_kernels.cpp:63]   --->   Operation 74 'store' 'store_ln63' <Predicate = (trunc_ln61 == 3)> <Delay = 0.00> <CoreInst = "RAM">   --->   Core 82 'RAM' <Latency = 1> <II = 1> <Delay = 1.23> <Storage> <Opcode : 'load' 'store'> <Ports = 2> <Width = 32> <Depth = 32> <RAM>
ST_2 : Operation 75 [1/1] (0.00ns)   --->   "%br_ln63 = br void %arrayidx77211.exit" [fpga_kernels.cpp:63]   --->   Operation 75 'br' 'br_ln63' <Predicate = (trunc_ln61 == 3)> <Delay = 0.00>


============================================================
+ Verbose Summary: Timing violations
============================================================
Target clock period: 10.000ns, clock uncertainty: 2.700ns.

 <State 1>: 2.407ns
The critical path consists of the following:
	'store' operation ('store_ln32', fpga_kernels.cpp:32) of constant 0 3 bit on local variable 'i', fpga_kernels.cpp:32 [26]  (0.427 ns)
	'load' operation 3 bit ('i_load', fpga_kernels.cpp:61) on local variable 'i', fpga_kernels.cpp:32 [34]  (0.000 ns)
	'icmp' operation 1 bit ('icmp_ln61', fpga_kernels.cpp:61) [38]  (0.673 ns)
	'select' operation 3 bit ('select_ln32', fpga_kernels.cpp:32) [39]  (0.208 ns)
	'add' operation 3 bit ('add_ln61', fpga_kernels.cpp:61) [80]  (0.673 ns)
	'store' operation ('store_ln32', fpga_kernels.cpp:32) of variable 'add_ln61', fpga_kernels.cpp:61 3 bit on local variable 'i', fpga_kernels.cpp:32 [83]  (0.427 ns)

 <State 2>: 0.525ns
The critical path consists of the following:
	'load' operation 32 bit ('H_w_0_load', fpga_kernels.cpp:63) on array 'H_w_0' [47]  (0.000 ns)
	'sparsemux' operation 32 bit ('tmp_1', fpga_kernels.cpp:63) [64]  (0.525 ns)
	'store' operation ('store_ln63', fpga_kernels.cpp:63) of variable 'bitcast_ln63_4', fpga_kernels.cpp:63 32 bit on array 'H_pred_2' [68]  (0.000 ns)


============================================================
+ Verbose Summary: Binding
============================================================
N/A
* FSMD analyzer results:
  - Output states:
 - Input state : 
  - Chain level:
	State 1
	State 2


============================================================
+ Verbose Summary: Datapath Resource usage 
============================================================
N/A
