

================================================================
== Vitis HLS Report for 'predict_kernel_Pipeline_VITIS_LOOP_35_1'
================================================================
* Date:           Thu Mar  5 10:37:44 2026

* Version:        2025.2 (Build 6295257 on Nov 14 2025)
* Project:        HLS_Report
* Solution:       sol1 (Vivado IP Flow Target)
* Product family: zynquplus
* Target device:  xck26-sfvc784-2LV-c


================================================================
== Performance Estimates
================================================================
+ Timing: 
    * Summary: 
    +--------+----------+----------+------------+
    |  Clock |  Target  | Estimated| Uncertainty|
    +--------+----------+----------+------------+
    |ap_clk  |  10.00 ns|  7.016 ns|     2.70 ns|
    +--------+----------+----------+------------+

+ Latency: 
    * Summary: 
    +---------+---------+----------+----------+-----+-----+-------------------+
    |  Latency (cycles) |  Latency (absolute) |  Interval |      Pipeline     |
    |   min   |   max   |    min   |    max   | min | max |        Type       |
    +---------+---------+----------+----------+-----+-----+-------------------+
    |       24|       24|  0.240 us|  0.240 us|    0|    0|  loop pipeline stp|
    +---------+---------+----------+----------+-----+-----+-------------------+

    + Detail: 
        * Instance: 
        N/A

        * Loop: 
        +-------------------+---------+---------+----------+-----------+-----------+------+----------+
        |                   |  Latency (cycles) | Iteration|  Initiation Interval  | Trip |          |
        |     Loop Name     |   min   |   max   |  Latency |  achieved |   target  | Count| Pipelined|
        +-------------------+---------+---------+----------+-----------+-----------+------+----------+
        |- VITIS_LOOP_35_1  |       22|       22|        20|          1|          1|     4|       yes|
        +-------------------+---------+---------+----------+-----------+-----------+------+----------+

============================================================
+ Verbose Summary: Synthesis Manager
============================================================
InlineROM: 1
ExposeGlobal: 0
============================================================
+ Verbose Summary: CDFG Model
============================================================
IsTopModel: 0
ResetActiveHigh: 1
IsCombinational: 0
IsDatapathOnly: 0
HasWiredReturn: 1
HasMFsm: 2
HasVarLatency: 1
IsPipeline: 0
IsRtlPipelined: 0
IsInstanceOverlapped: 0
IsDontTouch: 0
HasImplIP: 0
IsGatedGlobalClock: 0

+ Individual pipeline summary: 
  * Pipeline-0: initiation interval (II) = 1, depth = 20


============================================================
+ Verbose Summary: Schedule
============================================================
* Number of FSM states : 20
* Pipeline : 1
  Pipeline-0 : II = 1, D = 20, States = { 1 2 3 4 5 6 7 8 9 10 11 12 13 14 15 16 17 18 19 20 }
* Dataflow Pipeline: 0

* FSM state transitions: 
1 --> 2 
2 --> 3 
3 --> 4 
4 --> 5 
5 --> 6 
6 --> 7 
7 --> 8 
8 --> 9 
9 --> 10 
10 --> 11 
11 --> 12 
12 --> 13 
13 --> 14 
14 --> 15 
15 --> 16 
16 --> 17 
17 --> 18 
18 --> 19 
19 --> 20 
20 --> 

* FSM state operations: 

State 1 <SV = 0> <Delay = 1.52>
ST_1 : Operation 23 [1/1] (0.00ns)   --->   "%i = alloca i32 1" [fpga_kernels.cpp:32]   --->   Operation 23 'alloca' 'i' <Predicate = true> <Delay = 0.00>
ST_1 : Operation 24 [1/1] (0.00ns)   --->   "%specinterface_ln0 = specinterface void @_ssdm_op_SpecInterface, i32 %A_3, void @empty_1, i32 0, i32 0, void @empty_0, i32 4294967295, i32 0, void @empty_0, void @empty_0, void @empty_0, i32 0, i32 0, i32 0, i32 0, void @empty_0, void @empty_0, i32 4294967295, i32 0, i32 0, i32 0"   --->   Operation 24 'specinterface' 'specinterface_ln0' <Predicate = true> <Delay = 0.00>
ST_1 : Operation 25 [1/1] (0.00ns)   --->   "%specinterface_ln0 = specinterface void @_ssdm_op_SpecInterface, i32 %A_2, void @empty_1, i32 0, i32 0, void @empty_0, i32 4294967295, i32 0, void @empty_0, void @empty_0, void @empty_0, i32 0, i32 0, i32 0, i32 0, void @empty_0, void @empty_0, i32 4294967295, i32 0, i32 0, i32 0"   --->   Operation 25 'specinterface' 'specinterface_ln0' <Predicate = true> <Delay = 0.00>
ST_1 : Operation 26 [1/1] (0.00ns)   --->   "%specinterface_ln0 = specinterface void @_ssdm_op_SpecInterface, i32 %A_1, void @empty_1, i32 0, i32 0, void @empty_0, i32 4294967295, i32 0, void @empty_0, void @empty_0, void @empty_0, i32 0, i32 0, i32 0, i32 0, void @empty_0, void @empty_0, i32 4294967295, i32 0, i32 0, i32 0"   --->   Operation 26 'specinterface' 'specinterface_ln0' <Predicate = true> <Delay = 0.00>
ST_1 : Operation 27 [1/1] (0.00ns)   --->   "%specinterface_ln0 = specinterface void @_ssdm_op_SpecInterface, i32 %A_0, void @empty_1, i32 0, i32 0, void @empty_0, i32 4294967295, i32 0, void @empty_0, void @empty_0, void @empty_0, i32 0, i32 0, i32 0, i32 0, void @empty_0, void @empty_0, i32 4294967295, i32 0, i32 0, i32 0"   --->   Operation 27 'specinterface' 'specinterface_ln0' <Predicate = true> <Delay = 0.00>
ST_1 : Operation 28 [1/1] (0.00ns)   --->   "%bitcast_ln40_3_read = read i32 @_ssdm_op_Read.ap_auto.float, i32 %bitcast_ln40_3"   --->   Operation 28 'read' 'bitcast_ln40_3_read' <Predicate = true> <Delay = 0.00>
ST_1 : Operation 29 [1/1] (0.00ns)   --->   "%bitcast_ln40_2_read = read i32 @_ssdm_op_Read.ap_auto.float, i32 %bitcast_ln40_2"   --->   Operation 29 'read' 'bitcast_ln40_2_read' <Predicate = true> <Delay = 0.00>
ST_1 : Operation 30 [1/1] (0.00ns)   --->   "%bitcast_ln40_1_read = read i32 @_ssdm_op_Read.ap_auto.float, i32 %bitcast_ln40_1"   --->   Operation 30 'read' 'bitcast_ln40_1_read' <Predicate = true> <Delay = 0.00>
ST_1 : Operation 31 [1/1] (0.00ns)   --->   "%bitcast_ln40_read = read i32 @_ssdm_op_Read.ap_auto.float, i32 %bitcast_ln40"   --->   Operation 31 'read' 'bitcast_ln40_read' <Predicate = true> <Delay = 0.00>
ST_1 : Operation 32 [1/1] (0.00ns)   --->   "%bitcast_ln37_3_read = read i32 @_ssdm_op_Read.ap_auto.float, i32 %bitcast_ln37_3"   --->   Operation 32 'read' 'bitcast_ln37_3_read' <Predicate = true> <Delay = 0.00>
ST_1 : Operation 33 [1/1] (0.00ns)   --->   "%bitcast_ln37_2_read = read i32 @_ssdm_op_Read.ap_auto.float, i32 %bitcast_ln37_2"   --->   Operation 33 'read' 'bitcast_ln37_2_read' <Predicate = true> <Delay = 0.00>
ST_1 : Operation 34 [1/1] (0.00ns)   --->   "%bitcast_ln37_1_read = read i32 @_ssdm_op_Read.ap_auto.float, i32 %bitcast_ln37_1"   --->   Operation 34 'read' 'bitcast_ln37_1_read' <Predicate = true> <Delay = 0.00>
ST_1 : Operation 35 [1/1] (0.00ns)   --->   "%bitcast_ln37_read = read i32 @_ssdm_op_Read.ap_auto.float, i32 %bitcast_ln37"   --->   Operation 35 'read' 'bitcast_ln37_read' <Predicate = true> <Delay = 0.00>
ST_1 : Operation 36 [1/1] (0.42ns)   --->   "%store_ln32 = store i3 0, i3 %i" [fpga_kernels.cpp:32]   --->   Operation 36 'store' 'store_ln32' <Predicate = true> <Delay = 0.42>
ST_1 : Operation 37 [1/1] (0.00ns)   --->   "%br_ln0 = br void %VITIS_LOOP_38_2"   --->   Operation 37 'br' 'br_ln0' <Predicate = true> <Delay = 0.00>
ST_1 : Operation 38 [1/1] (0.00ns)   --->   "%i_1 = load i3 %i" [fpga_kernels.cpp:35]   --->   Operation 38 'load' 'i_1' <Predicate = true> <Delay = 0.00>
ST_1 : Operation 39 [1/1] (0.67ns)   --->   "%icmp_ln35 = icmp_eq  i3 %i_1, i3 4" [fpga_kernels.cpp:35]   --->   Operation 39 'icmp' 'icmp_ln35' <Predicate = true> <Delay = 0.67> <CoreInst = "Cmp">   --->   Core 9 'Cmp' <Latency = 0> <II = 1> <Delay = 0.67> <FuncUnit> <Opcode : 'seteq' 'setne' 'setle' 'setge' 'setlt' 'setgt'> <InPorts = 2> <OutPorts = 1>
ST_1 : Operation 40 [1/1] (0.67ns)   --->   "%add_ln35 = add i3 %i_1, i3 1" [fpga_kernels.cpp:35]   --->   Operation 40 'add' 'add_ln35' <Predicate = true> <Delay = 0.67> <CoreInst = "Adder">   --->   Core 1 'Adder' <Latency = 0> <II = 1> <Delay = 0.67> <FuncUnit> <Opcode : 'add' 'sub'> <InPorts = 2> <OutPorts = 1>
ST_1 : Operation 41 [1/1] (0.00ns)   --->   "%br_ln35 = br i1 %icmp_ln35, void %VITIS_LOOP_38_2.split, void %VITIS_LOOP_48_4.lr.ph.exitStub" [fpga_kernels.cpp:35]   --->   Operation 41 'br' 'br_ln35' <Predicate = true> <Delay = 0.00>
ST_1 : Operation 42 [1/1] (0.00ns)   --->   "%zext_ln35 = zext i3 %i_1" [fpga_kernels.cpp:35]   --->   Operation 42 'zext' 'zext_ln35' <Predicate = (!icmp_ln35)> <Delay = 0.00>
ST_1 : Operation 43 [1/1] (0.00ns)   --->   "%trunc_ln35 = trunc i3 %i_1" [fpga_kernels.cpp:35]   --->   Operation 43 'trunc' 'trunc_ln35' <Predicate = (!icmp_ln35)> <Delay = 0.00>
ST_1 : Operation 44 [1/1] (0.00ns)   --->   "%A_0_addr = getelementptr i32 %A_0, i64 0, i64 %zext_ln35" [fpga_kernels.cpp:40]   --->   Operation 44 'getelementptr' 'A_0_addr' <Predicate = (!icmp_ln35)> <Delay = 0.00>
ST_1 : Operation 45 [2/2] (0.00ns)   --->   "%A_0_load = load i2 %A_0_addr" [fpga_kernels.cpp:40]   --->   Operation 45 'load' 'A_0_load' <Predicate = (!icmp_ln35)> <Delay = 0.00> <CoreInst = "RAM">   --->   Core 82 'RAM' <Latency = 1> <II = 1> <Delay = 0.67> <Storage> <Opcode : 'load' 'store'> <Ports = 2> <Width = 32> <Depth = 4> <RAM>
ST_1 : Operation 46 [1/1] (0.54ns)   --->   "%switch_ln40 = switch i2 %trunc_ln35, void %arrayidx115.case.3, i2 0, void %arrayidx115.case.0, i2 1, void %arrayidx115.case.1, i2 2, void %arrayidx115.case.2" [fpga_kernels.cpp:40]   --->   Operation 46 'switch' 'switch_ln40' <Predicate = (!icmp_ln35)> <Delay = 0.54>
ST_1 : Operation 47 [1/1] (0.42ns)   --->   "%store_ln32 = store i3 %add_ln35, i3 %i" [fpga_kernels.cpp:32]   --->   Operation 47 'store' 'store_ln32' <Predicate = (!icmp_ln35)> <Delay = 0.42>
ST_1 : Operation 48 [1/1] (0.00ns)   --->   "%br_ln35 = br void %VITIS_LOOP_38_2" [fpga_kernels.cpp:35]   --->   Operation 48 'br' 'br_ln35' <Predicate = (!icmp_ln35)> <Delay = 0.00>

State 2 <SV = 1> <Delay = 7.01>
ST_2 : Operation 49 [1/2] ( I:0.00ns O:0.00ns )   --->   "%A_0_load = load i2 %A_0_addr" [fpga_kernels.cpp:40]   --->   Operation 49 'load' 'A_0_load' <Predicate = true> <Delay = 0.00> <CoreInst = "RAM">   --->   Core 82 'RAM' <Latency = 1> <II = 1> <Delay = 0.67> <Storage> <Opcode : 'load' 'store'> <Ports = 2> <Width = 32> <Depth = 4> <RAM>
ST_2 : Operation 50 [1/1] (0.00ns)   --->   "%bitcast_ln40_4 = bitcast i32 %A_0_load" [fpga_kernels.cpp:40]   --->   Operation 50 'bitcast' 'bitcast_ln40_4' <Predicate = true> <Delay = 0.00>
ST_2 : Operation 51 [3/3] (7.01ns)   --->   "%mul = fmul i32 %bitcast_ln40_4, i32 %bitcast_ln40_read" [fpga_kernels.cpp:40]   --->   Operation 51 'fmul' 'mul' <Predicate = true> <Delay = 7.01> <CoreInst = "FMul_maxdsp">   --->   Core 30 'FMul_maxdsp' <Latency = 2> <II = 1> <Delay = 7.01> <FuncUnit> <Opcode : 'fmul'> <InPorts = 2> <OutPorts = 1>

State 3 <SV = 2> <Delay = 7.01>
ST_3 : Operation 52 [2/3] (7.01ns)   --->   "%mul = fmul i32 %bitcast_ln40_4, i32 %bitcast_ln40_read" [fpga_kernels.cpp:40]   --->   Operation 52 'fmul' 'mul' <Predicate = true> <Delay = 7.01> <CoreInst = "FMul_maxdsp">   --->   Core 30 'FMul_maxdsp' <Latency = 2> <II = 1> <Delay = 7.01> <FuncUnit> <Opcode : 'fmul'> <InPorts = 2> <OutPorts = 1>

State 4 <SV = 3> <Delay = 7.01>
ST_4 : Operation 53 [1/3] (7.01ns)   --->   "%mul = fmul i32 %bitcast_ln40_4, i32 %bitcast_ln40_read" [fpga_kernels.cpp:40]   --->   Operation 53 'fmul' 'mul' <Predicate = true> <Delay = 7.01> <CoreInst = "FMul_maxdsp">   --->   Core 30 'FMul_maxdsp' <Latency = 2> <II = 1> <Delay = 7.01> <FuncUnit> <Opcode : 'fmul'> <InPorts = 2> <OutPorts = 1>

State 5 <SV = 4> <Delay = 6.96>
ST_5 : Operation 54 [1/1] (0.52ns)   --->   "%tmp = sparsemux i32 @_ssdm_op_SparseMux.ap_auto.4float.float.i2, i2 0, i32 %bitcast_ln37_read, i2 1, i32 %bitcast_ln37_1_read, i2 2, i32 %bitcast_ln37_2_read, i2 3, i32 %bitcast_ln37_3_read, i32 <undef>, i2 %trunc_ln35" [fpga_kernels.cpp:37]   --->   Operation 54 'sparsemux' 'tmp' <Predicate = true> <Delay = 0.52> <CoreInst = "BinarySparseMux_DontCare">   --->   Core 149 'BinarySparseMux_DontCare' <Latency = 0> <II = 1> <Delay = 0.52> <FuncUnit> <Opcode : 'sparsemux'> <InPorts = 2> <OutPorts = 1>
ST_5 : Operation 55 [4/4] (6.43ns)   --->   "%add = fadd i32 %tmp, i32 %mul" [fpga_kernels.cpp:40]   --->   Operation 55 'fadd' 'add' <Predicate = true> <Delay = 6.43> <CoreInst = "FAddSub_fulldsp">   --->   Core 18 'FAddSub_fulldsp' <Latency = 3> <II = 1> <Delay = 6.43> <FuncUnit> <Opcode : 'fadd' 'fsub'> <InPorts = 2> <OutPorts = 1>
ST_5 : Operation 56 [1/1] (0.00ns)   --->   "%A_1_addr = getelementptr i32 %A_1, i64 0, i64 %zext_ln35" [fpga_kernels.cpp:40]   --->   Operation 56 'getelementptr' 'A_1_addr' <Predicate = true> <Delay = 0.00>
ST_5 : Operation 57 [2/2] (0.00ns)   --->   "%A_1_load = load i2 %A_1_addr" [fpga_kernels.cpp:40]   --->   Operation 57 'load' 'A_1_load' <Predicate = true> <Delay = 0.00> <CoreInst = "RAM">   --->   Core 82 'RAM' <Latency = 1> <II = 1> <Delay = 0.67> <Storage> <Opcode : 'load' 'store'> <Ports = 2> <Width = 32> <Depth = 4> <RAM>

State 6 <SV = 5> <Delay = 7.01>
ST_6 : Operation 58 [3/4] (6.43ns)   --->   "%add = fadd i32 %tmp, i32 %mul" [fpga_kernels.cpp:40]   --->   Operation 58 'fadd' 'add' <Predicate = true> <Delay = 6.43> <CoreInst = "FAddSub_fulldsp">   --->   Core 18 'FAddSub_fulldsp' <Latency = 3> <II = 1> <Delay = 6.43> <FuncUnit> <Opcode : 'fadd' 'fsub'> <InPorts = 2> <OutPorts = 1>
ST_6 : Operation 59 [1/2] ( I:0.00ns O:0.00ns )   --->   "%A_1_load = load i2 %A_1_addr" [fpga_kernels.cpp:40]   --->   Operation 59 'load' 'A_1_load' <Predicate = true> <Delay = 0.00> <CoreInst = "RAM">   --->   Core 82 'RAM' <Latency = 1> <II = 1> <Delay = 0.67> <Storage> <Opcode : 'load' 'store'> <Ports = 2> <Width = 32> <Depth = 4> <RAM>
ST_6 : Operation 60 [1/1] (0.00ns)   --->   "%bitcast_ln40_5 = bitcast i32 %A_1_load" [fpga_kernels.cpp:40]   --->   Operation 60 'bitcast' 'bitcast_ln40_5' <Predicate = true> <Delay = 0.00>
ST_6 : Operation 61 [3/3] (7.01ns)   --->   "%mul_1 = fmul i32 %bitcast_ln40_5, i32 %bitcast_ln40_1_read" [fpga_kernels.cpp:40]   --->   Operation 61 'fmul' 'mul_1' <Predicate = true> <Delay = 7.01> <CoreInst = "FMul_maxdsp">   --->   Core 30 'FMul_maxdsp' <Latency = 2> <II = 1> <Delay = 7.01> <FuncUnit> <Opcode : 'fmul'> <InPorts = 2> <OutPorts = 1>

State 7 <SV = 6> <Delay = 7.01>
ST_7 : Operation 62 [2/4] (6.43ns)   --->   "%add = fadd i32 %tmp, i32 %mul" [fpga_kernels.cpp:40]   --->   Operation 62 'fadd' 'add' <Predicate = true> <Delay = 6.43> <CoreInst = "FAddSub_fulldsp">   --->   Core 18 'FAddSub_fulldsp' <Latency = 3> <II = 1> <Delay = 6.43> <FuncUnit> <Opcode : 'fadd' 'fsub'> <InPorts = 2> <OutPorts = 1>
ST_7 : Operation 63 [2/3] (7.01ns)   --->   "%mul_1 = fmul i32 %bitcast_ln40_5, i32 %bitcast_ln40_1_read" [fpga_kernels.cpp:40]   --->   Operation 63 'fmul' 'mul_1' <Predicate = true> <Delay = 7.01> <CoreInst = "FMul_maxdsp">   --->   Core 30 'FMul_maxdsp' <Latency = 2> <II = 1> <Delay = 7.01> <FuncUnit> <Opcode : 'fmul'> <InPorts = 2> <OutPorts = 1>

State 8 <SV = 7> <Delay = 7.01>
ST_8 : Operation 64 [1/4] (6.43ns)   --->   "%add = fadd i32 %tmp, i32 %mul" [fpga_kernels.cpp:40]   --->   Operation 64 'fadd' 'add' <Predicate = true> <Delay = 6.43> <CoreInst = "FAddSub_fulldsp">   --->   Core 18 'FAddSub_fulldsp' <Latency = 3> <II = 1> <Delay = 6.43> <FuncUnit> <Opcode : 'fadd' 'fsub'> <InPorts = 2> <OutPorts = 1>
ST_8 : Operation 65 [1/3] (7.01ns)   --->   "%mul_1 = fmul i32 %bitcast_ln40_5, i32 %bitcast_ln40_1_read" [fpga_kernels.cpp:40]   --->   Operation 65 'fmul' 'mul_1' <Predicate = true> <Delay = 7.01> <CoreInst = "FMul_maxdsp">   --->   Core 30 'FMul_maxdsp' <Latency = 2> <II = 1> <Delay = 7.01> <FuncUnit> <Opcode : 'fmul'> <InPorts = 2> <OutPorts = 1>

State 9 <SV = 8> <Delay = 6.43>
ST_9 : Operation 66 [4/4] (6.43ns)   --->   "%add23_1 = fadd i32 %add, i32 %mul_1" [fpga_kernels.cpp:40]   --->   Operation 66 'fadd' 'add23_1' <Predicate = true> <Delay = 6.43> <CoreInst = "FAddSub_fulldsp">   --->   Core 18 'FAddSub_fulldsp' <Latency = 3> <II = 1> <Delay = 6.43> <FuncUnit> <Opcode : 'fadd' 'fsub'> <InPorts = 2> <OutPorts = 1>
ST_9 : Operation 67 [1/1] (0.00ns)   --->   "%A_2_addr = getelementptr i32 %A_2, i64 0, i64 %zext_ln35" [fpga_kernels.cpp:40]   --->   Operation 67 'getelementptr' 'A_2_addr' <Predicate = true> <Delay = 0.00>
ST_9 : Operation 68 [2/2] (0.00ns)   --->   "%A_2_load = load i2 %A_2_addr" [fpga_kernels.cpp:40]   --->   Operation 68 'load' 'A_2_load' <Predicate = true> <Delay = 0.00> <CoreInst = "RAM">   --->   Core 82 'RAM' <Latency = 1> <II = 1> <Delay = 0.67> <Storage> <Opcode : 'load' 'store'> <Ports = 2> <Width = 32> <Depth = 4> <RAM>

State 10 <SV = 9> <Delay = 7.01>
ST_10 : Operation 69 [3/4] (6.43ns)   --->   "%add23_1 = fadd i32 %add, i32 %mul_1" [fpga_kernels.cpp:40]   --->   Operation 69 'fadd' 'add23_1' <Predicate = true> <Delay = 6.43> <CoreInst = "FAddSub_fulldsp">   --->   Core 18 'FAddSub_fulldsp' <Latency = 3> <II = 1> <Delay = 6.43> <FuncUnit> <Opcode : 'fadd' 'fsub'> <InPorts = 2> <OutPorts = 1>
ST_10 : Operation 70 [1/2] ( I:0.00ns O:0.00ns )   --->   "%A_2_load = load i2 %A_2_addr" [fpga_kernels.cpp:40]   --->   Operation 70 'load' 'A_2_load' <Predicate = true> <Delay = 0.00> <CoreInst = "RAM">   --->   Core 82 'RAM' <Latency = 1> <II = 1> <Delay = 0.67> <Storage> <Opcode : 'load' 'store'> <Ports = 2> <Width = 32> <Depth = 4> <RAM>
ST_10 : Operation 71 [1/1] (0.00ns)   --->   "%bitcast_ln40_6 = bitcast i32 %A_2_load" [fpga_kernels.cpp:40]   --->   Operation 71 'bitcast' 'bitcast_ln40_6' <Predicate = true> <Delay = 0.00>
ST_10 : Operation 72 [3/3] (7.01ns)   --->   "%mul_2 = fmul i32 %bitcast_ln40_6, i32 %bitcast_ln40_2_read" [fpga_kernels.cpp:40]   --->   Operation 72 'fmul' 'mul_2' <Predicate = true> <Delay = 7.01> <CoreInst = "FMul_maxdsp">   --->   Core 30 'FMul_maxdsp' <Latency = 2> <II = 1> <Delay = 7.01> <FuncUnit> <Opcode : 'fmul'> <InPorts = 2> <OutPorts = 1>

State 11 <SV = 10> <Delay = 7.01>
ST_11 : Operation 73 [2/4] (6.43ns)   --->   "%add23_1 = fadd i32 %add, i32 %mul_1" [fpga_kernels.cpp:40]   --->   Operation 73 'fadd' 'add23_1' <Predicate = true> <Delay = 6.43> <CoreInst = "FAddSub_fulldsp">   --->   Core 18 'FAddSub_fulldsp' <Latency = 3> <II = 1> <Delay = 6.43> <FuncUnit> <Opcode : 'fadd' 'fsub'> <InPorts = 2> <OutPorts = 1>
ST_11 : Operation 74 [2/3] (7.01ns)   --->   "%mul_2 = fmul i32 %bitcast_ln40_6, i32 %bitcast_ln40_2_read" [fpga_kernels.cpp:40]   --->   Operation 74 'fmul' 'mul_2' <Predicate = true> <Delay = 7.01> <CoreInst = "FMul_maxdsp">   --->   Core 30 'FMul_maxdsp' <Latency = 2> <II = 1> <Delay = 7.01> <FuncUnit> <Opcode : 'fmul'> <InPorts = 2> <OutPorts = 1>

State 12 <SV = 11> <Delay = 7.01>
ST_12 : Operation 75 [1/4] (6.43ns)   --->   "%add23_1 = fadd i32 %add, i32 %mul_1" [fpga_kernels.cpp:40]   --->   Operation 75 'fadd' 'add23_1' <Predicate = true> <Delay = 6.43> <CoreInst = "FAddSub_fulldsp">   --->   Core 18 'FAddSub_fulldsp' <Latency = 3> <II = 1> <Delay = 6.43> <FuncUnit> <Opcode : 'fadd' 'fsub'> <InPorts = 2> <OutPorts = 1>
ST_12 : Operation 76 [1/3] (7.01ns)   --->   "%mul_2 = fmul i32 %bitcast_ln40_6, i32 %bitcast_ln40_2_read" [fpga_kernels.cpp:40]   --->   Operation 76 'fmul' 'mul_2' <Predicate = true> <Delay = 7.01> <CoreInst = "FMul_maxdsp">   --->   Core 30 'FMul_maxdsp' <Latency = 2> <II = 1> <Delay = 7.01> <FuncUnit> <Opcode : 'fmul'> <InPorts = 2> <OutPorts = 1>

State 13 <SV = 12> <Delay = 6.43>
ST_13 : Operation 77 [4/4] (6.43ns)   --->   "%add23_2 = fadd i32 %add23_1, i32 %mul_2" [fpga_kernels.cpp:40]   --->   Operation 77 'fadd' 'add23_2' <Predicate = true> <Delay = 6.43> <CoreInst = "FAddSub_fulldsp">   --->   Core 18 'FAddSub_fulldsp' <Latency = 3> <II = 1> <Delay = 6.43> <FuncUnit> <Opcode : 'fadd' 'fsub'> <InPorts = 2> <OutPorts = 1>
ST_13 : Operation 78 [1/1] (0.00ns)   --->   "%A_3_addr = getelementptr i32 %A_3, i64 0, i64 %zext_ln35" [fpga_kernels.cpp:40]   --->   Operation 78 'getelementptr' 'A_3_addr' <Predicate = true> <Delay = 0.00>
ST_13 : Operation 79 [2/2] (0.00ns)   --->   "%A_3_load = load i2 %A_3_addr" [fpga_kernels.cpp:40]   --->   Operation 79 'load' 'A_3_load' <Predicate = true> <Delay = 0.00> <CoreInst = "RAM">   --->   Core 82 'RAM' <Latency = 1> <II = 1> <Delay = 0.67> <Storage> <Opcode : 'load' 'store'> <Ports = 2> <Width = 32> <Depth = 4> <RAM>

State 14 <SV = 13> <Delay = 7.01>
ST_14 : Operation 80 [3/4] (6.43ns)   --->   "%add23_2 = fadd i32 %add23_1, i32 %mul_2" [fpga_kernels.cpp:40]   --->   Operation 80 'fadd' 'add23_2' <Predicate = true> <Delay = 6.43> <CoreInst = "FAddSub_fulldsp">   --->   Core 18 'FAddSub_fulldsp' <Latency = 3> <II = 1> <Delay = 6.43> <FuncUnit> <Opcode : 'fadd' 'fsub'> <InPorts = 2> <OutPorts = 1>
ST_14 : Operation 81 [1/2] ( I:0.00ns O:0.00ns )   --->   "%A_3_load = load i2 %A_3_addr" [fpga_kernels.cpp:40]   --->   Operation 81 'load' 'A_3_load' <Predicate = true> <Delay = 0.00> <CoreInst = "RAM">   --->   Core 82 'RAM' <Latency = 1> <II = 1> <Delay = 0.67> <Storage> <Opcode : 'load' 'store'> <Ports = 2> <Width = 32> <Depth = 4> <RAM>
ST_14 : Operation 82 [1/1] (0.00ns)   --->   "%bitcast_ln40_7 = bitcast i32 %A_3_load" [fpga_kernels.cpp:40]   --->   Operation 82 'bitcast' 'bitcast_ln40_7' <Predicate = true> <Delay = 0.00>
ST_14 : Operation 83 [3/3] (7.01ns)   --->   "%mul_3 = fmul i32 %bitcast_ln40_7, i32 %bitcast_ln40_3_read" [fpga_kernels.cpp:40]   --->   Operation 83 'fmul' 'mul_3' <Predicate = true> <Delay = 7.01> <CoreInst = "FMul_maxdsp">   --->   Core 30 'FMul_maxdsp' <Latency = 2> <II = 1> <Delay = 7.01> <FuncUnit> <Opcode : 'fmul'> <InPorts = 2> <OutPorts = 1>

State 15 <SV = 14> <Delay = 7.01>
ST_15 : Operation 84 [2/4] (6.43ns)   --->   "%add23_2 = fadd i32 %add23_1, i32 %mul_2" [fpga_kernels.cpp:40]   --->   Operation 84 'fadd' 'add23_2' <Predicate = true> <Delay = 6.43> <CoreInst = "FAddSub_fulldsp">   --->   Core 18 'FAddSub_fulldsp' <Latency = 3> <II = 1> <Delay = 6.43> <FuncUnit> <Opcode : 'fadd' 'fsub'> <InPorts = 2> <OutPorts = 1>
ST_15 : Operation 85 [2/3] (7.01ns)   --->   "%mul_3 = fmul i32 %bitcast_ln40_7, i32 %bitcast_ln40_3_read" [fpga_kernels.cpp:40]   --->   Operation 85 'fmul' 'mul_3' <Predicate = true> <Delay = 7.01> <CoreInst = "FMul_maxdsp">   --->   Core 30 'FMul_maxdsp' <Latency = 2> <II = 1> <Delay = 7.01> <FuncUnit> <Opcode : 'fmul'> <InPorts = 2> <OutPorts = 1>

State 16 <SV = 15> <Delay = 7.01>
ST_16 : Operation 86 [1/4] (6.43ns)   --->   "%add23_2 = fadd i32 %add23_1, i32 %mul_2" [fpga_kernels.cpp:40]   --->   Operation 86 'fadd' 'add23_2' <Predicate = true> <Delay = 6.43> <CoreInst = "FAddSub_fulldsp">   --->   Core 18 'FAddSub_fulldsp' <Latency = 3> <II = 1> <Delay = 6.43> <FuncUnit> <Opcode : 'fadd' 'fsub'> <InPorts = 2> <OutPorts = 1>
ST_16 : Operation 87 [1/3] (7.01ns)   --->   "%mul_3 = fmul i32 %bitcast_ln40_7, i32 %bitcast_ln40_3_read" [fpga_kernels.cpp:40]   --->   Operation 87 'fmul' 'mul_3' <Predicate = true> <Delay = 7.01> <CoreInst = "FMul_maxdsp">   --->   Core 30 'FMul_maxdsp' <Latency = 2> <II = 1> <Delay = 7.01> <FuncUnit> <Opcode : 'fmul'> <InPorts = 2> <OutPorts = 1>

State 17 <SV = 16> <Delay = 6.43>
ST_17 : Operation 88 [4/4] (6.43ns)   --->   "%add23_3 = fadd i32 %add23_2, i32 %mul_3" [fpga_kernels.cpp:40]   --->   Operation 88 'fadd' 'add23_3' <Predicate = true> <Delay = 6.43> <CoreInst = "FAddSub_fulldsp">   --->   Core 18 'FAddSub_fulldsp' <Latency = 3> <II = 1> <Delay = 6.43> <FuncUnit> <Opcode : 'fadd' 'fsub'> <InPorts = 2> <OutPorts = 1>

State 18 <SV = 17> <Delay = 6.43>
ST_18 : Operation 89 [3/4] (6.43ns)   --->   "%add23_3 = fadd i32 %add23_2, i32 %mul_3" [fpga_kernels.cpp:40]   --->   Operation 89 'fadd' 'add23_3' <Predicate = true> <Delay = 6.43> <CoreInst = "FAddSub_fulldsp">   --->   Core 18 'FAddSub_fulldsp' <Latency = 3> <II = 1> <Delay = 6.43> <FuncUnit> <Opcode : 'fadd' 'fsub'> <InPorts = 2> <OutPorts = 1>

State 19 <SV = 18> <Delay = 6.43>
ST_19 : Operation 90 [2/4] (6.43ns)   --->   "%add23_3 = fadd i32 %add23_2, i32 %mul_3" [fpga_kernels.cpp:40]   --->   Operation 90 'fadd' 'add23_3' <Predicate = true> <Delay = 6.43> <CoreInst = "FAddSub_fulldsp">   --->   Core 18 'FAddSub_fulldsp' <Latency = 3> <II = 1> <Delay = 6.43> <FuncUnit> <Opcode : 'fadd' 'fsub'> <InPorts = 2> <OutPorts = 1>
ST_19 : Operation 104 [1/1] (0.42ns)   --->   "%ret_ln0 = ret"   --->   Operation 104 'ret' 'ret_ln0' <Predicate = (icmp_ln35)> <Delay = 0.42>

State 20 <SV = 19> <Delay = 6.43>
ST_20 : Operation 91 [1/1] (0.00ns)   --->   "%specpipeline_ln36 = specpipeline void @_ssdm_op_SpecPipeline, i32 1, i32 0, i32 0, i32 0, i32 4294967295, void @empty_0" [fpga_kernels.cpp:36]   --->   Operation 91 'specpipeline' 'specpipeline_ln36' <Predicate = true> <Delay = 0.00>
ST_20 : Operation 92 [1/1] (0.00ns)   --->   "%speclooptripcount_ln32 = speclooptripcount void @_ssdm_op_SpecLoopTripCount, i64 4, i64 4, i64 4" [fpga_kernels.cpp:32]   --->   Operation 92 'speclooptripcount' 'speclooptripcount_ln32' <Predicate = true> <Delay = 0.00>
ST_20 : Operation 93 [1/1] (0.00ns)   --->   "%specloopname_ln35 = specloopname void @_ssdm_op_SpecLoopName, void @empty_3" [fpga_kernels.cpp:35]   --->   Operation 93 'specloopname' 'specloopname_ln35' <Predicate = true> <Delay = 0.00>
ST_20 : Operation 94 [1/4] (6.43ns)   --->   "%add23_3 = fadd i32 %add23_2, i32 %mul_3" [fpga_kernels.cpp:40]   --->   Operation 94 'fadd' 'add23_3' <Predicate = true> <Delay = 6.43> <CoreInst = "FAddSub_fulldsp">   --->   Core 18 'FAddSub_fulldsp' <Latency = 3> <II = 1> <Delay = 6.43> <FuncUnit> <Opcode : 'fadd' 'fsub'> <InPorts = 2> <OutPorts = 1>
ST_20 : Operation 95 [1/1] (0.00ns)   --->   "%bitcast_ln40_8 = bitcast i32 %add23_3" [fpga_kernels.cpp:40]   --->   Operation 95 'bitcast' 'bitcast_ln40_8' <Predicate = true> <Delay = 0.00>
ST_20 : Operation 96 [1/1] (0.00ns)   --->   "%write_ln40 = write void @_ssdm_op_Write.ap_auto.i32P0A, i32 %p_pred_2, i32 %bitcast_ln40_8" [fpga_kernels.cpp:40]   --->   Operation 96 'write' 'write_ln40' <Predicate = (trunc_ln35 == 2)> <Delay = 0.00>
ST_20 : Operation 97 [1/1] (0.00ns)   --->   "%br_ln40 = br void %arrayidx115.exit" [fpga_kernels.cpp:40]   --->   Operation 97 'br' 'br_ln40' <Predicate = (trunc_ln35 == 2)> <Delay = 0.00>
ST_20 : Operation 98 [1/1] (0.00ns)   --->   "%write_ln40 = write void @_ssdm_op_Write.ap_auto.i32P0A, i32 %p_pred_1, i32 %bitcast_ln40_8" [fpga_kernels.cpp:40]   --->   Operation 98 'write' 'write_ln40' <Predicate = (trunc_ln35 == 1)> <Delay = 0.00>
ST_20 : Operation 99 [1/1] (0.00ns)   --->   "%br_ln40 = br void %arrayidx115.exit" [fpga_kernels.cpp:40]   --->   Operation 99 'br' 'br_ln40' <Predicate = (trunc_ln35 == 1)> <Delay = 0.00>
ST_20 : Operation 100 [1/1] (0.00ns)   --->   "%write_ln40 = write void @_ssdm_op_Write.ap_auto.i32P0A, i32 %p_pred_0, i32 %bitcast_ln40_8" [fpga_kernels.cpp:40]   --->   Operation 100 'write' 'write_ln40' <Predicate = (trunc_ln35 == 0)> <Delay = 0.00>
ST_20 : Operation 101 [1/1] (0.00ns)   --->   "%br_ln40 = br void %arrayidx115.exit" [fpga_kernels.cpp:40]   --->   Operation 101 'br' 'br_ln40' <Predicate = (trunc_ln35 == 0)> <Delay = 0.00>
ST_20 : Operation 102 [1/1] (0.00ns)   --->   "%write_ln40 = write void @_ssdm_op_Write.ap_auto.i32P0A, i32 %p_pred_3, i32 %bitcast_ln40_8" [fpga_kernels.cpp:40]   --->   Operation 102 'write' 'write_ln40' <Predicate = (trunc_ln35 == 3)> <Delay = 0.00>
ST_20 : Operation 103 [1/1] (0.00ns)   --->   "%br_ln40 = br void %arrayidx115.exit" [fpga_kernels.cpp:40]   --->   Operation 103 'br' 'br_ln40' <Predicate = (trunc_ln35 == 3)> <Delay = 0.00>


============================================================
+ Verbose Summary: Timing violations
============================================================
Target clock period: 10.000ns, clock uncertainty: 2.700ns.

 <State 1>: 1.527ns
The critical path consists of the following:
	'store' operation ('store_ln32', fpga_kernels.cpp:32) of constant 0 3 bit on local variable 'i', fpga_kernels.cpp:32 [30]  (0.427 ns)
	'load' operation 3 bit ('i', fpga_kernels.cpp:35) on local variable 'i', fpga_kernels.cpp:32 [33]  (0.000 ns)
	'icmp' operation 1 bit ('icmp_ln35', fpga_kernels.cpp:35) [34]  (0.673 ns)
	'store' operation ('store_ln32', fpga_kernels.cpp:32) of variable 'add_ln35', fpga_kernels.cpp:35 3 bit on local variable 'i', fpga_kernels.cpp:32 [79]  (0.427 ns)

 <State 2>: 7.016ns
The critical path consists of the following:
	'load' operation 32 bit ('A_0_load', fpga_kernels.cpp:40) on array 'A_0' [45]  (0.000 ns)
	'fmul' operation 32 bit ('mul', fpga_kernels.cpp:40) [47]  (7.016 ns)

 <State 3>: 7.016ns
The critical path consists of the following:
	'fmul' operation 32 bit ('mul', fpga_kernels.cpp:40) [47]  (7.016 ns)

 <State 4>: 7.016ns
The critical path consists of the following:
	'fmul' operation 32 bit ('mul', fpga_kernels.cpp:40) [47]  (7.016 ns)

 <State 5>: 6.962ns
The critical path consists of the following:
	'sparsemux' operation 32 bit ('tmp', fpga_kernels.cpp:37) [43]  (0.525 ns)
	'fadd' operation 32 bit ('add', fpga_kernels.cpp:40) [48]  (6.437 ns)

 <State 6>: 7.016ns
The critical path consists of the following:
	'load' operation 32 bit ('A_1_load', fpga_kernels.cpp:40) on array 'A_1' [50]  (0.000 ns)
	'fmul' operation 32 bit ('mul_1', fpga_kernels.cpp:40) [52]  (7.016 ns)

 <State 7>: 7.016ns
The critical path consists of the following:
	'fmul' operation 32 bit ('mul_1', fpga_kernels.cpp:40) [52]  (7.016 ns)

 <State 8>: 7.016ns
The critical path consists of the following:
	'fmul' operation 32 bit ('mul_1', fpga_kernels.cpp:40) [52]  (7.016 ns)

 <State 9>: 6.437ns
The critical path consists of the following:
	'fadd' operation 32 bit ('add23_1', fpga_kernels.cpp:40) [53]  (6.437 ns)

 <State 10>: 7.016ns
The critical path consists of the following:
	'load' operation 32 bit ('A_2_load', fpga_kernels.cpp:40) on array 'A_2' [55]  (0.000 ns)
	'fmul' operation 32 bit ('mul_2', fpga_kernels.cpp:40) [57]  (7.016 ns)

 <State 11>: 7.016ns
The critical path consists of the following:
	'fmul' operation 32 bit ('mul_2', fpga_kernels.cpp:40) [57]  (7.016 ns)

 <State 12>: 7.016ns
The critical path consists of the following:
	'fmul' operation 32 bit ('mul_2', fpga_kernels.cpp:40) [57]  (7.016 ns)

 <State 13>: 6.437ns
The critical path consists of the following:
	'fadd' operation 32 bit ('add23_2', fpga_kernels.cpp:40) [58]  (6.437 ns)

 <State 14>: 7.016ns
The critical path consists of the following:
	'load' operation 32 bit ('A_3_load', fpga_kernels.cpp:40) on array 'A_3' [60]  (0.000 ns)
	'fmul' operation 32 bit ('mul_3', fpga_kernels.cpp:40) [62]  (7.016 ns)

 <State 15>: 7.016ns
The critical path consists of the following:
	'fmul' operation 32 bit ('mul_3', fpga_kernels.cpp:40) [62]  (7.016 ns)

 <State 16>: 7.016ns
The critical path consists of the following:
	'fmul' operation 32 bit ('mul_3', fpga_kernels.cpp:40) [62]  (7.016 ns)

 <State 17>: 6.437ns
The critical path consists of the following:
	'fadd' operation 32 bit ('add23_3', fpga_kernels.cpp:40) [63]  (6.437 ns)

 <State 18>: 6.437ns
The critical path consists of the following:
	'fadd' operation 32 bit ('add23_3', fpga_kernels.cpp:40) [63]  (6.437 ns)

 <State 19>: 6.437ns
The critical path consists of the following:
	'fadd' operation 32 bit ('add23_3', fpga_kernels.cpp:40) [63]  (6.437 ns)

 <State 20>: 6.437ns
The critical path consists of the following:
	'fadd' operation 32 bit ('add23_3', fpga_kernels.cpp:40) [63]  (6.437 ns)
	wire write operation ('write_ln40', fpga_kernels.cpp:40) on port 'p_pred_2' (fpga_kernels.cpp:40) [67]  (0.000 ns)


============================================================
+ Verbose Summary: Binding
============================================================
N/A
* FSMD analyzer results:
  - Output states:
 - Input state : 
  - Chain level:
	State 1
	State 2
	State 3
	State 4
	State 5
	State 6
	State 7
	State 8
	State 9
	State 10
	State 11
	State 12
	State 13
	State 14
	State 15
	State 16
	State 17
	State 18
	State 19
	State 20


============================================================
+ Verbose Summary: Datapath Resource usage 
============================================================
N/A
