FPGA TB repo_root=/home/zzh/minkowski_fpga/hls
FPGA TB out_base=/home/zzh/minkowski_fpga/hls/data/output/fpga/cosim
[LAMBDA_NONE] k=0 done (m=12, predict=1473.0us, strip=0.5us, row_sum=0.3us)
[LAMBDA_NONE] k=1 done (m=12, predict=65.3us, strip=0.6us, row_sum=0.1us)
[LAMBDA_NONE] k=2 done (m=12, predict=59.2us, strip=0.6us, row_sum=0.2us)
[LAMBDA_NONE] k=3 done (m=12, predict=48.2us, strip=0.6us, row_sum=0.1us)
[LAMBDA_NONE] k=4 done (m=12, predict=55.2us, strip=0.5us, row_sum=0.1us)
[LAMBDA_NONE] k=5 done (m=12, predict=46.6us, strip=0.5us, row_sum=0.1us)
[LAMBDA_NONE] k=6 done (m=12, predict=46.1us, strip=0.5us, row_sum=0.1us)
[LAMBDA_NONE] k=7 done (m=12, predict=48.1us, strip=0.5us, row_sum=0.1us)
[LAMBDA_NONE] k=8 done (m=12, predict=57.2us, strip=0.5us, row_sum=0.1us)
[LAMBDA_NONE] k=9 done (m=12, predict=47.3us, strip=0.5us, row_sum=0.1us)
[LAMBDA_NONE] k=10 done (m=12, predict=46.0us, strip=0.5us, row_sum=0.1us)
[LAMBDA_NONE] k=11 done (m=12, predict=68.3us, strip=0.5us, row_sum=0.1us)
[LAMBDA_NONE] k=12 done (m=12, predict=48.9us, strip=0.5us, row_sum=0.1us)
[LAMBDA_NONE] k=13 done (m=12, predict=47.3us, strip=0.5us, row_sum=0.1us)
[LAMBDA_NONE] k=14 done (m=12, predict=46.6us, strip=0.5us, row_sum=0.1us)
[LAMBDA_NONE] outputs: /home/zzh/minkowski_fpga/hls/data/output/fpga/cosim/LAMBDA_NONE
[LAMBDA_NONE] kernel_time_summary_us.csv: total_predict=2203.4us (n=15, avg=146.9us), total_strip=7.6us (n=30, avg=0.3us), total_row_sum=1.9us (n=15, avg=0.1us)
[LAMBDA_SEGMENT] k=0 done (m=12, predict=52.3us, strip=0.4us, row_sum=0.1us)
[LAMBDA_SEGMENT] k=1 done (m=12, predict=56.3us, strip=0.6us, row_sum=0.2us)
[LAMBDA_SEGMENT] k=2 done (m=12, predict=47.6us, strip=0.5us, row_sum=0.2us)
[LAMBDA_SEGMENT] k=3 done (m=12, predict=46.3us, strip=0.4us, row_sum=0.1us)
[LAMBDA_SEGMENT] k=4 done (m=12, predict=47.4us, strip=0.5us, row_sum=0.1us)
[LAMBDA_SEGMENT] k=5 done (m=12, predict=51.7us, strip=0.5us, row_sum=0.2us)
[LAMBDA_SEGMENT] k=6 done (m=12, predict=51.1us, strip=0.5us, row_sum=0.2us)
[LAMBDA_SEGMENT] k=7 done (m=12, predict=47.4us, strip=0.5us, row_sum=0.2us)
[LAMBDA_SEGMENT] k=8 done (m=12, predict=74.5us, strip=0.5us, row_sum=0.2us)
[LAMBDA_SEGMENT] k=9 done (m=12, predict=48.3us, strip=0.5us, row_sum=0.1us)
[LAMBDA_SEGMENT] k=10 done (m=12, predict=55.0us, strip=0.6us, row_sum=0.2us)
[LAMBDA_SEGMENT] k=11 done (m=12, predict=48.3us, strip=0.5us, row_sum=0.2us)
[LAMBDA_SEGMENT] k=12 done (m=12, predict=54.3us, strip=0.5us, row_sum=0.2us)
[LAMBDA_SEGMENT] k=13 done (m=12, predict=51.8us, strip=0.5us, row_sum=0.2us)
[LAMBDA_SEGMENT] k=14 done (m=12, predict=48.7us, strip=0.5us, row_sum=0.2us)
[LAMBDA_SEGMENT] outputs: /home/zzh/minkowski_fpga/hls/data/output/fpga/cosim/LAMBDA_SEGMENT
[LAMBDA_SEGMENT] kernel_time_summary_us.csv: total_predict=780.8us (n=15, avg=52.1us), total_strip=7.6us (n=30, avg=0.3us), total_row_sum=2.4us (n=15, avg=0.2us)
[LAMBDA_VOLUME] k=0 done (m=12, predict=166.9us, strip=0.4us, row_sum=0.1us)
[LAMBDA_VOLUME] k=1 done (m=12, predict=52.8us, strip=0.5us, row_sum=0.2us)
[LAMBDA_VOLUME] k=2 done (m=12, predict=57.2us, strip=0.5us, row_sum=0.1us)
[LAMBDA_VOLUME] k=3 done (m=12, predict=51.5us, strip=0.5us, row_sum=0.2us)
[LAMBDA_VOLUME] k=4 done (m=12, predict=50.7us, strip=0.5us, row_sum=0.2us)
[LAMBDA_VOLUME] k=5 done (m=12, predict=50.9us, strip=0.5us, row_sum=0.2us)
[LAMBDA_VOLUME] k=6 done (m=12, predict=51.0us, strip=0.5us, row_sum=0.2us)
[LAMBDA_VOLUME] k=7 done (m=12, predict=50.9us, strip=0.5us, row_sum=0.2us)
[LAMBDA_VOLUME] k=8 done (m=12, predict=46.1us, strip=0.5us, row_sum=0.2us)
[LAMBDA_VOLUME] k=9 done (m=12, predict=46.7us, strip=0.5us, row_sum=0.1us)
[LAMBDA_VOLUME] k=10 done (m=12, predict=46.2us, strip=0.4us, row_sum=0.1us)
[LAMBDA_VOLUME] k=11 done (m=12, predict=47.1us, strip=0.5us, row_sum=0.1us)
[LAMBDA_VOLUME] k=12 done (m=12, predict=46.6us, strip=0.5us, row_sum=0.1us)
[LAMBDA_VOLUME] k=13 done (m=12, predict=46.3us, strip=0.5us, row_sum=0.1us)
[LAMBDA_VOLUME] k=14 done (m=12, predict=48.0us, strip=0.5us, row_sum=0.1us)
[LAMBDA_VOLUME] outputs: /home/zzh/minkowski_fpga/hls/data/output/fpga/cosim/LAMBDA_VOLUME
[LAMBDA_VOLUME] kernel_time_summary_us.csv: total_predict=859.0us (n=15, avg=57.3us), total_strip=7.2us (n=30, avg=0.2us), total_row_sum=2.0us (n=15, avg=0.1us)
[LAMBDA_P_RADIUS] k=0 done (m=12, predict=69.5us, strip=0.4us, row_sum=0.1us)
[LAMBDA_P_RADIUS] k=1 done (m=12, predict=52.7us, strip=0.6us, row_sum=0.2us)
[LAMBDA_P_RADIUS] k=2 done (m=12, predict=94.7us, strip=0.6us, row_sum=0.3us)
[LAMBDA_P_RADIUS] k=3 done (m=12, predict=51.3us, strip=0.5us, row_sum=0.2us)
[LAMBDA_P_RADIUS] k=4 done (m=12, predict=47.1us, strip=0.4us, row_sum=0.2us)
[LAMBDA_P_RADIUS] k=5 done (m=12, predict=47.1us, strip=0.5us, row_sum=0.2us)
[LAMBDA_P_RADIUS] k=6 done (m=12, predict=53.2us, strip=0.5us, row_sum=0.2us)
[LAMBDA_P_RADIUS] k=7 done (m=12, predict=47.2us, strip=0.5us, row_sum=0.1us)
[LAMBDA_P_RADIUS] k=8 done (m=12, predict=46.0us, strip=0.5us, row_sum=0.1us)
[LAMBDA_P_RADIUS] k=9 done (m=12, predict=52.1us, strip=0.5us, row_sum=0.2us)
[LAMBDA_P_RADIUS] k=10 done (m=12, predict=47.0us, strip=0.5us, row_sum=0.2us)
[LAMBDA_P_RADIUS] k=11 done (m=12, predict=48.8us, strip=0.5us, row_sum=0.2us)
[LAMBDA_P_RADIUS] k=12 done (m=12, predict=51.7us, strip=0.5us, row_sum=0.2us)
[LAMBDA_P_RADIUS] k=13 done (m=12, predict=68.9us, strip=0.5us, row_sum=0.2us)
[LAMBDA_P_RADIUS] k=14 done (m=12, predict=47.8us, strip=0.5us, row_sum=0.2us)
[LAMBDA_P_RADIUS] outputs: /home/zzh/minkowski_fpga/hls/data/output/fpga/cosim/LAMBDA_P_RADIUS
[LAMBDA_P_RADIUS] kernel_time_summary_us.csv: total_predict=825.3us (n=15, avg=55.0us), total_strip=7.3us (n=30, avg=0.2us), total_row_sum=3.0us (n=15, avg=0.2us)
All done. Results under: /home/zzh/minkowski_fpga/hls/data/output/fpga/cosim
