Vivado Simulator v2025.2
Copyright 1986-2022 Xilinx, Inc. All Rights Reserved.
Copyright 2022-2025 Advanced Micro Devices, Inc. All Rights Reserved.
Running: /opt/Xilinx/2025.2/Vivado/bin/unwrapped/lnx64.o/xelab xil_defaultlib.apatb_predict_kernel_top xil_defaultlib.glbl -Oenable_linking_all_libraries -prj predict_kernel.prj -L smartconnect_v1_0 -L axi_protocol_checker_v1_1_12 -L axi_protocol_checker_v1_1_13 -L axis_protocol_checker_v1_1_11 -L axis_protocol_checker_v1_1_12 -L xil_defaultlib -L unisims_ver -L xpm -L floating_point_v7_1_21 -L floating_point_v7_0_26 --lib ieee_proposed=./ieee_proposed -L uvm -relax -i ./svr -i ./svtb -i ./file_agent -i ./predict_kernel_subsystem -s predict_kernel 
Multi-threading is on. Using 30 slave threads.
Determining compilation order of HDL files.
WARNING: [XSIM 43-3431] One or more environment variables have been detected which affect the operation of the C compiler. These are typically not set in standard installations and are not tested by AMD, however they may be appropriate for your system, so the flow will attempt to continue.  If errors occur, try running xelab with the "-mt off -v 1" switches to see more information from the C compiler. The following environment variables have been detected:
INFO: [VRFC 10-2263] Analyzing SystemVerilog file "/home/zzh/minkowski_fpga/hls/minkowski_hls/sol1/sim/verilog/glbl.v" into library xil_defaultlib
INFO: [VRFC 10-311] analyzing module glbl
INFO: [VRFC 10-2263] Analyzing SystemVerilog file "/home/zzh/minkowski_fpga/hls/minkowski_hls/sol1/sim/verilog/AESL_automem_H_pred_1.v" into library xil_defaultlib
INFO: [VRFC 10-311] analyzing module AESL_automem_H_pred_1
INFO: [VRFC 10-2263] Analyzing SystemVerilog file "/home/zzh/minkowski_fpga/hls/minkowski_hls/sol1/sim/verilog/predict_kernel.v" into library xil_defaultlib
INFO: [VRFC 10-311] analyzing module predict_kernel
INFO: [VRFC 10-2263] Analyzing SystemVerilog file "/home/zzh/minkowski_fpga/hls/minkowski_hls/sol1/sim/verilog/AESL_automem_H_w_2.v" into library xil_defaultlib
INFO: [VRFC 10-311] analyzing module AESL_automem_H_w_2
INFO: [VRFC 10-2263] Analyzing SystemVerilog file "/home/zzh/minkowski_fpga/hls/minkowski_hls/sol1/sim/verilog/AESL_automem_H_pred_3.v" into library xil_defaultlib
INFO: [VRFC 10-311] analyzing module AESL_automem_H_pred_3
INFO: [VRFC 10-2263] Analyzing SystemVerilog file "/home/zzh/minkowski_fpga/hls/minkowski_hls/sol1/sim/verilog/AESL_automem_H_w_0.v" into library xil_defaultlib
INFO: [VRFC 10-311] analyzing module AESL_automem_H_w_0
INFO: [VRFC 10-2263] Analyzing SystemVerilog file "/home/zzh/minkowski_fpga/hls/minkowski_hls/sol1/sim/verilog/AESL_automem_H_pred_0.v" into library xil_defaultlib
INFO: [VRFC 10-311] analyzing module AESL_automem_H_pred_0
INFO: [VRFC 10-2263] Analyzing SystemVerilog file "/home/zzh/minkowski_fpga/hls/minkowski_hls/sol1/sim/verilog/AESL_automem_H_x_2.v" into library xil_defaultlib
INFO: [VRFC 10-311] analyzing module AESL_automem_H_x_2
INFO: [VRFC 10-2263] Analyzing SystemVerilog file "/home/zzh/minkowski_fpga/hls/minkowski_hls/sol1/sim/verilog/predict_kernel_flow_control_loop_pipe_sequential_init.v" into library xil_defaultlib
INFO: [VRFC 10-311] analyzing module predict_kernel_flow_control_loop_pipe_sequential_init
INFO: [VRFC 10-2263] Analyzing SystemVerilog file "/home/zzh/minkowski_fpga/hls/minkowski_hls/sol1/sim/verilog/AESL_automem_H_x_1.v" into library xil_defaultlib
INFO: [VRFC 10-311] analyzing module AESL_automem_H_x_1
INFO: [VRFC 10-2263] Analyzing SystemVerilog file "/home/zzh/minkowski_fpga/hls/minkowski_hls/sol1/sim/verilog/AESL_automem_H_w_3.v" into library xil_defaultlib
INFO: [VRFC 10-311] analyzing module AESL_automem_H_w_3
INFO: [VRFC 10-2263] Analyzing SystemVerilog file "/home/zzh/minkowski_fpga/hls/minkowski_hls/sol1/sim/verilog/AESL_automem_H_pred_2.v" into library xil_defaultlib
INFO: [VRFC 10-311] analyzing module AESL_automem_H_pred_2
INFO: [VRFC 10-2263] Analyzing SystemVerilog file "/home/zzh/minkowski_fpga/hls/minkowski_hls/sol1/sim/verilog/AESL_automem_A_3.v" into library xil_defaultlib
INFO: [VRFC 10-311] analyzing module AESL_automem_A_3
INFO: [VRFC 10-2263] Analyzing SystemVerilog file "/home/zzh/minkowski_fpga/hls/minkowski_hls/sol1/sim/verilog/predict_kernel.autotb.v" into library xil_defaultlib
INFO: [VRFC 10-311] analyzing module apatb_predict_kernel_top
INFO: [VRFC 10-2263] Analyzing SystemVerilog file "/home/zzh/minkowski_fpga/hls/minkowski_hls/sol1/sim/verilog/predict_kernel_predict_kernel_Pipeline_VITIS_LOOP_45_3_VITIS_LOOP_48_4.v" into library xil_defaultlib
INFO: [VRFC 10-311] analyzing module predict_kernel_predict_kernel_Pipeline_VITIS_LOOP_45_3_VITIS_LOOP_48_4
INFO: [VRFC 10-2263] Analyzing SystemVerilog file "/home/zzh/minkowski_fpga/hls/minkowski_hls/sol1/sim/verilog/AESL_automem_A_0.v" into library xil_defaultlib
INFO: [VRFC 10-311] analyzing module AESL_automem_A_0
INFO: [VRFC 10-2263] Analyzing SystemVerilog file "/home/zzh/minkowski_fpga/hls/minkowski_hls/sol1/sim/verilog/predict_kernel_sparsemux_9_2_32_1_1.v" into library xil_defaultlib
INFO: [VRFC 10-311] analyzing module predict_kernel_sparsemux_9_2_32_1_1
INFO: [VRFC 10-2263] Analyzing SystemVerilog file "/home/zzh/minkowski_fpga/hls/minkowski_hls/sol1/sim/verilog/AESL_automem_A_1.v" into library xil_defaultlib
INFO: [VRFC 10-311] analyzing module AESL_automem_A_1
INFO: [VRFC 10-2263] Analyzing SystemVerilog file "/home/zzh/minkowski_fpga/hls/minkowski_hls/sol1/sim/verilog/AESL_automem_H_x_3.v" into library xil_defaultlib
INFO: [VRFC 10-311] analyzing module AESL_automem_H_x_3
INFO: [VRFC 10-2263] Analyzing SystemVerilog file "/home/zzh/minkowski_fpga/hls/minkowski_hls/sol1/sim/verilog/predict_kernel_fadd_32ns_32ns_32_4_full_dsp_1.v" into library xil_defaultlib
INFO: [VRFC 10-311] analyzing module predict_kernel_fadd_32ns_32ns_32_4_full_dsp_1
INFO: [VRFC 10-2263] Analyzing SystemVerilog file "/home/zzh/minkowski_fpga/hls/minkowski_hls/sol1/sim/verilog/predict_kernel_predict_kernel_Pipeline_VITIS_LOOP_59_6_VITIS_LOOP_61_7.v" into library xil_defaultlib
INFO: [VRFC 10-311] analyzing module predict_kernel_predict_kernel_Pipeline_VITIS_LOOP_59_6_VITIS_LOOP_61_7
INFO: [VRFC 10-2263] Analyzing SystemVerilog file "/home/zzh/minkowski_fpga/hls/minkowski_hls/sol1/sim/verilog/predict_kernel_fmul_32ns_32ns_32_3_max_dsp_1.v" into library xil_defaultlib
INFO: [VRFC 10-311] analyzing module predict_kernel_fmul_32ns_32ns_32_3_max_dsp_1
INFO: [VRFC 10-2263] Analyzing SystemVerilog file "/home/zzh/minkowski_fpga/hls/minkowski_hls/sol1/sim/verilog/predict_kernel_predict_kernel_Pipeline_VITIS_LOOP_35_1.v" into library xil_defaultlib
INFO: [VRFC 10-311] analyzing module predict_kernel_predict_kernel_Pipeline_VITIS_LOOP_35_1
INFO: [VRFC 10-2263] Analyzing SystemVerilog file "/home/zzh/minkowski_fpga/hls/minkowski_hls/sol1/sim/verilog/AESL_automem_H_x_0.v" into library xil_defaultlib
INFO: [VRFC 10-311] analyzing module AESL_automem_H_x_0
INFO: [VRFC 10-2263] Analyzing SystemVerilog file "/home/zzh/minkowski_fpga/hls/minkowski_hls/sol1/sim/verilog/AESL_automem_A_2.v" into library xil_defaultlib
INFO: [VRFC 10-311] analyzing module AESL_automem_A_2
INFO: [VRFC 10-2263] Analyzing SystemVerilog file "/home/zzh/minkowski_fpga/hls/minkowski_hls/sol1/sim/verilog/AESL_automem_H_w_1.v" into library xil_defaultlib
INFO: [VRFC 10-311] analyzing module AESL_automem_H_w_1
INFO: [VRFC 10-2263] Analyzing SystemVerilog file "/home/zzh/minkowski_fpga/hls/minkowski_hls/sol1/sim/verilog/dataflow_monitor.sv" into library xil_defaultlib
INFO: [VRFC 10-311] analyzing module dataflow_monitor
INFO: [VRFC 10-2263] Analyzing SystemVerilog file "/home/zzh/minkowski_fpga/hls/minkowski_hls/sol1/sim/verilog/file_agent/file_agent_pkg.sv" into library xil_defaultlib
INFO: [VRFC 10-2263] Analyzing SystemVerilog file "/home/zzh/minkowski_fpga/hls/minkowski_hls/sol1/sim/verilog/svr/svr_pkg.sv" into library xil_defaultlib
INFO: [VRFC 10-2263] Analyzing SystemVerilog file "/home/zzh/minkowski_fpga/hls/minkowski_hls/sol1/sim/verilog/svr/svr_if.sv" into library xil_defaultlib
INFO: [VRFC 10-2263] Analyzing SystemVerilog file "/home/zzh/minkowski_fpga/hls/minkowski_hls/sol1/sim/verilog/predict_kernel_subsystem/predict_kernel_subsystem_pkg.sv" into library xil_defaultlib
INFO: [VRFC 10-2263] Analyzing SystemVerilog file "/home/zzh/minkowski_fpga/hls/minkowski_hls/sol1/sim/verilog/svtb/misc_interface.sv" into library xil_defaultlib
INFO: [VRFC 10-2263] Analyzing SystemVerilog file "/home/zzh/minkowski_fpga/hls/minkowski_hls/sol1/sim/verilog/svtb/sv_module_top.sv" into library xil_defaultlib
INFO: [VRFC 10-311] analyzing module sv_module_top
INFO: [VRFC 10-163] Analyzing VHDL file "/home/zzh/minkowski_fpga/hls/minkowski_hls/sol1/sim/verilog/ip/xil_defaultlib/predict_kernel_fmul_32ns_32ns_32_3_max_dsp_1_ip.vhd" into library xil_defaultlib
INFO: [VRFC 10-3107] analyzing entity 'predict_kernel_fmul_32ns_32ns_32_3_max_dsp_1_ip'
INFO: [VRFC 10-163] Analyzing VHDL file "/home/zzh/minkowski_fpga/hls/minkowski_hls/sol1/sim/verilog/ip/xil_defaultlib/predict_kernel_fadd_32ns_32ns_32_4_full_dsp_1_ip.vhd" into library xil_defaultlib
INFO: [VRFC 10-3107] analyzing entity 'predict_kernel_fadd_32ns_32ns_32_4_full_dsp_1_ip'
Starting static elaboration
Pass Through NonSizing Optimizer
Completed static elaboration
Starting simulation data flow analysis
WARNING: [XSIM 43-4099] "/proj/primebuilds/9999.0_PRIME_0428_0031/installs/data/system_verilog/uvm_1.2/xlnx_uvm_package.sv" Line 4356. Module uvm_pkg doesn't have a timescale but at least one module in design has a timescale.
Completed simulation data flow analysis
Time Resolution for simulation is 1ps
Compiling package std.standard
Compiling package std.textio
Compiling package ieee.std_logic_1164
Compiling package ieee.numeric_std
Compiling package floating_point_v7_1_21.floating_point_v7_1_21_viv_comp
Compiling package xbip_utils_v3_0_15.xbip_utils_v3_0_15_pkg
Compiling package axi_utils_v2_0_11.axi_utils_v2_0_11_pkg
Compiling package floating_point_v7_1_21.floating_point_v7_1_21_consts
Compiling package ieee.math_real
Compiling package floating_point_v7_1_21.floating_point_v7_1_21_exp_table...
Compiling package mult_gen_v12_0_24.mult_gen_v12_0_24_pkg
Compiling package ieee.std_logic_arith
Compiling package ieee.std_logic_signed
Compiling package floating_point_v7_1_21.floating_point_v7_1_21_pkg
Compiling package floating_point_v7_1_21.flt_utils
Compiling package xbip_pipe_v3_0_11.xbip_pipe_v3_0_11_viv_comp
Compiling package unisim.vcomponents
Compiling package ieee.vital_timing
Compiling package ieee.vital_primitives
Compiling package unisim.vpkg
Compiling package xil_defaultlib.$unit_sv_module_top_sv
Compiling package uvm.uvm_pkg
Compiling package std.std
Compiling package xil_defaultlib.svr_pkg
Compiling package xil_defaultlib.file_agent_pkg
Compiling package xil_defaultlib.predict_kernel_subsystem_pkg
Compiling package xil_defaultlib.$unit_dataflow_monitor_sv
Compiling module xil_defaultlib.predict_kernel_sparsemux_9_2_32_...
Compiling module xil_defaultlib.predict_kernel_flow_control_loop...
Compiling module xil_defaultlib.predict_kernel_predict_kernel_Pi...
Compiling module xil_defaultlib.predict_kernel_predict_kernel_Pi...
Compiling module xil_defaultlib.predict_kernel_predict_kernel_Pi...
Compiling architecture muxcy_v of entity unisim.MUXCY [muxcy_default]
Compiling architecture synth of entity xbip_pipe_v3_0_11.xbip_pipe_v3_0_11_viv [\xbip_pipe_v3_0_11_viv(c_has_ce=...]
Compiling architecture rtl of entity floating_point_v7_1_21.delay [\delay(width=7,length=0)\]
Compiling architecture struct of entity floating_point_v7_1_21.carry_chain [\carry_chain(c_xdevicefamily="zy...]
Compiling architecture synth of entity floating_point_v7_1_21.compare_eq_im [\compare_eq_im(c_xdevicefamily="...]
Compiling architecture xorcy_v of entity unisim.XORCY [xorcy_default]
Compiling architecture struct of entity floating_point_v7_1_21.carry_chain [\carry_chain(c_xdevicefamily="zy...]
Compiling architecture synth of entity xbip_pipe_v3_0_11.xbip_pipe_v3_0_11_viv [\xbip_pipe_v3_0_11_viv(c_has_ce=...]
Compiling architecture rtl of entity floating_point_v7_1_21.delay [\delay(length=0)\]
Compiling architecture synth of entity xbip_pipe_v3_0_11.xbip_pipe_v3_0_11_viv [\xbip_pipe_v3_0_11_viv(c_has_ce=...]
Compiling architecture rtl of entity floating_point_v7_1_21.delay [\delay(width=24,length=0,fast_in...]
Compiling architecture synth of entity xbip_pipe_v3_0_11.xbip_pipe_v3_0_11_viv [\xbip_pipe_v3_0_11_viv(c_has_ce=...]
Compiling architecture rtl of entity floating_point_v7_1_21.delay [\delay(width=16,length=0)\]
Compiling architecture dsp48e1_v of entity unisim.DSP48E1 [\DSP48E1(acascreg=0,adreg=0,alum...]
Compiling architecture synth of entity xbip_pipe_v3_0_11.xbip_pipe_v3_0_11_viv [\xbip_pipe_v3_0_11_viv(c_has_ce=...]
Compiling architecture rtl of entity floating_point_v7_1_21.delay [\delay(width=4,length=0)\]
Compiling architecture synth of entity xbip_pipe_v3_0_11.xbip_pipe_v3_0_11_viv [\xbip_pipe_v3_0_11_viv(c_has_ce=...]
Compiling architecture rtl of entity floating_point_v7_1_21.delay [\delay(width=48,length=0)\]
Compiling architecture synth of entity xbip_pipe_v3_0_11.xbip_pipe_v3_0_11_viv [\xbip_pipe_v3_0_11_viv(c_has_ce=...]
Compiling architecture rtl of entity floating_point_v7_1_21.delay [\delay(width=24,length=0)\]
Compiling architecture rtl of entity floating_point_v7_1_21.dsp48e1_wrapper [\dsp48e1_wrapper(c_part="xck26-s...]
Compiling architecture synth of entity xbip_pipe_v3_0_11.xbip_pipe_v3_0_11_viv [\xbip_pipe_v3_0_11_viv(c_has_ce=...]
Compiling architecture rtl of entity floating_point_v7_1_21.delay [\delay(width=13,length=0)\]
Compiling architecture synth of entity xbip_pipe_v3_0_11.xbip_pipe_v3_0_11_viv [\xbip_pipe_v3_0_11_viv(c_has_ce=...]
Compiling architecture rtl of entity floating_point_v7_1_21.delay [\delay(width=27,length=0)\]
Compiling architecture synth of entity floating_point_v7_1_21.align_add_dsp48e1_sgl [\align_add_dsp48e1_sgl(c_xdevice...]
Compiling architecture fdre_v of entity unisim.FDRE [fdre_default]
Compiling architecture fde_v of entity unisim.FDE [fde_default]
Compiling architecture lut5_v of entity unisim.LUT5 [\LUT5(init="00000000000000001111...]
Compiling architecture lut5_v of entity unisim.LUT5 [\LUT5(init="00000000000000000000...]
Compiling architecture synth of entity xbip_pipe_v3_0_11.xbip_pipe_v3_0_11_viv [\xbip_pipe_v3_0_11_viv(c_latency...]
Compiling architecture rtl of entity floating_point_v7_1_21.delay [\delay(width=27)\]
Compiling architecture synth of entity xbip_pipe_v3_0_11.xbip_pipe_v3_0_11_viv [\xbip_pipe_v3_0_11_viv(c_latency...]
Compiling architecture rtl of entity floating_point_v7_1_21.delay [delay_default]
Compiling architecture synth of entity xbip_pipe_v3_0_11.xbip_pipe_v3_0_11_viv [\xbip_pipe_v3_0_11_viv(c_has_ce=...]
Compiling architecture rtl of entity floating_point_v7_1_21.delay [\delay(width=5,length=0)\]
Compiling architecture rtl of entity floating_point_v7_1_21.lead_zero_encode_shift [\lead_zero_encode_shift(ab_fw=24...]
Compiling architecture synth of entity xbip_pipe_v3_0_11.xbip_pipe_v3_0_11_viv [\xbip_pipe_v3_0_11_viv(c_latency...]
Compiling architecture rtl of entity floating_point_v7_1_21.delay [\delay(width=4)\]
Compiling architecture synth of entity xbip_pipe_v3_0_11.xbip_pipe_v3_0_11_viv [\xbip_pipe_v3_0_11_viv(c_latency...]
Compiling architecture rtl of entity floating_point_v7_1_21.delay [\delay(width=3)\]
Compiling architecture lut6_v of entity unisim.LUT6 [\LUT6(init="11111110010101001011...]
Compiling architecture lut5_v of entity unisim.LUT5 [\LUT5(init="00010001010111110000...]
Compiling architecture lut5_v of entity unisim.LUT5 [\LUT5(init="11101110101000001111...]
Compiling architecture synth of entity xbip_pipe_v3_0_11.xbip_pipe_v3_0_11_viv [\xbip_pipe_v3_0_11_viv(c_has_ce=...]
Compiling architecture rtl of entity floating_point_v7_1_21.delay [\delay(width=2,length=0)\]
Compiling architecture dsp48e1_v of entity unisim.DSP48E1 [\DSP48E1(acascreg=0,adreg=0,alum...]
Compiling architecture synth of entity xbip_pipe_v3_0_11.xbip_pipe_v3_0_11_viv [\xbip_pipe_v3_0_11_viv(c_has_ce=...]
Compiling architecture rtl of entity floating_point_v7_1_21.delay [\delay(width=25,length=0)\]
Compiling architecture rtl of entity floating_point_v7_1_21.dsp48e1_wrapper [\dsp48e1_wrapper(a_width=24,c_wi...]
Compiling architecture rtl of entity floating_point_v7_1_21.norm_and_round_dsp48e1_sgl [\norm_and_round_dsp48e1_sgl(c_mu...]
Compiling architecture lut5_v of entity unisim.LUT5 [\LUT5(init="10011001100110011001...]
Compiling architecture lut5_v of entity unisim.LUT5 [\LUT5(init="11111111000000001111...]
Compiling architecture synth of entity xbip_pipe_v3_0_11.xbip_pipe_v3_0_11_viv [\xbip_pipe_v3_0_11_viv(c_has_ce=...]
Compiling architecture rtl of entity floating_point_v7_1_21.delay [\delay(width=9,length=0)\]
Compiling architecture struct of entity floating_point_v7_1_21.carry_chain [\carry_chain(c_xdevicefamily="zy...]
Compiling architecture synth of entity xbip_pipe_v3_0_11.xbip_pipe_v3_0_11_viv [\xbip_pipe_v3_0_11_viv(c_has_ce=...]
Compiling architecture rtl of entity floating_point_v7_1_21.delay [\delay(width=8,length=0)\]
Compiling architecture synth of entity xbip_pipe_v3_0_11.xbip_pipe_v3_0_11_viv [\xbip_pipe_v3_0_11_viv(c_has_ce=...]
Compiling architecture rtl of entity floating_point_v7_1_21.delay [\delay(width=10,length=0)\]
Compiling architecture synth of entity xbip_pipe_v3_0_11.xbip_pipe_v3_0_11_viv [\xbip_pipe_v3_0_11_viv(c_has_ce=...]
Compiling architecture rtl of entity floating_point_v7_1_21.delay [\delay(width=4,length=0,fast_inp...]
Compiling architecture struct of entity floating_point_v7_1_21.carry_chain [\carry_chain(c_xdevicefamily="zy...]
Compiling architecture synth of entity floating_point_v7_1_21.compare_eq_im [\compare_eq_im(c_xdevicefamily="...]
Compiling architecture synth of entity xbip_pipe_v3_0_11.xbip_pipe_v3_0_11_viv [\xbip_pipe_v3_0_11_viv(c_latency...]
Compiling architecture rtl of entity floating_point_v7_1_21.delay [\delay(fast_input=true)\]
Compiling architecture rtl of entity floating_point_v7_1_21.special_detect [\special_detect(c_xdevicefamily=...]
Compiling architecture struct of entity floating_point_v7_1_21.carry_chain [\carry_chain(c_xdevicefamily="zy...]
Compiling architecture synth of entity floating_point_v7_1_21.compare_gt [\compare_gt(c_xdevicefamily="zyn...]
Compiling architecture synth of entity floating_point_v7_1_21.compare [\compare(c_xdevicefamily="zynqup...]
Compiling architecture synth of entity xbip_pipe_v3_0_11.xbip_pipe_v3_0_11_viv [\xbip_pipe_v3_0_11_viv(c_latency...]
Compiling architecture rtl of entity floating_point_v7_1_21.delay [\delay(width=8)\]
Compiling architecture synth of entity xbip_pipe_v3_0_11.xbip_pipe_v3_0_11_viv [\xbip_pipe_v3_0_11_viv(c_latency...]
Compiling architecture rtl of entity floating_point_v7_1_21.delay [\delay(width=9)\]
Compiling architecture synth of entity xbip_pipe_v3_0_11.xbip_pipe_v3_0_11_viv [\xbip_pipe_v3_0_11_viv(c_latency...]
Compiling architecture rtl of entity floating_point_v7_1_21.delay [\delay(width=2,fast_input=true)\]
Compiling architecture synth of entity xbip_pipe_v3_0_11.xbip_pipe_v3_0_11_viv [\xbip_pipe_v3_0_11_viv(c_has_ce=...]
Compiling architecture rtl of entity floating_point_v7_1_21.delay [\delay(length=0,fast_input=true)...]
Compiling architecture synth of entity xbip_pipe_v3_0_11.xbip_pipe_v3_0_11_viv [\xbip_pipe_v3_0_11_viv(c_has_ce=...]
Compiling architecture rtl of entity floating_point_v7_1_21.delay [\delay(width=2,length=0,fast_inp...]
Compiling architecture synth of entity xbip_pipe_v3_0_11.xbip_pipe_v3_0_11_viv [\xbip_pipe_v3_0_11_viv(c_has_ce=...]
Compiling architecture rtl of entity floating_point_v7_1_21.delay [\delay(width=12,length=0)\]
Compiling architecture rtl of entity floating_point_v7_1_21.flt_add_exp_sp [\flt_add_exp_sp(c_xdevicefamily=...]
Compiling architecture synth of entity xbip_pipe_v3_0_11.xbip_pipe_v3_0_11_viv [\xbip_pipe_v3_0_11_viv(c_latency...]
Compiling architecture rtl of entity floating_point_v7_1_21.delay [\delay(width=23)\]
Compiling architecture synth of entity floating_point_v7_1_21.flt_dec_op [\flt_dec_op(c_xdevicefamily="zyn...]
Compiling architecture rtl of entity floating_point_v7_1_21.flt_add_dsp [\flt_add_dsp(c_xdevicefamily="zy...]
Compiling architecture rtl of entity floating_point_v7_1_21.flt_add [\flt_add(c_xdevicefamily="zynqup...]
Compiling architecture synth of entity xbip_pipe_v3_0_11.xbip_pipe_v3_0_11_viv [\xbip_pipe_v3_0_11_viv(c_latency...]
Compiling architecture synth of entity xbip_pipe_v3_0_11.xbip_pipe_v3_0_11_viv [\xbip_pipe_v3_0_11_viv(c_has_ce=...]
Compiling architecture rtl of entity floating_point_v7_1_21.delay [\delay(width=32,length=0)\]
Compiling architecture xilinx of entity floating_point_v7_1_21.floating_point_v7_1_21_viv [\floating_point_v7_1_21_viv(c_xd...]
Compiling architecture xilinx of entity floating_point_v7_1_21.floating_point_v7_1_21 [\floating_point_v7_1_21(c_xdevic...]
Compiling architecture predict_kernel_fadd_32ns_32ns_32_4_full_dsp_1_ip_arch of entity xil_defaultlib.predict_kernel_fadd_32ns_32ns_32_4_full_dsp_1_ip [predict_kernel_fadd_32ns_32ns_32...]
Compiling module xil_defaultlib.predict_kernel_fadd_32ns_32ns_32...
Compiling architecture dsp48e1_v of entity unisim.DSP48E1 [\DSP48E1(acascreg=0,adreg=0,alum...]
Compiling architecture synth of entity xbip_pipe_v3_0_11.xbip_pipe_v3_0_11_viv [\xbip_pipe_v3_0_11_viv(c_has_ce=...]
Compiling architecture rtl of entity floating_point_v7_1_21.delay [\delay(width=17,length=0)\]
Compiling architecture rtl of entity floating_point_v7_1_21.dsp48e1_wrapper [\dsp48e1_wrapper(a_width=24,b_wi...]
Compiling architecture dsp48e1_v of entity unisim.DSP48E1 [\DSP48E1(acascreg=0,adreg=0,alum...]
Compiling architecture rtl of entity floating_point_v7_1_21.dsp48e1_wrapper [\dsp48e1_wrapper(a_width=24,b_wi...]
Compiling architecture struct of entity floating_point_v7_1_21.fix_mult_dsp48e1_sgl [\fix_mult_dsp48e1_sgl(registers=...]
Compiling architecture rtl of entity floating_point_v7_1_21.fix_mult [\fix_mult(c_xdevicefamily="zynqu...]
Compiling architecture synth of entity xbip_pipe_v3_0_11.xbip_pipe_v3_0_11_viv [\xbip_pipe_v3_0_11_viv(c_has_ce=...]
Compiling architecture rtl of entity floating_point_v7_1_21.delay [\delay(width=8,length=0,fast_inp...]
Compiling architecture struct of entity floating_point_v7_1_21.carry_chain [\carry_chain(c_xdevicefamily="zy...]
Compiling architecture struct of entity floating_point_v7_1_21.carry_chain [\carry_chain(c_xdevicefamily="zy...]
Compiling architecture synth of entity floating_point_v7_1_21.compare_eq_im [\compare_eq_im(c_xdevicefamily="...]
Compiling architecture rtl of entity floating_point_v7_1_21.special_detect [\special_detect(c_xdevicefamily=...]
Compiling architecture synth of entity xbip_pipe_v3_0_11.xbip_pipe_v3_0_11_viv [\xbip_pipe_v3_0_11_viv(c_has_ce=...]
Compiling architecture rtl of entity floating_point_v7_1_21.delay [\delay(width=3,length=0,fast_inp...]
Compiling architecture synth of entity xbip_pipe_v3_0_11.xbip_pipe_v3_0_11_viv [\xbip_pipe_v3_0_11_viv(c_has_ce=...]
Compiling architecture rtl of entity floating_point_v7_1_21.delay [\delay(width=14,length=0)\]
Compiling architecture rtl of entity floating_point_v7_1_21.flt_mult_exp [\flt_mult_exp(c_xdevicefamily="z...]
Compiling architecture dsp48e1_v of entity unisim.DSP48E1 [\DSP48E1(acascreg=0,adreg=0,alum...]
Compiling architecture synth of entity xbip_pipe_v3_0_11.xbip_pipe_v3_0_11_viv [\xbip_pipe_v3_0_11_viv(c_has_ce=...]
Compiling architecture rtl of entity floating_point_v7_1_21.delay [\delay(width=30,length=0)\]
Compiling architecture synth of entity xbip_pipe_v3_0_11.xbip_pipe_v3_0_11_viv [\xbip_pipe_v3_0_11_viv(c_has_ce=...]
Compiling architecture rtl of entity floating_point_v7_1_21.delay [\delay(width=18,length=0)\]
Compiling architecture rtl of entity floating_point_v7_1_21.dsp48e1_wrapper [\dsp48e1_wrapper(a_width=30,b_wi...]
Compiling architecture struct of entity floating_point_v7_1_21.flt_round_dsp_opt_full [\flt_round_dsp_opt_full(c_xdevic...]
Compiling architecture rtl of entity floating_point_v7_1_21.flt_mult_round [\flt_mult_round(c_xdevicefamily=...]
Compiling architecture synth of entity floating_point_v7_1_21.flt_dec_op_lat [\flt_dec_op_lat(c_xdevicefamily=...]
Compiling architecture rtl of entity floating_point_v7_1_21.flt_mult [\flt_mult(c_xdevicefamily="zynqu...]
Compiling architecture xilinx of entity floating_point_v7_1_21.floating_point_v7_1_21_viv [\floating_point_v7_1_21_viv(c_xd...]
Compiling architecture xilinx of entity floating_point_v7_1_21.floating_point_v7_1_21 [\floating_point_v7_1_21(c_xdevic...]
Compiling architecture predict_kernel_fmul_32ns_32ns_32_3_max_dsp_1_ip_arch of entity xil_defaultlib.predict_kernel_fmul_32ns_32ns_32_3_max_dsp_1_ip [predict_kernel_fmul_32ns_32ns_32...]
Compiling module xil_defaultlib.predict_kernel_fmul_32ns_32ns_32...
Compiling module xil_defaultlib.predict_kernel
Compiling module xil_defaultlib.misc_interface_default
Compiling module xil_defaultlib.svr_if_default
Compiling module xil_defaultlib.sv_module_top
Compiling module xil_defaultlib.AESL_automem_H_x_0
Compiling module xil_defaultlib.AESL_automem_H_x_1
Compiling module xil_defaultlib.AESL_automem_H_x_2
Compiling module xil_defaultlib.AESL_automem_H_x_3
Compiling module xil_defaultlib.AESL_automem_A_0
Compiling module xil_defaultlib.AESL_automem_A_1
Compiling module xil_defaultlib.AESL_automem_A_2
Compiling module xil_defaultlib.AESL_automem_A_3
Compiling module xil_defaultlib.AESL_automem_H_w_0
Compiling module xil_defaultlib.AESL_automem_H_w_1
Compiling module xil_defaultlib.AESL_automem_H_w_2
Compiling module xil_defaultlib.AESL_automem_H_w_3
Compiling module xil_defaultlib.AESL_automem_H_pred_0
Compiling module xil_defaultlib.AESL_automem_H_pred_1
Compiling module xil_defaultlib.AESL_automem_H_pred_2
Compiling module xil_defaultlib.AESL_automem_H_pred_3
Compiling module xil_defaultlib.nodf_module_intf_default
Compiling module xil_defaultlib.upc_loop_intf(FSM_WIDTH=1)
Compiling module xil_defaultlib.dataflow_monitor_1
Compiling module xil_defaultlib.apatb_predict_kernel_top
Compiling module xil_defaultlib.glbl
Built simulation snapshot predict_kernel
