==============================================================
Vitis HLS - High-Level Synthesis from C, C++ and OpenCL v2025.2 (64-bit)
Tool Version Limit: 2025.11
Copyright 1986-2022 Xilinx, Inc. All Rights Reserved.
Copyright 2022-2025 Advanced Micro Devices, Inc. All Rights Reserved.

==============================================================
INFO: [HLS 200-1505] Using default flow_target 'vivado'
INFO: [HLS 200-1510] Running: set_part xck26-sfvc784-2LV-c 
INFO: [HLS 200-1611] Setting target device to 'xck26-sfvc784-2LV-c'
INFO: [HLS 200-1510] Running: create_clock -period 10.0 -name default 
INFO: [SYN 201-201] Setting up clock 'default' with a period of 10ns.
INFO: [HLS 200-1510] Running: config_interface -m_axi_addr64=1 
INFO: [HLS 200-1510] Running: config_compile -pipeline_loops=1 
INFO: [XFORM 203-1171] Pipeline the innermost loop with trip count more than 1 or its parent loop when its trip count is less than or equal 1.
INFO: [HLS 200-1510] Running: csynth_design 
INFO: [HLS 200-111] Finished File checks and directory preparation: CPU user time: 0.13 seconds. CPU system time: 0.18 seconds. Elapsed time: 0.58 seconds; current allocated memory: 335.688 MB.
INFO: [HLS 200-2191] C-Synthesis will use clang-16 as the compiler
INFO: [HLS 200-10] Analyzing design file '/home/zzh/minkowski_fpga/src/hls/fpga_kernels.cpp' ... 
INFO: [HLS 200-111] Finished Source Code Analysis and Preprocessing: CPU user time: 0.69 seconds. CPU system time: 0.79 seconds. Elapsed time: 2.94 seconds; current allocated memory: 337.531 MB.
INFO: [HLS 200-777] Using interface defaults for 'Vivado' flow target.
INFO: [HLS 200-1995] There were 135 instructions in the design after the 'Compile/Link' phase of compilation. See the Design Size Report for more details (/home/zzh/minkowski_fpga/data/output/HLS_Report/sol1/syn/report/csynth_design_size.rpt:2)
INFO: [HLS 200-1995] There were 136 instructions in the design after the 'Unroll/Inline (step 1)' phase of compilation. See the Design Size Report for more details (/home/zzh/minkowski_fpga/data/output/HLS_Report/sol1/syn/report/csynth_design_size.rpt:2)
INFO: [HLS 200-1995] There were 106 instructions in the design after the 'Unroll/Inline (step 2)' phase of compilation. See the Design Size Report for more details (/home/zzh/minkowski_fpga/data/output/HLS_Report/sol1/syn/report/csynth_design_size.rpt:2)
INFO: [HLS 200-1995] There were 105 instructions in the design after the 'Unroll/Inline (step 3)' phase of compilation. See the Design Size Report for more details (/home/zzh/minkowski_fpga/data/output/HLS_Report/sol1/syn/report/csynth_design_size.rpt:2)
INFO: [HLS 200-1995] There were 105 instructions in the design after the 'Unroll/Inline (step 4)' phase of compilation. See the Design Size Report for more details (/home/zzh/minkowski_fpga/data/output/HLS_Report/sol1/syn/report/csynth_design_size.rpt:2)
INFO: [HLS 200-1995] There were 201 instructions in the design after the 'Array/Struct (step 1)' phase of compilation. See the Design Size Report for more details (/home/zzh/minkowski_fpga/data/output/HLS_Report/sol1/syn/report/csynth_design_size.rpt:2)
INFO: [HLS 200-1995] There were 165 instructions in the design after the 'Array/Struct (step 2)' phase of compilation. See the Design Size Report for more details (/home/zzh/minkowski_fpga/data/output/HLS_Report/sol1/syn/report/csynth_design_size.rpt:2)
INFO: [HLS 200-1995] There were 165 instructions in the design after the 'Array/Struct (step 3)' phase of compilation. See the Design Size Report for more details (/home/zzh/minkowski_fpga/data/output/HLS_Report/sol1/syn/report/csynth_design_size.rpt:2)
INFO: [HLS 200-1995] There were 165 instructions in the design after the 'Array/Struct (step 4)' phase of compilation. See the Design Size Report for more details (/home/zzh/minkowski_fpga/data/output/HLS_Report/sol1/syn/report/csynth_design_size.rpt:2)
INFO: [HLS 200-1995] There were 167 instructions in the design after the 'Array/Struct (step 5)' phase of compilation. See the Design Size Report for more details (/home/zzh/minkowski_fpga/data/output/HLS_Report/sol1/syn/report/csynth_design_size.rpt:2)
INFO: [HLS 200-1995] There were 167 instructions in the design after the 'Performance (step 1)' phase of compilation. See the Design Size Report for more details (/home/zzh/minkowski_fpga/data/output/HLS_Report/sol1/syn/report/csynth_design_size.rpt:2)
INFO: [HLS 200-1995] There were 167 instructions in the design after the 'Performance (step 2)' phase of compilation. See the Design Size Report for more details (/home/zzh/minkowski_fpga/data/output/HLS_Report/sol1/syn/report/csynth_design_size.rpt:2)
INFO: [HLS 200-1995] There were 165 instructions in the design after the 'Performance (step 3)' phase of compilation. See the Design Size Report for more details (/home/zzh/minkowski_fpga/data/output/HLS_Report/sol1/syn/report/csynth_design_size.rpt:2)
INFO: [HLS 200-1995] There were 165 instructions in the design after the 'Performance (step 4)' phase of compilation. See the Design Size Report for more details (/home/zzh/minkowski_fpga/data/output/HLS_Report/sol1/syn/report/csynth_design_size.rpt:2)
INFO: [HLS 200-1995] There were 262 instructions in the design after the 'HW Transforms (step 1)' phase of compilation. See the Design Size Report for more details (/home/zzh/minkowski_fpga/data/output/HLS_Report/sol1/syn/report/csynth_design_size.rpt:2)
INFO: [HLS 200-1995] There were 272 instructions in the design after the 'HW Transforms (step 2)' phase of compilation. See the Design Size Report for more details (/home/zzh/minkowski_fpga/data/output/HLS_Report/sol1/syn/report/csynth_design_size.rpt:2)
INFO: [HLS 214-291] Loop 'VITIS_LOOP_51_5' is marked as complete unroll implied by the pipeline pragma (fpga_kernels.cpp:51:30)
INFO: [HLS 214-291] Loop 'VITIS_LOOP_38_2' is marked as complete unroll implied by the pipeline pragma (fpga_kernels.cpp:38:26)
INFO: [HLS 214-186] Unrolling loop 'VITIS_LOOP_51_5' (fpga_kernels.cpp:51:30) in function 'predict_kernel' completely with a factor of 4 (fpga_kernels.cpp:17:0)
INFO: [HLS 214-186] Unrolling loop 'VITIS_LOOP_38_2' (fpga_kernels.cpp:38:26) in function 'predict_kernel' completely with a factor of 4 (fpga_kernels.cpp:17:0)
INFO: [HLS 214-248] Applying array_partition to 'p_x': Complete partitioning on dimension 1. (fpga_kernels.cpp:17:0)
INFO: [HLS 214-248] Applying array_partition to 'H_x': Complete partitioning on dimension 1. (fpga_kernels.cpp:17:0)
INFO: [HLS 214-248] Applying array_partition to 'A': Complete partitioning on dimension 2. (fpga_kernels.cpp:17:0)
INFO: [HLS 214-248] Applying array_partition to 'p_w': Complete partitioning on dimension 1. (fpga_kernels.cpp:17:0)
INFO: [HLS 214-248] Applying array_partition to 'H_w': Complete partitioning on dimension 1. (fpga_kernels.cpp:17:0)
INFO: [HLS 214-248] Applying array_partition to 'p_pred': Complete partitioning on dimension 1. (fpga_kernels.cpp:17:0)
INFO: [HLS 214-248] Applying array_partition to 'H_pred': Complete partitioning on dimension 1. (fpga_kernels.cpp:17:0)
INFO: [HLS 200-111] Finished Compiling Optimization and Transform: CPU user time: 1.55 seconds. CPU system time: 0.68 seconds. Elapsed time: 6.9 seconds; current allocated memory: 347.230 MB.
INFO: [HLS 200-111] Finished Checking Pragmas: CPU user time: 0 seconds. CPU system time: 0 seconds. Elapsed time: 0 seconds; current allocated memory: 347.230 MB.
INFO: [HLS 200-10] Starting code transformations ...
INFO: [HLS 200-111] Finished Standard Transforms: CPU user time: 0 seconds. CPU system time: 0.02 seconds. Elapsed time: 0.06 seconds; current allocated memory: 347.477 MB.
INFO: [HLS 200-10] Checking synthesizability ...
INFO: [HLS 200-111] Finished Checking Synthesizability: CPU user time: 0.01 seconds. CPU system time: 0 seconds. Elapsed time: 0.01 seconds; current allocated memory: 347.562 MB.
INFO: [HLS 200-111] Finished Loop, function and other optimizations: CPU user time: 0.05 seconds. CPU system time: 0.01 seconds. Elapsed time: 0.06 seconds; current allocated memory: 369.664 MB.
INFO: [HLS 200-2061] Successfully converted nested loops 'VITIS_LOOP_45_3'(fpga_kernels.cpp:45:22) and 'VITIS_LOOP_48_4'(fpga_kernels.cpp:48:26) in function 'predict_kernel' into perfectly nested loops.
INFO: [HLS 200-2061] Successfully converted nested loops 'VITIS_LOOP_59_6'(fpga_kernels.cpp:59:22) and 'VITIS_LOOP_61_7'(fpga_kernels.cpp:61:26) in function 'predict_kernel' into perfectly nested loops.
INFO: [XFORM 203-541] Flattening a loop nest 'VITIS_LOOP_45_3' (fpga_kernels.cpp:45:22) in function 'predict_kernel'.
INFO: [XFORM 203-541] Flattening a loop nest 'VITIS_LOOP_59_6' (fpga_kernels.cpp:59:22) in function 'predict_kernel'.
INFO: [HLS 200-111] Finished Architecture Synthesis: CPU user time: 0.04 seconds. CPU system time: 0.02 seconds. Elapsed time: 0.06 seconds; current allocated memory: 388.910 MB.
INFO: [HLS 200-10] Starting hardware synthesis ...
INFO: [HLS 200-10] Synthesizing 'predict_kernel' ...
INFO: [HLS 200-10] ----------------------------------------------------------------
INFO: [HLS 200-42] -- Implementing module 'predict_kernel_Pipeline_VITIS_LOOP_35_1' 
INFO: [HLS 200-10] ----------------------------------------------------------------
INFO: [SCHED 204-11] Starting scheduling ...
INFO: [SCHED 204-61] Pipelining loop 'VITIS_LOOP_35_1'.
INFO: [HLS 200-1470] Pipelining result : Target II = 1, Final II = 1, Depth = 20, loop 'VITIS_LOOP_35_1'
INFO: [SCHED 204-11] Finished scheduling.
INFO: [HLS 200-111] Finished Scheduling: CPU user time: 0.03 seconds. CPU system time: 0.03 seconds. Elapsed time: 0.13 seconds; current allocated memory: 389.984 MB.
INFO: [BIND 205-100] Starting micro-architecture generation ...
INFO: [BIND 205-101] Performing variable lifetime analysis.
INFO: [BIND 205-101] Exploring resource sharing.
INFO: [BIND 205-101] Binding ...
INFO: [BIND 205-100] Finished micro-architecture generation.
INFO: [HLS 200-111] Finished Binding: CPU user time: 0.01 seconds. CPU system time: 0 seconds. Elapsed time: 0.02 seconds; current allocated memory: 389.984 MB.
INFO: [HLS 200-10] ----------------------------------------------------------------
INFO: [HLS 200-42] -- Implementing module 'predict_kernel_Pipeline_VITIS_LOOP_45_3_VITIS_LOOP_48_4' 
INFO: [HLS 200-10] ----------------------------------------------------------------
INFO: [SCHED 204-11] Starting scheduling ...
INFO: [SCHED 204-61] Pipelining loop 'VITIS_LOOP_45_3_VITIS_LOOP_48_4'.
INFO: [HLS 200-1470] Pipelining result : Target II = 1, Final II = 1, Depth = 20, loop 'VITIS_LOOP_45_3_VITIS_LOOP_48_4'
INFO: [SCHED 204-11] Finished scheduling.
INFO: [HLS 200-111] Finished Scheduling: CPU user time: 0.03 seconds. CPU system time: 0 seconds. Elapsed time: 0.03 seconds; current allocated memory: 389.992 MB.
INFO: [BIND 205-100] Starting micro-architecture generation ...
INFO: [BIND 205-101] Performing variable lifetime analysis.
INFO: [BIND 205-101] Exploring resource sharing.
INFO: [BIND 205-101] Binding ...
INFO: [BIND 205-100] Finished micro-architecture generation.
INFO: [HLS 200-111] Finished Binding: CPU user time: 0.02 seconds. CPU system time: 0.01 seconds. Elapsed time: 0.02 seconds; current allocated memory: 389.992 MB.
INFO: [HLS 200-10] ----------------------------------------------------------------
INFO: [HLS 200-42] -- Implementing module 'predict_kernel_Pipeline_VITIS_LOOP_59_6_VITIS_LOOP_61_7' 
INFO: [HLS 200-10] ----------------------------------------------------------------
INFO: [SCHED 204-11] Starting scheduling ...
INFO: [SCHED 204-61] Pipelining loop 'VITIS_LOOP_59_6_VITIS_LOOP_61_7'.
INFO: [HLS 200-1470] Pipelining result : Target II = 1, Final II = 1, Depth = 2, loop 'VITIS_LOOP_59_6_VITIS_LOOP_61_7'
INFO: [SCHED 204-11] Finished scheduling.
INFO: [HLS 200-111] Finished Scheduling: CPU user time: 0.02 seconds. CPU system time: 0 seconds. Elapsed time: 0.03 seconds; current allocated memory: 390.066 MB.
INFO: [BIND 205-100] Starting micro-architecture generation ...
INFO: [BIND 205-101] Performing variable lifetime analysis.
INFO: [BIND 205-101] Exploring resource sharing.
INFO: [BIND 205-101] Binding ...
INFO: [BIND 205-100] Finished micro-architecture generation.
INFO: [HLS 200-111] Finished Binding: CPU user time: 0.02 seconds. CPU system time: 0 seconds. Elapsed time: 0.02 seconds; current allocated memory: 390.066 MB.
INFO: [HLS 200-10] ----------------------------------------------------------------
INFO: [HLS 200-42] -- Implementing module 'predict_kernel' 
INFO: [HLS 200-10] ----------------------------------------------------------------
INFO: [SCHED 204-11] Starting scheduling ...
INFO: [SCHED 204-11] Finished scheduling.
INFO: [HLS 200-111] Finished Scheduling: CPU user time: 0.02 seconds. CPU system time: 0 seconds. Elapsed time: 0.02 seconds; current allocated memory: 390.477 MB.
INFO: [BIND 205-100] Starting micro-architecture generation ...
INFO: [BIND 205-101] Performing variable lifetime analysis.
INFO: [BIND 205-101] Exploring resource sharing.
INFO: [BIND 205-101] Binding ...
INFO: [BIND 205-100] Finished micro-architecture generation.
INFO: [HLS 200-111] Finished Binding: CPU user time: 0.02 seconds. CPU system time: 0 seconds. Elapsed time: 0.02 seconds; current allocated memory: 390.477 MB.
INFO: [HLS 200-10] ----------------------------------------------------------------
INFO: [HLS 200-10] -- Generating RTL for module 'predict_kernel_Pipeline_VITIS_LOOP_35_1' 
INFO: [HLS 200-10] ----------------------------------------------------------------
INFO: [HLS 200-1030] Apply Unified Pipeline Control on module 'predict_kernel_Pipeline_VITIS_LOOP_35_1' pipeline 'VITIS_LOOP_35_1' pipeline type 'loop pipeline'
INFO: [RTGEN 206-100] Generating core module 'fadd_32ns_32ns_32_4_full_dsp_1': 4 instance(s).
INFO: [RTGEN 206-100] Generating core module 'fmul_32ns_32ns_32_3_max_dsp_1': 4 instance(s).
INFO: [RTGEN 206-100] Generating core module 'sparsemux_9_2_32_1_1': 1 instance(s).
INFO: [RTGEN 206-100] Finished creating RTL model for 'predict_kernel_Pipeline_VITIS_LOOP_35_1'.
INFO: [HLS 200-111] Finished Creating RTL model: CPU user time: 0.02 seconds. CPU system time: 0.01 seconds. Elapsed time: 0.04 seconds; current allocated memory: 390.875 MB.
INFO: [HLS 200-10] ----------------------------------------------------------------
INFO: [HLS 200-10] -- Generating RTL for module 'predict_kernel_Pipeline_VITIS_LOOP_45_3_VITIS_LOOP_48_4' 
INFO: [HLS 200-10] ----------------------------------------------------------------
INFO: [HLS 200-1030] Apply Unified Pipeline Control on module 'predict_kernel_Pipeline_VITIS_LOOP_45_3_VITIS_LOOP_48_4' pipeline 'VITIS_LOOP_45_3_VITIS_LOOP_48_4' pipeline type 'loop pipeline'
INFO: [RTGEN 206-100] Generating core module 'fadd_32ns_32ns_32_4_full_dsp_1': 4 instance(s).
INFO: [RTGEN 206-100] Generating core module 'fmul_32ns_32ns_32_3_max_dsp_1': 4 instance(s).
INFO: [RTGEN 206-100] Finished creating RTL model for 'predict_kernel_Pipeline_VITIS_LOOP_45_3_VITIS_LOOP_48_4'.
INFO: [HLS 200-111] Finished Creating RTL model: CPU user time: 0.07 seconds. CPU system time: 0.02 seconds. Elapsed time: 0.08 seconds; current allocated memory: 393.336 MB.
INFO: [HLS 200-10] ----------------------------------------------------------------
INFO: [HLS 200-10] -- Generating RTL for module 'predict_kernel_Pipeline_VITIS_LOOP_59_6_VITIS_LOOP_61_7' 
INFO: [HLS 200-10] ----------------------------------------------------------------
INFO: [HLS 200-1030] Apply Unified Pipeline Control on module 'predict_kernel_Pipeline_VITIS_LOOP_59_6_VITIS_LOOP_61_7' pipeline 'VITIS_LOOP_59_6_VITIS_LOOP_61_7' pipeline type 'loop pipeline'
INFO: [RTGEN 206-100] Generating core module 'sparsemux_9_2_32_1_1': 1 instance(s).
INFO: [RTGEN 206-100] Finished creating RTL model for 'predict_kernel_Pipeline_VITIS_LOOP_59_6_VITIS_LOOP_61_7'.
INFO: [HLS 200-111] Finished Creating RTL model: CPU user time: 0.05 seconds. CPU system time: 0.01 seconds. Elapsed time: 0.07 seconds; current allocated memory: 395.652 MB.
INFO: [HLS 200-10] ----------------------------------------------------------------
INFO: [HLS 200-10] -- Generating RTL for module 'predict_kernel' 
INFO: [HLS 200-10] ----------------------------------------------------------------
INFO: [RTGEN 206-500] Setting interface mode on port 'predict_kernel/p_x_0' to 'ap_none'.
INFO: [RTGEN 206-500] Setting interface mode on port 'predict_kernel/p_x_1' to 'ap_none'.
INFO: [RTGEN 206-500] Setting interface mode on port 'predict_kernel/p_x_2' to 'ap_none'.
INFO: [RTGEN 206-500] Setting interface mode on port 'predict_kernel/p_x_3' to 'ap_none'.
INFO: [RTGEN 206-500] Setting interface mode on port 'predict_kernel/H_x_0' to 'ap_memory'.
INFO: [RTGEN 206-500] Setting interface mode on port 'predict_kernel/H_x_1' to 'ap_memory'.
INFO: [RTGEN 206-500] Setting interface mode on port 'predict_kernel/H_x_2' to 'ap_memory'.
INFO: [RTGEN 206-500] Setting interface mode on port 'predict_kernel/H_x_3' to 'ap_memory'.
INFO: [RTGEN 206-500] Setting interface mode on port 'predict_kernel/m_x' to 'ap_none'.
INFO: [RTGEN 206-500] Setting interface mode on port 'predict_kernel/A_0' to 'ap_memory'.
INFO: [RTGEN 206-500] Setting interface mode on port 'predict_kernel/A_1' to 'ap_memory'.
INFO: [RTGEN 206-500] Setting interface mode on port 'predict_kernel/A_2' to 'ap_memory'.
INFO: [RTGEN 206-500] Setting interface mode on port 'predict_kernel/A_3' to 'ap_memory'.
INFO: [RTGEN 206-500] Setting interface mode on port 'predict_kernel/p_w_0' to 'ap_none'.
INFO: [RTGEN 206-500] Setting interface mode on port 'predict_kernel/p_w_1' to 'ap_none'.
INFO: [RTGEN 206-500] Setting interface mode on port 'predict_kernel/p_w_2' to 'ap_none'.
INFO: [RTGEN 206-500] Setting interface mode on port 'predict_kernel/p_w_3' to 'ap_none'.
INFO: [RTGEN 206-500] Setting interface mode on port 'predict_kernel/H_w_0' to 'ap_memory'.
INFO: [RTGEN 206-500] Setting interface mode on port 'predict_kernel/H_w_1' to 'ap_memory'.
INFO: [RTGEN 206-500] Setting interface mode on port 'predict_kernel/H_w_2' to 'ap_memory'.
INFO: [RTGEN 206-500] Setting interface mode on port 'predict_kernel/H_w_3' to 'ap_memory'.
INFO: [RTGEN 206-500] Setting interface mode on port 'predict_kernel/m_w' to 'ap_none'.
INFO: [RTGEN 206-500] Setting interface mode on port 'predict_kernel/p_pred_0' to 'ap_vld'.
INFO: [RTGEN 206-500] Setting interface mode on port 'predict_kernel/p_pred_1' to 'ap_vld'.
INFO: [RTGEN 206-500] Setting interface mode on port 'predict_kernel/p_pred_2' to 'ap_vld'.
INFO: [RTGEN 206-500] Setting interface mode on port 'predict_kernel/p_pred_3' to 'ap_vld'.
INFO: [RTGEN 206-500] Setting interface mode on port 'predict_kernel/H_pred_0' to 'ap_memory'.
INFO: [RTGEN 206-500] Setting interface mode on port 'predict_kernel/H_pred_1' to 'ap_memory'.
INFO: [RTGEN 206-500] Setting interface mode on port 'predict_kernel/H_pred_2' to 'ap_memory'.
INFO: [RTGEN 206-500] Setting interface mode on port 'predict_kernel/H_pred_3' to 'ap_memory'.
INFO: [RTGEN 206-500] Setting interface mode on port 'predict_kernel/m_pred' to 'ap_vld'.
INFO: [RTGEN 206-500] Setting interface mode on function 'predict_kernel' to 'ap_ctrl_hs'.
INFO: [RTGEN 206-100] Generating core module 'fadd_32ns_32ns_32_4_full_dsp_1': 4 instance(s).
INFO: [RTGEN 206-100] Generating core module 'fmul_32ns_32ns_32_3_max_dsp_1': 4 instance(s).
INFO: [RTGEN 206-100] Finished creating RTL model for 'predict_kernel'.
INFO: [HLS 200-111] Finished Creating RTL model: CPU user time: 0.05 seconds. CPU system time: 0.01 seconds. Elapsed time: 0.07 seconds; current allocated memory: 397.801 MB.
INFO: [HLS 200-111] Finished Generating all RTL models: CPU user time: 0.13 seconds. CPU system time: 0.03 seconds. Elapsed time: 0.16 seconds; current allocated memory: 401.727 MB.
INFO: [HLS 200-2225] Wrote inferred directives to file /home/zzh/minkowski_fpga/data/output/HLS_Report/sol1/syn/inferred_directives.ini
INFO: [HLS 200-111] Finished Updating report files: CPU user time: 0.34 seconds. CPU system time: 0.04 seconds. Elapsed time: 0.38 seconds; current allocated memory: 406.082 MB.
INFO: [VHDL 208-304] Generating VHDL RTL for predict_kernel.
INFO: [VLOG 209-307] Generating Verilog RTL for predict_kernel.
INFO: [HLS 200-790] **** Loop Constraint Status: All loop constraints were satisfied.
INFO: [HLS 200-789] **** Estimated Fmax: 142.53 MHz
INFO: [HLS 200-2161] Finished Command csynth_design Elapsed time: 00:00:11; Allocated memory: 70.395 MB.
INFO: [HLS 200-1510] Running: cosim_design 
INFO: [COSIM 212-47] Using XSIM for RTL simulation.
INFO: [COSIM 212-14] Instrumenting C test bench ...
INFO: [COSIM 212-302] Starting C TB testing ... 
INFO: [COSIM 212-333] Generating C post check test bench ...
INFO: [COSIM 212-12] Generating RTL test bench ...
INFO: [COSIM 212-1] *** C/RTL co-simulation file generation completed. ***
INFO: [COSIM 212-323] Starting verilog simulation. 
INFO: [COSIM 212-15] Starting XSIM ...
WARNING: [HLS 200-2011] Cannot find the 'zip' utility on this system. This is required for cosimulation.
INFO: [COSIM 212-316] Starting C post checking ...
INFO: [COSIM 212-1000] *** C/RTL co-simulation finished: PASS ***
INFO: [HLS 200-2161] Finished Command cosim_design Elapsed time: 00:00:40; Allocated memory: 9.375 MB.
