FPGA TB repo_root=/home/zzh/minkowski_fpga/hls
FPGA TB out_base=/home/zzh/minkowski_fpga/hls/data/output/fpga/cosim
[LAMBDA_NONE] k=0 done (m=12, predict=165.5us, strip=0.5us, row_sum=0.1us)
[LAMBDA_NONE] k=1 done (m=12, predict=13.0us, strip=0.6us, row_sum=0.1us)
[LAMBDA_NONE] k=2 done (m=12, predict=10.3us, strip=0.6us, row_sum=0.1us)
[LAMBDA_NONE] k=3 done (m=12, predict=12.2us, strip=0.6us, row_sum=0.1us)
[LAMBDA_NONE] k=4 done (m=12, predict=10.2us, strip=0.5us, row_sum=0.1us)
[LAMBDA_NONE] k=5 done (m=12, predict=12.3us, strip=0.6us, row_sum=0.1us)
[LAMBDA_NONE] k=6 done (m=12, predict=10.2us, strip=0.5us, row_sum=0.1us)
[LAMBDA_NONE] k=7 done (m=12, predict=9.9us, strip=0.5us, row_sum=0.1us)
[LAMBDA_NONE] k=8 done (m=12, predict=10.0us, strip=0.5us, row_sum=0.1us)
[LAMBDA_NONE] k=9 done (m=12, predict=9.8us, strip=0.5us, row_sum=0.1us)
[LAMBDA_NONE] k=10 done (m=12, predict=11.9us, strip=0.6us, row_sum=0.1us)
[LAMBDA_NONE] k=11 done (m=12, predict=10.5us, strip=0.5us, row_sum=0.1us)
[LAMBDA_NONE] k=12 done (m=12, predict=10.0us, strip=0.5us, row_sum=0.1us)
[LAMBDA_NONE] k=13 done (m=12, predict=9.9us, strip=0.5us, row_sum=0.1us)
[LAMBDA_NONE] k=14 done (m=12, predict=11.9us, strip=0.6us, row_sum=0.1us)
[LAMBDA_NONE] outputs: /home/zzh/minkowski_fpga/hls/data/output/fpga/cosim/LAMBDA_NONE
[LAMBDA_NONE] kernel_time_summary_us.csv: total_predict=317.7us (n=15, avg=21.2us), total_strip=7.8us (n=30, avg=0.3us), total_row_sum=1.7us (n=15, avg=0.1us)
[LAMBDA_SEGMENT] k=0 done (m=12, predict=12.1us, strip=0.4us, row_sum=0.1us)
[LAMBDA_SEGMENT] k=1 done (m=12, predict=10.2us, strip=0.5us, row_sum=0.2us)
[LAMBDA_SEGMENT] k=2 done (m=12, predict=10.0us, strip=0.5us, row_sum=0.1us)
[LAMBDA_SEGMENT] k=3 done (m=12, predict=9.8us, strip=0.5us, row_sum=0.1us)
[LAMBDA_SEGMENT] k=4 done (m=12, predict=10.0us, strip=0.5us, row_sum=0.1us)
[LAMBDA_SEGMENT] k=5 done (m=12, predict=9.9us, strip=0.4us, row_sum=0.1us)
[LAMBDA_SEGMENT] k=6 done (m=12, predict=9.9us, strip=0.4us, row_sum=0.1us)
[LAMBDA_SEGMENT] k=7 done (m=12, predict=9.9us, strip=0.5us, row_sum=0.2us)
[LAMBDA_SEGMENT] k=8 done (m=12, predict=10.1us, strip=0.5us, row_sum=0.1us)
[LAMBDA_SEGMENT] k=9 done (m=12, predict=10.0us, strip=0.4us, row_sum=0.1us)
[LAMBDA_SEGMENT] k=10 done (m=12, predict=12.1us, strip=0.5us, row_sum=0.2us)
[LAMBDA_SEGMENT] k=11 done (m=12, predict=10.3us, strip=0.5us, row_sum=0.1us)
[LAMBDA_SEGMENT] k=12 done (m=12, predict=9.9us, strip=0.5us, row_sum=0.1us)
[LAMBDA_SEGMENT] k=13 done (m=12, predict=9.7us, strip=0.4us, row_sum=0.1us)
[LAMBDA_SEGMENT] k=14 done (m=12, predict=9.8us, strip=0.5us, row_sum=0.1us)
[LAMBDA_SEGMENT] outputs: /home/zzh/minkowski_fpga/hls/data/output/fpga/cosim/LAMBDA_SEGMENT
[LAMBDA_SEGMENT] kernel_time_summary_us.csv: total_predict=153.6us (n=15, avg=10.2us), total_strip=6.9us (n=30, avg=0.2us), total_row_sum=1.9us (n=15, avg=0.1us)
[LAMBDA_VOLUME] k=0 done (m=12, predict=17.3us, strip=0.4us, row_sum=0.1us)
[LAMBDA_VOLUME] k=1 done (m=12, predict=10.2us, strip=0.5us, row_sum=0.2us)
[LAMBDA_VOLUME] k=2 done (m=12, predict=9.9us, strip=0.4us, row_sum=0.1us)
[LAMBDA_VOLUME] k=3 done (m=12, predict=9.7us, strip=0.5us, row_sum=0.1us)
[LAMBDA_VOLUME] k=4 done (m=12, predict=9.8us, strip=0.4us, row_sum=0.1us)
[LAMBDA_VOLUME] k=5 done (m=12, predict=9.8us, strip=0.5us, row_sum=0.1us)
[LAMBDA_VOLUME] k=6 done (m=12, predict=14.3us, strip=0.5us, row_sum=0.1us)
[LAMBDA_VOLUME] k=7 done (m=12, predict=9.8us, strip=0.5us, row_sum=0.1us)
[LAMBDA_VOLUME] k=8 done (m=12, predict=9.7us, strip=0.5us, row_sum=0.1us)
[LAMBDA_VOLUME] k=9 done (m=12, predict=9.8us, strip=0.4us, row_sum=0.1us)
[LAMBDA_VOLUME] k=10 done (m=12, predict=9.9us, strip=0.5us, row_sum=0.1us)
[LAMBDA_VOLUME] k=11 done (m=12, predict=11.8us, strip=0.6us, row_sum=0.1us)
[LAMBDA_VOLUME] k=12 done (m=12, predict=10.1us, strip=0.5us, row_sum=0.1us)
[LAMBDA_VOLUME] k=13 done (m=12, predict=10.0us, strip=0.5us, row_sum=0.1us)
[LAMBDA_VOLUME] k=14 done (m=12, predict=9.8us, strip=0.5us, row_sum=0.1us)
[LAMBDA_VOLUME] outputs: /home/zzh/minkowski_fpga/hls/data/output/fpga/cosim/LAMBDA_VOLUME
[LAMBDA_VOLUME] kernel_time_summary_us.csv: total_predict=162.1us (n=15, avg=10.8us), total_strip=6.9us (n=30, avg=0.2us), total_row_sum=1.6us (n=15, avg=0.1us)
[LAMBDA_P_RADIUS] k=0 done (m=12, predict=12.5us, strip=0.4us, row_sum=0.1us)
[LAMBDA_P_RADIUS] k=1 done (m=12, predict=13.5us, strip=1.5us, row_sum=0.5us)
[LAMBDA_P_RADIUS] k=2 done (m=12, predict=31.4us, strip=1.6us, row_sum=0.8us)
[LAMBDA_P_RADIUS] k=3 done (m=12, predict=25.1us, strip=1.2us, row_sum=0.6us)
[LAMBDA_P_RADIUS] k=4 done (m=12, predict=12.5us, strip=0.5us, row_sum=0.2us)
[LAMBDA_P_RADIUS] k=5 done (m=12, predict=10.1us, strip=0.5us, row_sum=0.2us)
[LAMBDA_P_RADIUS] k=6 done (m=12, predict=10.3us, strip=0.5us, row_sum=0.2us)
[LAMBDA_P_RADIUS] k=7 done (m=12, predict=10.0us, strip=0.5us, row_sum=0.1us)
[LAMBDA_P_RADIUS] k=8 done (m=12, predict=10.2us, strip=0.5us, row_sum=0.2us)
[LAMBDA_P_RADIUS] k=9 done (m=12, predict=9.7us, strip=0.5us, row_sum=0.2us)
[LAMBDA_P_RADIUS] k=10 done (m=12, predict=10.2us, strip=0.5us, row_sum=0.2us)
[LAMBDA_P_RADIUS] k=11 done (m=12, predict=9.7us, strip=0.5us, row_sum=0.1us)
[LAMBDA_P_RADIUS] k=12 done (m=12, predict=9.7us, strip=0.5us, row_sum=0.2us)
[LAMBDA_P_RADIUS] k=13 done (m=12, predict=12.4us, strip=0.6us, row_sum=0.2us)
[LAMBDA_P_RADIUS] k=14 done (m=12, predict=10.1us, strip=0.5us, row_sum=0.3us)
[LAMBDA_P_RADIUS] outputs: /home/zzh/minkowski_fpga/hls/data/output/fpga/cosim/LAMBDA_P_RADIUS
[LAMBDA_P_RADIUS] kernel_time_summary_us.csv: total_predict=197.2us (n=15, avg=13.1us), total_strip=9.9us (n=30, avg=0.3us), total_row_sum=4.2us (n=15, avg=0.3us)
All done. Results under: /home/zzh/minkowski_fpga/hls/data/output/fpga/cosim
