FPGA TB repo_root=/home/zzh/minkowski_fpga
FPGA TB out_base=/home/zzh/minkowski_fpga/data/output/fpga/cosim
[LAMBDA_NONE] k=0 done (m=12, predict=953.0us, strip=0.5us, row_sum=0.3us)
[LAMBDA_NONE] k=1 done (m=12, predict=56.7us, strip=0.6us, row_sum=0.2us)
[LAMBDA_NONE] k=2 done (m=12, predict=50.5us, strip=0.5us, row_sum=0.2us)
[LAMBDA_NONE] k=3 done (m=12, predict=47.3us, strip=0.4us, row_sum=0.2us)
[LAMBDA_NONE] k=4 done (m=12, predict=78.5us, strip=0.6us, row_sum=0.2us)
[LAMBDA_NONE] k=5 done (m=12, predict=49.3us, strip=0.4us, row_sum=0.1us)
[LAMBDA_NONE] k=6 done (m=12, predict=46.0us, strip=0.4us, row_sum=0.2us)
[LAMBDA_NONE] k=7 done (m=12, predict=51.0us, strip=0.6us, row_sum=0.2us)
[LAMBDA_NONE] k=8 done (m=12, predict=60.6us, strip=0.6us, row_sum=0.2us)
[LAMBDA_NONE] k=9 done (m=12, predict=47.3us, strip=0.5us, row_sum=0.2us)
[LAMBDA_NONE] k=10 done (m=12, predict=46.1us, strip=0.4us, row_sum=0.1us)
[LAMBDA_NONE] k=11 done (m=12, predict=45.8us, strip=0.5us, row_sum=0.2us)
[LAMBDA_NONE] k=12 done (m=12, predict=58.1us, strip=0.6us, row_sum=0.2us)
[LAMBDA_NONE] k=13 done (m=12, predict=48.0us, strip=0.4us, row_sum=0.2us)
[LAMBDA_NONE] k=14 done (m=12, predict=61.2us, strip=0.6us, row_sum=0.2us)
[LAMBDA_NONE] outputs: /home/zzh/minkowski_fpga/data/output/fpga/cosim/LAMBDA_NONE
[LAMBDA_NONE] observability: min_rank=4/4 => PASS (/home/zzh/minkowski_fpga/data/output/fpga/cosim/LAMBDA_NONE/obs_rank.csv)
[LAMBDA_NONE] kernel_time_summary_us.csv: total_predict=1699.5us (n=15, avg=113.3us), total_strip=7.5us (n=30, avg=0.2us), total_row_sum=2.8us (n=15, avg=0.2us)
[LAMBDA_SEGMENT] k=0 done (m=12, predict=47.9us, strip=0.3us, row_sum=0.1us)
[LAMBDA_SEGMENT] k=1 done (m=12, predict=50.5us, strip=0.5us, row_sum=0.3us)
[LAMBDA_SEGMENT] k=2 done (m=12, predict=49.6us, strip=0.4us, row_sum=0.3us)
[LAMBDA_SEGMENT] k=3 done (m=12, predict=47.3us, strip=0.5us, row_sum=0.3us)
[LAMBDA_SEGMENT] k=4 done (m=12, predict=45.8us, strip=0.4us, row_sum=0.3us)
[LAMBDA_SEGMENT] k=5 done (m=12, predict=49.2us, strip=0.4us, row_sum=0.3us)
[LAMBDA_SEGMENT] k=6 done (m=12, predict=45.6us, strip=0.4us, row_sum=0.3us)
[LAMBDA_SEGMENT] k=7 done (m=12, predict=46.4us, strip=0.4us, row_sum=0.2us)
[LAMBDA_SEGMENT] k=8 done (m=12, predict=44.4us, strip=0.4us, row_sum=0.3us)
[LAMBDA_SEGMENT] k=9 done (m=12, predict=49.2us, strip=0.4us, row_sum=0.2us)
[LAMBDA_SEGMENT] k=10 done (m=12, predict=44.8us, strip=0.4us, row_sum=0.3us)
[LAMBDA_SEGMENT] k=11 done (m=12, predict=60.4us, strip=0.5us, row_sum=0.3us)
[LAMBDA_SEGMENT] k=12 done (m=12, predict=47.4us, strip=0.4us, row_sum=0.3us)
[LAMBDA_SEGMENT] k=13 done (m=12, predict=56.6us, strip=0.4us, row_sum=0.3us)
[LAMBDA_SEGMENT] k=14 done (m=12, predict=45.8us, strip=0.4us, row_sum=0.3us)
[LAMBDA_SEGMENT] outputs: /home/zzh/minkowski_fpga/data/output/fpga/cosim/LAMBDA_SEGMENT
[LAMBDA_SEGMENT] observability: min_rank=4/4 => PASS (/home/zzh/minkowski_fpga/data/output/fpga/cosim/LAMBDA_SEGMENT/obs_rank.csv)
[LAMBDA_SEGMENT] kernel_time_summary_us.csv: total_predict=731.0us (n=15, avg=48.7us), total_strip=6.4us (n=30, avg=0.2us), total_row_sum=4.1us (n=15, avg=0.3us)
[LAMBDA_VOLUME] k=0 done (m=12, predict=146.5us, strip=0.3us, row_sum=0.1us)
[LAMBDA_VOLUME] k=1 done (m=12, predict=46.3us, strip=0.4us, row_sum=0.2us)
[LAMBDA_VOLUME] k=2 done (m=12, predict=49.2us, strip=0.4us, row_sum=0.2us)
[LAMBDA_VOLUME] k=3 done (m=12, predict=46.7us, strip=0.4us, row_sum=0.3us)
[LAMBDA_VOLUME] k=4 done (m=12, predict=45.5us, strip=0.4us, row_sum=0.2us)
[LAMBDA_VOLUME] k=5 done (m=12, predict=84.1us, strip=0.6us, row_sum=0.3us)
[LAMBDA_VOLUME] k=6 done (m=12, predict=47.7us, strip=0.4us, row_sum=0.2us)
[LAMBDA_VOLUME] k=7 done (m=12, predict=50.2us, strip=0.6us, row_sum=0.2us)
[LAMBDA_VOLUME] k=8 done (m=12, predict=46.9us, strip=0.4us, row_sum=0.2us)
[LAMBDA_VOLUME] k=9 done (m=12, predict=46.7us, strip=0.6us, row_sum=0.2us)
[LAMBDA_VOLUME] k=10 done (m=12, predict=51.2us, strip=0.4us, row_sum=0.2us)
[LAMBDA_VOLUME] k=11 done (m=12, predict=46.5us, strip=0.4us, row_sum=0.1us)
[LAMBDA_VOLUME] k=12 done (m=12, predict=45.3us, strip=0.4us, row_sum=0.3us)
[LAMBDA_VOLUME] k=13 done (m=12, predict=49.7us, strip=0.5us, row_sum=0.2us)
[LAMBDA_VOLUME] k=14 done (m=12, predict=46.2us, strip=0.4us, row_sum=0.2us)
[LAMBDA_VOLUME] outputs: /home/zzh/minkowski_fpga/data/output/fpga/cosim/LAMBDA_VOLUME
[LAMBDA_VOLUME] observability: min_rank=4/4 => PASS (/home/zzh/minkowski_fpga/data/output/fpga/cosim/LAMBDA_VOLUME/obs_rank.csv)
[LAMBDA_VOLUME] kernel_time_summary_us.csv: total_predict=848.7us (n=15, avg=56.6us), total_strip=6.7us (n=30, avg=0.2us), total_row_sum=2.9us (n=15, avg=0.2us)
[LAMBDA_P_RADIUS] k=0 done (m=12, predict=48.7us, strip=0.3us, row_sum=0.1us)
[LAMBDA_P_RADIUS] k=1 done (m=12, predict=46.0us, strip=0.4us, row_sum=0.2us)
[LAMBDA_P_RADIUS] k=2 done (m=12, predict=46.5us, strip=0.4us, row_sum=0.4us)
[LAMBDA_P_RADIUS] k=3 done (m=12, predict=50.1us, strip=0.5us, row_sum=0.4us)
[LAMBDA_P_RADIUS] k=4 done (m=12, predict=45.8us, strip=0.4us, row_sum=0.4us)
[LAMBDA_P_RADIUS] k=5 done (m=12, predict=50.1us, strip=0.5us, row_sum=0.3us)
[LAMBDA_P_RADIUS] k=6 done (m=12, predict=46.6us, strip=0.4us, row_sum=0.3us)
[LAMBDA_P_RADIUS] k=7 done (m=12, predict=47.1us, strip=0.4us, row_sum=0.3us)
[LAMBDA_P_RADIUS] k=8 done (m=12, predict=47.3us, strip=0.5us, row_sum=0.3us)
[LAMBDA_P_RADIUS] k=9 done (m=12, predict=48.1us, strip=0.4us, row_sum=0.3us)
[LAMBDA_P_RADIUS] k=10 done (m=12, predict=47.1us, strip=0.5us, row_sum=0.3us)
[LAMBDA_P_RADIUS] k=11 done (m=12, predict=48.2us, strip=0.4us, row_sum=0.3us)
[LAMBDA_P_RADIUS] k=12 done (m=12, predict=47.1us, strip=0.4us, row_sum=0.3us)
[LAMBDA_P_RADIUS] k=13 done (m=12, predict=46.4us, strip=0.5us, row_sum=0.4us)
[LAMBDA_P_RADIUS] k=14 done (m=12, predict=47.1us, strip=0.4us, row_sum=0.3us)
[LAMBDA_P_RADIUS] outputs: /home/zzh/minkowski_fpga/data/output/fpga/cosim/LAMBDA_P_RADIUS
[LAMBDA_P_RADIUS] observability: min_rank=4/4 => PASS (/home/zzh/minkowski_fpga/data/output/fpga/cosim/LAMBDA_P_RADIUS/obs_rank.csv)
[LAMBDA_P_RADIUS] kernel_time_summary_us.csv: total_predict=712.2us (n=15, avg=47.5us), total_strip=6.6us (n=30, avg=0.2us), total_row_sum=4.6us (n=15, avg=0.3us)
All done. Results under: /home/zzh/minkowski_fpga/data/output/fpga/cosim
