INFO: [SIM 2] *************** CSIM start ***************
make[1]: Entering directory '/home/zzh/minkowski_fpga/hls/minkowski_hls/sol1/csim/build'
   Compiling ../../../../src/dump.cpp in debug mode
   Compiling ../../../../src/zonotope_operations.cpp in debug mode
   Compiling ../../../../src/testbench.cpp in debug mode
   Compiling ../../../../src/fpga_kernels.cpp in debug mode
   Generating csim.exe
make[1]: Leaving directory '/home/zzh/minkowski_fpga/hls/minkowski_hls/sol1/csim/build'
FPGA TB repo_root=/home/zzh/minkowski_fpga/hls
FPGA TB out_base=/home/zzh/minkowski_fpga/hls/data/output/fpga/csim
[LAMBDA_NONE] k=0 done (m=12, predict=0.5us, strip=0.8us, row_sum=0.3us)
[LAMBDA_NONE] k=1 done (m=12, predict=1.4us, strip=2.5us, row_sum=0.4us)
[LAMBDA_NONE] k=2 done (m=12, predict=0.5us, strip=1.0us, row_sum=0.2us)
[LAMBDA_NONE] k=3 done (m=12, predict=0.5us, strip=1.0us, row_sum=0.1us)
[LAMBDA_NONE] k=4 done (m=12, predict=0.6us, strip=1.0us, row_sum=0.1us)
[LAMBDA_NONE] k=5 done (m=12, predict=0.5us, strip=1.0us, row_sum=0.1us)
[LAMBDA_NONE] k=6 done (m=12, predict=0.5us, strip=1.0us, row_sum=0.1us)
[LAMBDA_NONE] k=7 done (m=12, predict=0.4us, strip=0.9us, row_sum=0.2us)
[LAMBDA_NONE] k=8 done (m=12, predict=0.4us, strip=0.9us, row_sum=0.1us)
[LAMBDA_NONE] k=9 done (m=12, predict=0.4us, strip=0.9us, row_sum=0.1us)
[LAMBDA_NONE] k=10 done (m=12, predict=0.4us, strip=0.9us, row_sum=0.1us)
[LAMBDA_NONE] k=11 done (m=12, predict=0.6us, strip=1.0us, row_sum=0.2us)
[LAMBDA_NONE] k=12 done (m=12, predict=0.4us, strip=0.9us, row_sum=0.1us)
[LAMBDA_NONE] k=13 done (m=12, predict=0.5us, strip=1.0us, row_sum=0.1us)
[LAMBDA_NONE] k=14 done (m=12, predict=0.4us, strip=0.9us, row_sum=0.1us)
[LAMBDA_NONE] outputs: /home/zzh/minkowski_fpga/hls/data/output/fpga/csim/LAMBDA_NONE
[LAMBDA_NONE] kernel_time_summary_us.csv: total_predict=8.0us (n=15, avg=0.5us), total_strip=15.4us (n=60, avg=0.3us), total_row_sum=2.4us (n=15, avg=0.2us)
[LAMBDA_SEGMENT] k=0 done (m=12, predict=0.2us, strip=0.6us, row_sum=0.1us)
[LAMBDA_SEGMENT] k=1 done (m=12, predict=0.4us, strip=0.9us, row_sum=0.2us)
[LAMBDA_SEGMENT] k=2 done (m=12, predict=0.4us, strip=0.9us, row_sum=0.1us)
[LAMBDA_SEGMENT] k=3 done (m=12, predict=0.4us, strip=0.9us, row_sum=0.1us)
[LAMBDA_SEGMENT] k=4 done (m=12, predict=0.4us, strip=0.9us, row_sum=0.1us)
[LAMBDA_SEGMENT] k=5 done (m=12, predict=0.4us, strip=0.9us, row_sum=0.2us)
[LAMBDA_SEGMENT] k=6 done (m=12, predict=0.4us, strip=0.9us, row_sum=0.2us)
[LAMBDA_SEGMENT] k=7 done (m=12, predict=0.4us, strip=0.9us, row_sum=0.1us)
[LAMBDA_SEGMENT] k=8 done (m=12, predict=0.4us, strip=0.9us, row_sum=0.1us)
[LAMBDA_SEGMENT] k=9 done (m=12, predict=0.5us, strip=1.0us, row_sum=0.2us)
[LAMBDA_SEGMENT] k=10 done (m=12, predict=0.4us, strip=0.9us, row_sum=0.1us)
[LAMBDA_SEGMENT] k=11 done (m=12, predict=0.5us, strip=1.0us, row_sum=0.2us)
[LAMBDA_SEGMENT] k=12 done (m=12, predict=0.4us, strip=0.9us, row_sum=0.2us)
[LAMBDA_SEGMENT] k=13 done (m=12, predict=0.4us, strip=0.9us, row_sum=0.1us)
[LAMBDA_SEGMENT] k=14 done (m=12, predict=0.4us, strip=0.9us, row_sum=0.2us)
[LAMBDA_SEGMENT] outputs: /home/zzh/minkowski_fpga/hls/data/output/fpga/csim/LAMBDA_SEGMENT
[LAMBDA_SEGMENT] kernel_time_summary_us.csv: total_predict=5.8us (n=15, avg=0.4us), total_strip=13.0us (n=60, avg=0.2us), total_row_sum=2.4us (n=15, avg=0.2us)
[LAMBDA_VOLUME] k=0 done (m=12, predict=0.2us, strip=0.6us, row_sum=0.1us)
[LAMBDA_VOLUME] k=1 done (m=12, predict=0.4us, strip=0.9us, row_sum=0.1us)
[LAMBDA_VOLUME] k=2 done (m=12, predict=0.4us, strip=0.9us, row_sum=0.1us)
[LAMBDA_VOLUME] k=3 done (m=12, predict=0.4us, strip=0.9us, row_sum=0.1us)
[LAMBDA_VOLUME] k=4 done (m=12, predict=0.4us, strip=1.0us, row_sum=0.2us)
[LAMBDA_VOLUME] k=5 done (m=12, predict=0.5us, strip=0.9us, row_sum=0.1us)
[LAMBDA_VOLUME] k=6 done (m=12, predict=0.4us, strip=0.9us, row_sum=0.1us)
[LAMBDA_VOLUME] k=7 done (m=12, predict=0.5us, strip=1.0us, row_sum=0.2us)
[LAMBDA_VOLUME] k=8 done (m=12, predict=0.4us, strip=0.9us, row_sum=0.1us)
[LAMBDA_VOLUME] k=9 done (m=12, predict=0.5us, strip=1.0us, row_sum=0.2us)
[LAMBDA_VOLUME] k=10 done (m=12, predict=0.4us, strip=0.9us, row_sum=0.1us)
[LAMBDA_VOLUME] k=11 done (m=12, predict=0.4us, strip=0.9us, row_sum=0.1us)
[LAMBDA_VOLUME] k=12 done (m=12, predict=0.4us, strip=0.9us, row_sum=0.1us)
[LAMBDA_VOLUME] k=13 done (m=12, predict=0.4us, strip=0.9us, row_sum=0.1us)
[LAMBDA_VOLUME] k=14 done (m=12, predict=0.4us, strip=0.9us, row_sum=0.1us)
[LAMBDA_VOLUME] outputs: /home/zzh/minkowski_fpga/hls/data/output/fpga/csim/LAMBDA_VOLUME
[LAMBDA_VOLUME] kernel_time_summary_us.csv: total_predict=6.0us (n=15, avg=0.4us), total_strip=13.3us (n=60, avg=0.2us), total_row_sum=1.8us (n=15, avg=0.1us)
[LAMBDA_P_RADIUS] k=0 done (m=12, predict=0.3us, strip=0.7us, row_sum=0.2us)
[LAMBDA_P_RADIUS] k=1 done (m=12, predict=0.4us, strip=0.9us, row_sum=0.4us)
[LAMBDA_P_RADIUS] k=2 done (m=12, predict=0.5us, strip=1.0us, row_sum=0.3us)
[LAMBDA_P_RADIUS] k=3 done (m=12, predict=0.4us, strip=0.9us, row_sum=0.3us)
[LAMBDA_P_RADIUS] k=4 done (m=12, predict=0.4us, strip=0.9us, row_sum=0.2us)
[LAMBDA_P_RADIUS] k=5 done (m=12, predict=0.4us, strip=0.9us, row_sum=0.2us)
[LAMBDA_P_RADIUS] k=6 done (m=12, predict=0.4us, strip=0.9us, row_sum=0.2us)
[LAMBDA_P_RADIUS] k=7 done (m=12, predict=0.4us, strip=0.9us, row_sum=0.2us)
[LAMBDA_P_RADIUS] k=8 done (m=12, predict=0.4us, strip=0.9us, row_sum=0.2us)
[LAMBDA_P_RADIUS] k=9 done (m=12, predict=0.4us, strip=0.9us, row_sum=0.2us)
[LAMBDA_P_RADIUS] k=10 done (m=12, predict=0.4us, strip=0.9us, row_sum=0.2us)
[LAMBDA_P_RADIUS] k=11 done (m=12, predict=0.4us, strip=0.9us, row_sum=0.2us)
[LAMBDA_P_RADIUS] k=12 done (m=12, predict=0.4us, strip=0.9us, row_sum=0.2us)
[LAMBDA_P_RADIUS] k=13 done (m=12, predict=0.5us, strip=1.0us, row_sum=0.3us)
[LAMBDA_P_RADIUS] k=14 done (m=12, predict=0.4us, strip=0.9us, row_sum=0.1us)
[LAMBDA_P_RADIUS] outputs: /home/zzh/minkowski_fpga/hls/data/output/fpga/csim/LAMBDA_P_RADIUS
[LAMBDA_P_RADIUS] kernel_time_summary_us.csv: total_predict=6.0us (n=15, avg=0.4us), total_strip=13.1us (n=60, avg=0.2us), total_row_sum=3.2us (n=15, avg=0.2us)
All done. Results under: /home/zzh/minkowski_fpga/hls/data/output/fpga/csim
INFO: [SIM 1] CSim done with 0 errors.
INFO: [SIM 3] *************** CSIM finish ***************
