INFO-FLOW: Workspace /home/zzh/minkowski_fpga/hls/minkowski_hls/sol1 opened at Tue Mar 03 16:09:55 EET 2026
Execute     send_msg_by_id INFO @200-1505@%s%s default  vivado 
INFO: [HLS 200-1505] Using default flow_target 'vivado'
Execute   set_part xck26-sfvc784-2LV-c 
INFO: [HLS 200-1510] Running: set_part xck26-sfvc784-2LV-c 
Execute     create_platform xck26-sfvc784-2LV-c -board  
DBG:HLSDevice: Trying to load device library: /opt/Xilinx/2025.2/Vitis/lib/lnx64.o/libxv_hlsvwrap.so
DBG:HLSDevice: first parts/arch.xml in RDI_DATADIR: /opt/Xilinx/2025.2/Vitis/data/parts/arch.xml
DBG:HLSDevice: init success
INFO: [HLS 200-1611] Setting target device to 'xck26-sfvc784-2LV-c'
Command     create_platform done; 1 sec.
Execute     source /opt/Xilinx/2025.2/Vitis/common/technology/xilinx/common/xilinx.gen 
Execute       source /opt/Xilinx/2025.2/Vitis/common/technology/xilinx/interface/plb46.gen 
Execute       source /opt/Xilinx/2025.2/Vitis/common/technology/xilinx/interface/axi4.gen 
Execute       source /opt/Xilinx/2025.2/Vitis/common/technology/xilinx/interface/nativeAXI4.gen 
Execute         source /opt/Xilinx/2025.2/Vitis/common/technology/xilinx/interface/saxilite.gen 
Execute       source /opt/Xilinx/2025.2/Vitis/common/technology/xilinx/scripts/xilinxcoregen.gen 
Execute       source /opt/Xilinx/2025.2/Vitis/common/technology/xilinx/interface/XilEDKCoreGen.gen 
Execute       source /opt/Xilinx/2025.2/Vitis/common/technology/xilinx/ip/dds_compiler.gen 
Execute       source /opt/Xilinx/2025.2/Vitis/common/technology/xilinx/ip/xfir.gen 
Execute       source /opt/Xilinx/2025.2/Vitis/common/technology/xilinx/ip/util.gen 
Execute       source /opt/Xilinx/2025.2/Vitis/common/technology/xilinx/ip/xfft.gen 
Execute       source /opt/Xilinx/2025.2/Vitis/common/technology/xilinx/DSP48/dsp48.gen 
Execute     ap_part_info -name xck26-sfvc784-2LV-c -data info 
Execute     config_compile -quiet -complex-mul-dsp=0 
Command   set_part done; 1.09 sec.
Execute   create_clock -period 10.0 -name default 
INFO: [HLS 200-1510] Running: create_clock -period 10.0 -name default 
Execute     ap_set_clock -name default -period 10 -unit ns -default=false 
INFO: [SYN 201-201] Setting up clock 'default' with a period of 10ns.
Execute   config_interface -m_axi_addr64=1 
INFO: [HLS 200-1510] Running: config_interface -m_axi_addr64=1 
Execute   config_compile -pipeline_loops=1 
INFO: [HLS 200-1510] Running: config_compile -pipeline_loops=1 
INFO: [XFORM 203-1171] Pipeline the innermost loop with trip count more than 1 or its parent loop when its trip count is less than or equal 1.
Execute   csim_design 
INFO: [HLS 200-1510] Running: csim_design 
Execute     ::AP::init_summary_file csim 
INFO: [SIM 211-2] *************** CSIM start ***************
Execute     send_msg_by_id INFO @200-2191@%s%s C-Simulation clang-16 
INFO: [HLS 200-2191] C-Simulation will use clang-16 as the compiler
Execute     send_msg_by_id INFO @200-2036@%s debug 
INFO: [HLS 200-2036] Building debug C Simulation binaries
Execute     source /opt/Xilinx/2025.2/tps/tcl/tcllib2.0/yaml/huddle.tcl 
Execute       source /opt/Xilinx/2025.2/tps/tcl/tcllib2.0/yaml/huddle_types.tcl 
Execute     source /opt/Xilinx/2025.2/tps/tcl/tcllib2.0/yaml/json2huddle.tcl 
Execute       source /opt/Xilinx/2025.2/tps/tcl/tcllib2.0/try/try.tcl 
Execute     ap_part_info -name xck26-sfvc784-2LV-c -data info 
Execute     source run_sim.tcl 
INFO: [SIM 211-1] CSim done with 0 errors.
INFO: [SIM 211-3] *************** CSIM finish ***************
Command   csim_design done; 1.6 sec.
INFO: [HLS 200-2161] Finished Command csim_design Elapsed time: 00:00:01; Allocated memory: 0.000 MB.
Execute   cleanup_all 
