

================================================================
== Vitis HLS Report for 'predict_kernel_Pipeline_VITIS_LOOP_45_3_VITIS_LOOP_48_4'
================================================================
* Date:           Mon Mar  2 15:42:29 2026

* Version:        2025.2 (Build 6295257 on Nov 14 2025)
* Project:        minkowski_hls
* Solution:       sol1 (Vivado IP Flow Target)
* Product family: zynquplus
* Target device:  xck26-sfvc784-2LV-c


================================================================
== Performance Estimates
================================================================
+ Timing: 
    * Summary: 
    +--------+----------+----------+------------+
    |  Clock |  Target  | Estimated| Uncertainty|
    +--------+----------+----------+------------+
    |ap_clk  |  10.00 ns|  7.016 ns|     2.70 ns|
    +--------+----------+----------+------------+

+ Latency: 
    * Summary: 
    +---------+---------+-----------+----------+-----+-----+-------------------+
    |  Latency (cycles) |  Latency (absolute)  |  Interval |      Pipeline     |
    |   min   |   max   |    min    |    max   | min | max |        Type       |
    +---------+---------+-----------+----------+-----+-----+-------------------+
    |        2|      148|  20.000 ns|  1.480 us|    0|    0|  loop pipeline stp|
    +---------+---------+-----------+----------+-----+-----+-------------------+

    + Detail: 
        * Instance: 
        N/A

        * Loop: 
        +-----------------------------------+---------+---------+----------+-----------+-----------+---------+----------+
        |                                   |  Latency (cycles) | Iteration|  Initiation Interval  |   Trip  |          |
        |             Loop Name             |   min   |   max   |  Latency |  achieved |   target  |  Count  | Pipelined|
        +-----------------------------------+---------+---------+----------+-----------+-----------+---------+----------+
        |- VITIS_LOOP_45_3_VITIS_LOOP_48_4  |        0|      146|        20|          1|          1|  0 ~ 128|       yes|
        +-----------------------------------+---------+---------+----------+-----------+-----------+---------+----------+

============================================================
+ Verbose Summary: Synthesis Manager
============================================================
InlineROM: 1
ExposeGlobal: 0
============================================================
+ Verbose Summary: CDFG Model
============================================================
IsTopModel: 0
ResetActiveHigh: 1
IsCombinational: 0
IsDatapathOnly: 0
HasWiredReturn: 1
HasMFsm: 2
HasVarLatency: 1
IsPipeline: 0
IsRtlPipelined: 0
IsInstanceOverlapped: 0
IsDontTouch: 0
HasImplIP: 0
IsGatedGlobalClock: 0

+ Individual pipeline summary: 
  * Pipeline-0: initiation interval (II) = 1, depth = 20


============================================================
+ Verbose Summary: Schedule
============================================================
* Number of FSM states : 20
* Pipeline : 1
  Pipeline-0 : II = 1, D = 20, States = { 1 2 3 4 5 6 7 8 9 10 11 12 13 14 15 16 17 18 19 20 }
* Dataflow Pipeline: 0

* FSM state transitions: 
1 --> 2 
2 --> 3 
3 --> 4 
4 --> 5 
5 --> 6 
6 --> 7 
7 --> 8 
8 --> 9 
9 --> 10 
10 --> 11 
11 --> 12 
12 --> 13 
13 --> 14 
14 --> 15 
15 --> 16 
16 --> 17 
17 --> 18 
18 --> 19 
19 --> 20 
20 --> 

* FSM state operations: 

State 1 <SV = 0> <Delay = 2.40>
ST_1 : Operation 23 [1/1] (0.00ns)   --->   "%i = alloca i32 1" [src/fpga_kernels.cpp:32]   --->   Operation 23 'alloca' 'i' <Predicate = true> <Delay = 0.00>
ST_1 : Operation 24 [1/1] (0.00ns)   --->   "%k = alloca i32 1" [src/fpga_kernels.cpp:32]   --->   Operation 24 'alloca' 'k' <Predicate = true> <Delay = 0.00>
ST_1 : Operation 25 [1/1] (0.00ns)   --->   "%indvar_flatten = alloca i32 1"   --->   Operation 25 'alloca' 'indvar_flatten' <Predicate = true> <Delay = 0.00>
ST_1 : Operation 26 [1/1] (0.00ns)   --->   "%specinterface_ln0 = specinterface void @_ssdm_op_SpecInterface, i32 %H_pred_3, void @empty_1, i32 0, i32 0, void @empty_0, i32 4294967295, i32 0, void @empty_0, void @empty_0, void @empty_0, i32 0, i32 0, i32 0, i32 0, void @empty_0, void @empty_0, i32 4294967295, i32 0, i32 0, i32 0"   --->   Operation 26 'specinterface' 'specinterface_ln0' <Predicate = true> <Delay = 0.00>
ST_1 : Operation 27 [1/1] (0.00ns)   --->   "%specinterface_ln0 = specinterface void @_ssdm_op_SpecInterface, i32 %H_pred_2, void @empty_1, i32 0, i32 0, void @empty_0, i32 4294967295, i32 0, void @empty_0, void @empty_0, void @empty_0, i32 0, i32 0, i32 0, i32 0, void @empty_0, void @empty_0, i32 4294967295, i32 0, i32 0, i32 0"   --->   Operation 27 'specinterface' 'specinterface_ln0' <Predicate = true> <Delay = 0.00>
ST_1 : Operation 28 [1/1] (0.00ns)   --->   "%specinterface_ln0 = specinterface void @_ssdm_op_SpecInterface, i32 %H_pred_1, void @empty_1, i32 0, i32 0, void @empty_0, i32 4294967295, i32 0, void @empty_0, void @empty_0, void @empty_0, i32 0, i32 0, i32 0, i32 0, void @empty_0, void @empty_0, i32 4294967295, i32 0, i32 0, i32 0"   --->   Operation 28 'specinterface' 'specinterface_ln0' <Predicate = true> <Delay = 0.00>
ST_1 : Operation 29 [1/1] (0.00ns)   --->   "%specinterface_ln0 = specinterface void @_ssdm_op_SpecInterface, i32 %H_pred_0, void @empty_1, i32 0, i32 0, void @empty_0, i32 4294967295, i32 0, void @empty_0, void @empty_0, void @empty_0, i32 0, i32 0, i32 0, i32 0, void @empty_0, void @empty_0, i32 4294967295, i32 0, i32 0, i32 0"   --->   Operation 29 'specinterface' 'specinterface_ln0' <Predicate = true> <Delay = 0.00>
ST_1 : Operation 30 [1/1] (0.00ns)   --->   "%specinterface_ln0 = specinterface void @_ssdm_op_SpecInterface, i32 %A_3, void @empty_1, i32 0, i32 0, void @empty_0, i32 4294967295, i32 0, void @empty_0, void @empty_0, void @empty_0, i32 0, i32 0, i32 0, i32 0, void @empty_0, void @empty_0, i32 4294967295, i32 0, i32 0, i32 0"   --->   Operation 30 'specinterface' 'specinterface_ln0' <Predicate = true> <Delay = 0.00>
ST_1 : Operation 31 [1/1] (0.00ns)   --->   "%specinterface_ln0 = specinterface void @_ssdm_op_SpecInterface, i32 %A_2, void @empty_1, i32 0, i32 0, void @empty_0, i32 4294967295, i32 0, void @empty_0, void @empty_0, void @empty_0, i32 0, i32 0, i32 0, i32 0, void @empty_0, void @empty_0, i32 4294967295, i32 0, i32 0, i32 0"   --->   Operation 31 'specinterface' 'specinterface_ln0' <Predicate = true> <Delay = 0.00>
ST_1 : Operation 32 [1/1] (0.00ns)   --->   "%specinterface_ln0 = specinterface void @_ssdm_op_SpecInterface, i32 %A_1, void @empty_1, i32 0, i32 0, void @empty_0, i32 4294967295, i32 0, void @empty_0, void @empty_0, void @empty_0, i32 0, i32 0, i32 0, i32 0, void @empty_0, void @empty_0, i32 4294967295, i32 0, i32 0, i32 0"   --->   Operation 32 'specinterface' 'specinterface_ln0' <Predicate = true> <Delay = 0.00>
ST_1 : Operation 33 [1/1] (0.00ns)   --->   "%specinterface_ln0 = specinterface void @_ssdm_op_SpecInterface, i32 %A_0, void @empty_1, i32 0, i32 0, void @empty_0, i32 4294967295, i32 0, void @empty_0, void @empty_0, void @empty_0, i32 0, i32 0, i32 0, i32 0, void @empty_0, void @empty_0, i32 4294967295, i32 0, i32 0, i32 0"   --->   Operation 33 'specinterface' 'specinterface_ln0' <Predicate = true> <Delay = 0.00>
ST_1 : Operation 34 [1/1] (0.00ns)   --->   "%specinterface_ln0 = specinterface void @_ssdm_op_SpecInterface, i32 %H_x_3, void @empty_1, i32 0, i32 0, void @empty_0, i32 4294967295, i32 0, void @empty_0, void @empty_0, void @empty_0, i32 0, i32 0, i32 0, i32 0, void @empty_0, void @empty_0, i32 4294967295, i32 0, i32 0, i32 0"   --->   Operation 34 'specinterface' 'specinterface_ln0' <Predicate = true> <Delay = 0.00>
ST_1 : Operation 35 [1/1] (0.00ns)   --->   "%specinterface_ln0 = specinterface void @_ssdm_op_SpecInterface, i32 %H_x_2, void @empty_1, i32 0, i32 0, void @empty_0, i32 4294967295, i32 0, void @empty_0, void @empty_0, void @empty_0, i32 0, i32 0, i32 0, i32 0, void @empty_0, void @empty_0, i32 4294967295, i32 0, i32 0, i32 0"   --->   Operation 35 'specinterface' 'specinterface_ln0' <Predicate = true> <Delay = 0.00>
ST_1 : Operation 36 [1/1] (0.00ns)   --->   "%specinterface_ln0 = specinterface void @_ssdm_op_SpecInterface, i32 %H_x_1, void @empty_1, i32 0, i32 0, void @empty_0, i32 4294967295, i32 0, void @empty_0, void @empty_0, void @empty_0, i32 0, i32 0, i32 0, i32 0, void @empty_0, void @empty_0, i32 4294967295, i32 0, i32 0, i32 0"   --->   Operation 36 'specinterface' 'specinterface_ln0' <Predicate = true> <Delay = 0.00>
ST_1 : Operation 37 [1/1] (0.00ns)   --->   "%specinterface_ln0 = specinterface void @_ssdm_op_SpecInterface, i32 %H_x_0, void @empty_1, i32 0, i32 0, void @empty_0, i32 4294967295, i32 0, void @empty_0, void @empty_0, void @empty_0, i32 0, i32 0, i32 0, i32 0, void @empty_0, void @empty_0, i32 4294967295, i32 0, i32 0, i32 0"   --->   Operation 37 'specinterface' 'specinterface_ln0' <Predicate = true> <Delay = 0.00>
ST_1 : Operation 38 [1/1] (0.00ns)   --->   "%tmp_3_read = read i8 @_ssdm_op_Read.ap_auto.i8, i8 %tmp_3"   --->   Operation 38 'read' 'tmp_3_read' <Predicate = true> <Delay = 0.00>
ST_1 : Operation 39 [1/1] (0.42ns)   --->   "%store_ln0 = store i8 0, i8 %indvar_flatten"   --->   Operation 39 'store' 'store_ln0' <Predicate = true> <Delay = 0.42>
ST_1 : Operation 40 [1/1] (0.42ns)   --->   "%store_ln32 = store i6 0, i6 %k" [src/fpga_kernels.cpp:32]   --->   Operation 40 'store' 'store_ln32' <Predicate = true> <Delay = 0.42>
ST_1 : Operation 41 [1/1] (0.42ns)   --->   "%store_ln32 = store i3 0, i3 %i" [src/fpga_kernels.cpp:32]   --->   Operation 41 'store' 'store_ln32' <Predicate = true> <Delay = 0.42>
ST_1 : Operation 42 [1/1] (0.00ns)   --->   "%br_ln0 = br void %VITIS_LOOP_51_5"   --->   Operation 42 'br' 'br_ln0' <Predicate = true> <Delay = 0.00>
ST_1 : Operation 43 [1/1] (0.00ns)   --->   "%indvar_flatten_load = load i8 %indvar_flatten" [src/fpga_kernels.cpp:45]   --->   Operation 43 'load' 'indvar_flatten_load' <Predicate = true> <Delay = 0.00>
ST_1 : Operation 44 [1/1] (0.76ns)   --->   "%icmp_ln45 = icmp_eq  i8 %indvar_flatten_load, i8 %tmp_3_read" [src/fpga_kernels.cpp:45]   --->   Operation 44 'icmp' 'icmp_ln45' <Predicate = true> <Delay = 0.76> <CoreInst = "Cmp">   --->   Core 9 'Cmp' <Latency = 0> <II = 1> <Delay = 0.76> <FuncUnit> <Opcode : 'seteq' 'setne' 'setle' 'setge' 'setlt' 'setgt'> <InPorts = 2> <OutPorts = 1>
ST_1 : Operation 45 [1/1] (0.76ns)   --->   "%add_ln45 = add i8 %indvar_flatten_load, i8 1" [src/fpga_kernels.cpp:45]   --->   Operation 45 'add' 'add_ln45' <Predicate = true> <Delay = 0.76> <CoreInst = "Adder">   --->   Core 1 'Adder' <Latency = 0> <II = 1> <Delay = 0.76> <FuncUnit> <Opcode : 'add' 'sub'> <InPorts = 2> <OutPorts = 1>
ST_1 : Operation 46 [1/1] (0.00ns)   --->   "%br_ln45 = br i1 %icmp_ln45, void %for.inc60, void %VITIS_LOOP_61_7.lr.ph.exitStub" [src/fpga_kernels.cpp:45]   --->   Operation 46 'br' 'br_ln45' <Predicate = true> <Delay = 0.00>
ST_1 : Operation 47 [1/1] (0.00ns)   --->   "%i_load = load i3 %i" [src/fpga_kernels.cpp:48]   --->   Operation 47 'load' 'i_load' <Predicate = (!icmp_ln45)> <Delay = 0.00>
ST_1 : Operation 48 [1/1] (0.00ns)   --->   "%k_load = load i6 %k" [src/fpga_kernels.cpp:45]   --->   Operation 48 'load' 'k_load' <Predicate = (!icmp_ln45)> <Delay = 0.00>
ST_1 : Operation 49 [1/1] (0.67ns)   --->   "%icmp_ln48 = icmp_eq  i3 %i_load, i3 4" [src/fpga_kernels.cpp:48]   --->   Operation 49 'icmp' 'icmp_ln48' <Predicate = (!icmp_ln45)> <Delay = 0.67> <CoreInst = "Cmp">   --->   Core 9 'Cmp' <Latency = 0> <II = 1> <Delay = 0.67> <FuncUnit> <Opcode : 'seteq' 'setne' 'setle' 'setge' 'setlt' 'setgt'> <InPorts = 2> <OutPorts = 1>
ST_1 : Operation 50 [1/1] (0.20ns)   --->   "%select_ln32 = select i1 %icmp_ln48, i3 0, i3 %i_load" [src/fpga_kernels.cpp:32]   --->   Operation 50 'select' 'select_ln32' <Predicate = (!icmp_ln45)> <Delay = 0.20> <CoreInst = "Sel">   --->   Core 73 'Sel' <Latency = 0> <II = 1> <Delay = 0.20> <FuncUnit> <Opcode : 'select'> <InPorts = 3> <OutPorts = 1>
ST_1 : Operation 51 [1/1] (0.78ns)   --->   "%add_ln45_1 = add i6 %k_load, i6 1" [src/fpga_kernels.cpp:45]   --->   Operation 51 'add' 'add_ln45_1' <Predicate = (!icmp_ln45)> <Delay = 0.78> <CoreInst = "Adder">   --->   Core 1 'Adder' <Latency = 0> <II = 1> <Delay = 0.78> <FuncUnit> <Opcode : 'add' 'sub'> <InPorts = 2> <OutPorts = 1>
ST_1 : Operation 52 [1/1] (0.38ns)   --->   "%select_ln45 = select i1 %icmp_ln48, i6 %add_ln45_1, i6 %k_load" [src/fpga_kernels.cpp:45]   --->   Operation 52 'select' 'select_ln45' <Predicate = (!icmp_ln45)> <Delay = 0.38> <CoreInst = "Sel">   --->   Core 73 'Sel' <Latency = 0> <II = 1> <Delay = 0.38> <FuncUnit> <Opcode : 'select'> <InPorts = 3> <OutPorts = 1>
ST_1 : Operation 53 [1/1] (0.00ns)   --->   "%zext_ln45 = zext i6 %select_ln45" [src/fpga_kernels.cpp:45]   --->   Operation 53 'zext' 'zext_ln45' <Predicate = (!icmp_ln45)> <Delay = 0.00>
ST_1 : Operation 54 [1/1] (0.00ns)   --->   "%H_x_0_addr = getelementptr i32 %H_x_0, i64 0, i64 %zext_ln45" [src/fpga_kernels.cpp:53]   --->   Operation 54 'getelementptr' 'H_x_0_addr' <Predicate = (!icmp_ln45)> <Delay = 0.00>
ST_1 : Operation 55 [2/2] (0.00ns)   --->   "%H_x_0_load = load i5 %H_x_0_addr" [src/fpga_kernels.cpp:53]   --->   Operation 55 'load' 'H_x_0_load' <Predicate = (!icmp_ln45)> <Delay = 0.00> <CoreInst = "RAM">   --->   Core 82 'RAM' <Latency = 1> <II = 1> <Delay = 1.23> <Storage> <Opcode : 'load' 'store'> <Ports = 2> <Width = 32> <Depth = 32> <RAM>
ST_1 : Operation 56 [1/1] (0.00ns)   --->   "%zext_ln48 = zext i3 %select_ln32" [src/fpga_kernels.cpp:48]   --->   Operation 56 'zext' 'zext_ln48' <Predicate = (!icmp_ln45)> <Delay = 0.00>
ST_1 : Operation 57 [1/1] (0.00ns)   --->   "%trunc_ln48 = trunc i3 %select_ln32" [src/fpga_kernels.cpp:48]   --->   Operation 57 'trunc' 'trunc_ln48' <Predicate = (!icmp_ln45)> <Delay = 0.00>
ST_1 : Operation 58 [1/1] (0.00ns)   --->   "%A_0_addr = getelementptr i32 %A_0, i64 0, i64 %zext_ln48" [src/fpga_kernels.cpp:53]   --->   Operation 58 'getelementptr' 'A_0_addr' <Predicate = (!icmp_ln45)> <Delay = 0.00>
ST_1 : Operation 59 [2/2] (0.00ns)   --->   "%A_0_load = load i2 %A_0_addr" [src/fpga_kernels.cpp:53]   --->   Operation 59 'load' 'A_0_load' <Predicate = (!icmp_ln45)> <Delay = 0.00> <CoreInst = "RAM">   --->   Core 82 'RAM' <Latency = 1> <II = 1> <Delay = 0.67> <Storage> <Opcode : 'load' 'store'> <Ports = 2> <Width = 32> <Depth = 4> <RAM>
ST_1 : Operation 60 [1/1] (0.54ns)   --->   "%switch_ln53 = switch i2 %trunc_ln48, void %arrayidx36316.case.3, i2 0, void %arrayidx36316.case.0, i2 1, void %arrayidx36316.case.1, i2 2, void %arrayidx36316.case.2" [src/fpga_kernels.cpp:53]   --->   Operation 60 'switch' 'switch_ln53' <Predicate = (!icmp_ln45)> <Delay = 0.54>
ST_1 : Operation 61 [1/1] (0.67ns)   --->   "%add_ln48 = add i3 %select_ln32, i3 1" [src/fpga_kernels.cpp:48]   --->   Operation 61 'add' 'add_ln48' <Predicate = (!icmp_ln45)> <Delay = 0.67> <CoreInst = "Adder">   --->   Core 1 'Adder' <Latency = 0> <II = 1> <Delay = 0.67> <FuncUnit> <Opcode : 'add' 'sub'> <InPorts = 2> <OutPorts = 1>
ST_1 : Operation 62 [1/1] (0.42ns)   --->   "%store_ln45 = store i8 %add_ln45, i8 %indvar_flatten" [src/fpga_kernels.cpp:45]   --->   Operation 62 'store' 'store_ln45' <Predicate = (!icmp_ln45)> <Delay = 0.42>
ST_1 : Operation 63 [1/1] (0.42ns)   --->   "%store_ln32 = store i6 %select_ln45, i6 %k" [src/fpga_kernels.cpp:32]   --->   Operation 63 'store' 'store_ln32' <Predicate = (!icmp_ln45)> <Delay = 0.42>
ST_1 : Operation 64 [1/1] (0.42ns)   --->   "%store_ln32 = store i3 %add_ln48, i3 %i" [src/fpga_kernels.cpp:32]   --->   Operation 64 'store' 'store_ln32' <Predicate = (!icmp_ln45)> <Delay = 0.42>
ST_1 : Operation 65 [1/1] (0.00ns)   --->   "%br_ln48 = br void %VITIS_LOOP_51_5" [src/fpga_kernels.cpp:48]   --->   Operation 65 'br' 'br_ln48' <Predicate = (!icmp_ln45)> <Delay = 0.00>

State 2 <SV = 1> <Delay = 7.01>
ST_2 : Operation 66 [1/2] ( I:0.00ns O:0.00ns )   --->   "%H_x_0_load = load i5 %H_x_0_addr" [src/fpga_kernels.cpp:53]   --->   Operation 66 'load' 'H_x_0_load' <Predicate = true> <Delay = 0.00> <CoreInst = "RAM">   --->   Core 82 'RAM' <Latency = 1> <II = 1> <Delay = 1.23> <Storage> <Opcode : 'load' 'store'> <Ports = 2> <Width = 32> <Depth = 32> <RAM>
ST_2 : Operation 67 [1/1] (0.00ns)   --->   "%bitcast_ln53 = bitcast i32 %H_x_0_load" [src/fpga_kernels.cpp:53]   --->   Operation 67 'bitcast' 'bitcast_ln53' <Predicate = true> <Delay = 0.00>
ST_2 : Operation 68 [1/2] ( I:0.00ns O:0.00ns )   --->   "%A_0_load = load i2 %A_0_addr" [src/fpga_kernels.cpp:53]   --->   Operation 68 'load' 'A_0_load' <Predicate = true> <Delay = 0.00> <CoreInst = "RAM">   --->   Core 82 'RAM' <Latency = 1> <II = 1> <Delay = 0.67> <Storage> <Opcode : 'load' 'store'> <Ports = 2> <Width = 32> <Depth = 4> <RAM>
ST_2 : Operation 69 [1/1] (0.00ns)   --->   "%bitcast_ln53_4 = bitcast i32 %A_0_load" [src/fpga_kernels.cpp:53]   --->   Operation 69 'bitcast' 'bitcast_ln53_4' <Predicate = true> <Delay = 0.00>
ST_2 : Operation 70 [3/3] (7.01ns)   --->   "%mul1 = fmul i32 %bitcast_ln53_4, i32 %bitcast_ln53" [src/fpga_kernels.cpp:53]   --->   Operation 70 'fmul' 'mul1' <Predicate = true> <Delay = 7.01> <CoreInst = "FMul_maxdsp">   --->   Core 30 'FMul_maxdsp' <Latency = 2> <II = 1> <Delay = 7.01> <FuncUnit> <Opcode : 'fmul'> <InPorts = 2> <OutPorts = 1>

State 3 <SV = 2> <Delay = 7.01>
ST_3 : Operation 71 [2/3] (7.01ns)   --->   "%mul1 = fmul i32 %bitcast_ln53_4, i32 %bitcast_ln53" [src/fpga_kernels.cpp:53]   --->   Operation 71 'fmul' 'mul1' <Predicate = true> <Delay = 7.01> <CoreInst = "FMul_maxdsp">   --->   Core 30 'FMul_maxdsp' <Latency = 2> <II = 1> <Delay = 7.01> <FuncUnit> <Opcode : 'fmul'> <InPorts = 2> <OutPorts = 1>

State 4 <SV = 3> <Delay = 7.01>
ST_4 : Operation 72 [1/3] (7.01ns)   --->   "%mul1 = fmul i32 %bitcast_ln53_4, i32 %bitcast_ln53" [src/fpga_kernels.cpp:53]   --->   Operation 72 'fmul' 'mul1' <Predicate = true> <Delay = 7.01> <CoreInst = "FMul_maxdsp">   --->   Core 30 'FMul_maxdsp' <Latency = 2> <II = 1> <Delay = 7.01> <FuncUnit> <Opcode : 'fmul'> <InPorts = 2> <OutPorts = 1>

State 5 <SV = 4> <Delay = 6.43>
ST_5 : Operation 73 [1/1] (0.00ns)   --->   "%H_x_1_addr = getelementptr i32 %H_x_1, i64 0, i64 %zext_ln45" [src/fpga_kernels.cpp:53]   --->   Operation 73 'getelementptr' 'H_x_1_addr' <Predicate = true> <Delay = 0.00>
ST_5 : Operation 74 [2/2] (0.00ns)   --->   "%H_x_1_load = load i5 %H_x_1_addr" [src/fpga_kernels.cpp:53]   --->   Operation 74 'load' 'H_x_1_load' <Predicate = true> <Delay = 0.00> <CoreInst = "RAM">   --->   Core 82 'RAM' <Latency = 1> <II = 1> <Delay = 1.23> <Storage> <Opcode : 'load' 'store'> <Ports = 2> <Width = 32> <Depth = 32> <RAM>
ST_5 : Operation 75 [4/4] (6.43ns)   --->   "%add1 = fadd i32 %mul1, i32 0" [src/fpga_kernels.cpp:53]   --->   Operation 75 'fadd' 'add1' <Predicate = true> <Delay = 6.43> <CoreInst = "FAddSub_fulldsp">   --->   Core 18 'FAddSub_fulldsp' <Latency = 3> <II = 1> <Delay = 6.43> <FuncUnit> <Opcode : 'fadd' 'fsub'> <InPorts = 2> <OutPorts = 1>
ST_5 : Operation 76 [1/1] (0.00ns)   --->   "%A_1_addr = getelementptr i32 %A_1, i64 0, i64 %zext_ln48" [src/fpga_kernels.cpp:53]   --->   Operation 76 'getelementptr' 'A_1_addr' <Predicate = true> <Delay = 0.00>
ST_5 : Operation 77 [2/2] (0.00ns)   --->   "%A_1_load = load i2 %A_1_addr" [src/fpga_kernels.cpp:53]   --->   Operation 77 'load' 'A_1_load' <Predicate = true> <Delay = 0.00> <CoreInst = "RAM">   --->   Core 82 'RAM' <Latency = 1> <II = 1> <Delay = 0.67> <Storage> <Opcode : 'load' 'store'> <Ports = 2> <Width = 32> <Depth = 4> <RAM>

State 6 <SV = 5> <Delay = 7.01>
ST_6 : Operation 78 [1/2] ( I:0.00ns O:0.00ns )   --->   "%H_x_1_load = load i5 %H_x_1_addr" [src/fpga_kernels.cpp:53]   --->   Operation 78 'load' 'H_x_1_load' <Predicate = true> <Delay = 0.00> <CoreInst = "RAM">   --->   Core 82 'RAM' <Latency = 1> <II = 1> <Delay = 1.23> <Storage> <Opcode : 'load' 'store'> <Ports = 2> <Width = 32> <Depth = 32> <RAM>
ST_6 : Operation 79 [1/1] (0.00ns)   --->   "%bitcast_ln53_1 = bitcast i32 %H_x_1_load" [src/fpga_kernels.cpp:53]   --->   Operation 79 'bitcast' 'bitcast_ln53_1' <Predicate = true> <Delay = 0.00>
ST_6 : Operation 80 [3/4] (6.43ns)   --->   "%add1 = fadd i32 %mul1, i32 0" [src/fpga_kernels.cpp:53]   --->   Operation 80 'fadd' 'add1' <Predicate = true> <Delay = 6.43> <CoreInst = "FAddSub_fulldsp">   --->   Core 18 'FAddSub_fulldsp' <Latency = 3> <II = 1> <Delay = 6.43> <FuncUnit> <Opcode : 'fadd' 'fsub'> <InPorts = 2> <OutPorts = 1>
ST_6 : Operation 81 [1/2] ( I:0.00ns O:0.00ns )   --->   "%A_1_load = load i2 %A_1_addr" [src/fpga_kernels.cpp:53]   --->   Operation 81 'load' 'A_1_load' <Predicate = true> <Delay = 0.00> <CoreInst = "RAM">   --->   Core 82 'RAM' <Latency = 1> <II = 1> <Delay = 0.67> <Storage> <Opcode : 'load' 'store'> <Ports = 2> <Width = 32> <Depth = 4> <RAM>
ST_6 : Operation 82 [1/1] (0.00ns)   --->   "%bitcast_ln53_5 = bitcast i32 %A_1_load" [src/fpga_kernels.cpp:53]   --->   Operation 82 'bitcast' 'bitcast_ln53_5' <Predicate = true> <Delay = 0.00>
ST_6 : Operation 83 [3/3] (7.01ns)   --->   "%mul48_1 = fmul i32 %bitcast_ln53_5, i32 %bitcast_ln53_1" [src/fpga_kernels.cpp:53]   --->   Operation 83 'fmul' 'mul48_1' <Predicate = true> <Delay = 7.01> <CoreInst = "FMul_maxdsp">   --->   Core 30 'FMul_maxdsp' <Latency = 2> <II = 1> <Delay = 7.01> <FuncUnit> <Opcode : 'fmul'> <InPorts = 2> <OutPorts = 1>

State 7 <SV = 6> <Delay = 7.01>
ST_7 : Operation 84 [2/4] (6.43ns)   --->   "%add1 = fadd i32 %mul1, i32 0" [src/fpga_kernels.cpp:53]   --->   Operation 84 'fadd' 'add1' <Predicate = true> <Delay = 6.43> <CoreInst = "FAddSub_fulldsp">   --->   Core 18 'FAddSub_fulldsp' <Latency = 3> <II = 1> <Delay = 6.43> <FuncUnit> <Opcode : 'fadd' 'fsub'> <InPorts = 2> <OutPorts = 1>
ST_7 : Operation 85 [2/3] (7.01ns)   --->   "%mul48_1 = fmul i32 %bitcast_ln53_5, i32 %bitcast_ln53_1" [src/fpga_kernels.cpp:53]   --->   Operation 85 'fmul' 'mul48_1' <Predicate = true> <Delay = 7.01> <CoreInst = "FMul_maxdsp">   --->   Core 30 'FMul_maxdsp' <Latency = 2> <II = 1> <Delay = 7.01> <FuncUnit> <Opcode : 'fmul'> <InPorts = 2> <OutPorts = 1>

State 8 <SV = 7> <Delay = 7.01>
ST_8 : Operation 86 [1/4] (6.43ns)   --->   "%add1 = fadd i32 %mul1, i32 0" [src/fpga_kernels.cpp:53]   --->   Operation 86 'fadd' 'add1' <Predicate = true> <Delay = 6.43> <CoreInst = "FAddSub_fulldsp">   --->   Core 18 'FAddSub_fulldsp' <Latency = 3> <II = 1> <Delay = 6.43> <FuncUnit> <Opcode : 'fadd' 'fsub'> <InPorts = 2> <OutPorts = 1>
ST_8 : Operation 87 [1/3] (7.01ns)   --->   "%mul48_1 = fmul i32 %bitcast_ln53_5, i32 %bitcast_ln53_1" [src/fpga_kernels.cpp:53]   --->   Operation 87 'fmul' 'mul48_1' <Predicate = true> <Delay = 7.01> <CoreInst = "FMul_maxdsp">   --->   Core 30 'FMul_maxdsp' <Latency = 2> <II = 1> <Delay = 7.01> <FuncUnit> <Opcode : 'fmul'> <InPorts = 2> <OutPorts = 1>

State 9 <SV = 8> <Delay = 6.43>
ST_9 : Operation 88 [1/1] (0.00ns)   --->   "%H_x_2_addr = getelementptr i32 %H_x_2, i64 0, i64 %zext_ln45" [src/fpga_kernels.cpp:53]   --->   Operation 88 'getelementptr' 'H_x_2_addr' <Predicate = true> <Delay = 0.00>
ST_9 : Operation 89 [2/2] (0.00ns)   --->   "%H_x_2_load = load i5 %H_x_2_addr" [src/fpga_kernels.cpp:53]   --->   Operation 89 'load' 'H_x_2_load' <Predicate = true> <Delay = 0.00> <CoreInst = "RAM">   --->   Core 82 'RAM' <Latency = 1> <II = 1> <Delay = 1.23> <Storage> <Opcode : 'load' 'store'> <Ports = 2> <Width = 32> <Depth = 32> <RAM>
ST_9 : Operation 90 [4/4] (6.43ns)   --->   "%add53_1 = fadd i32 %add1, i32 %mul48_1" [src/fpga_kernels.cpp:53]   --->   Operation 90 'fadd' 'add53_1' <Predicate = true> <Delay = 6.43> <CoreInst = "FAddSub_fulldsp">   --->   Core 18 'FAddSub_fulldsp' <Latency = 3> <II = 1> <Delay = 6.43> <FuncUnit> <Opcode : 'fadd' 'fsub'> <InPorts = 2> <OutPorts = 1>
ST_9 : Operation 91 [1/1] (0.00ns)   --->   "%A_2_addr = getelementptr i32 %A_2, i64 0, i64 %zext_ln48" [src/fpga_kernels.cpp:53]   --->   Operation 91 'getelementptr' 'A_2_addr' <Predicate = true> <Delay = 0.00>
ST_9 : Operation 92 [2/2] (0.00ns)   --->   "%A_2_load = load i2 %A_2_addr" [src/fpga_kernels.cpp:53]   --->   Operation 92 'load' 'A_2_load' <Predicate = true> <Delay = 0.00> <CoreInst = "RAM">   --->   Core 82 'RAM' <Latency = 1> <II = 1> <Delay = 0.67> <Storage> <Opcode : 'load' 'store'> <Ports = 2> <Width = 32> <Depth = 4> <RAM>

State 10 <SV = 9> <Delay = 7.01>
ST_10 : Operation 93 [1/2] ( I:0.00ns O:0.00ns )   --->   "%H_x_2_load = load i5 %H_x_2_addr" [src/fpga_kernels.cpp:53]   --->   Operation 93 'load' 'H_x_2_load' <Predicate = true> <Delay = 0.00> <CoreInst = "RAM">   --->   Core 82 'RAM' <Latency = 1> <II = 1> <Delay = 1.23> <Storage> <Opcode : 'load' 'store'> <Ports = 2> <Width = 32> <Depth = 32> <RAM>
ST_10 : Operation 94 [1/1] (0.00ns)   --->   "%bitcast_ln53_2 = bitcast i32 %H_x_2_load" [src/fpga_kernels.cpp:53]   --->   Operation 94 'bitcast' 'bitcast_ln53_2' <Predicate = true> <Delay = 0.00>
ST_10 : Operation 95 [3/4] (6.43ns)   --->   "%add53_1 = fadd i32 %add1, i32 %mul48_1" [src/fpga_kernels.cpp:53]   --->   Operation 95 'fadd' 'add53_1' <Predicate = true> <Delay = 6.43> <CoreInst = "FAddSub_fulldsp">   --->   Core 18 'FAddSub_fulldsp' <Latency = 3> <II = 1> <Delay = 6.43> <FuncUnit> <Opcode : 'fadd' 'fsub'> <InPorts = 2> <OutPorts = 1>
ST_10 : Operation 96 [1/2] ( I:0.00ns O:0.00ns )   --->   "%A_2_load = load i2 %A_2_addr" [src/fpga_kernels.cpp:53]   --->   Operation 96 'load' 'A_2_load' <Predicate = true> <Delay = 0.00> <CoreInst = "RAM">   --->   Core 82 'RAM' <Latency = 1> <II = 1> <Delay = 0.67> <Storage> <Opcode : 'load' 'store'> <Ports = 2> <Width = 32> <Depth = 4> <RAM>
ST_10 : Operation 97 [1/1] (0.00ns)   --->   "%bitcast_ln53_6 = bitcast i32 %A_2_load" [src/fpga_kernels.cpp:53]   --->   Operation 97 'bitcast' 'bitcast_ln53_6' <Predicate = true> <Delay = 0.00>
ST_10 : Operation 98 [3/3] (7.01ns)   --->   "%mul48_2 = fmul i32 %bitcast_ln53_6, i32 %bitcast_ln53_2" [src/fpga_kernels.cpp:53]   --->   Operation 98 'fmul' 'mul48_2' <Predicate = true> <Delay = 7.01> <CoreInst = "FMul_maxdsp">   --->   Core 30 'FMul_maxdsp' <Latency = 2> <II = 1> <Delay = 7.01> <FuncUnit> <Opcode : 'fmul'> <InPorts = 2> <OutPorts = 1>

State 11 <SV = 10> <Delay = 7.01>
ST_11 : Operation 99 [2/4] (6.43ns)   --->   "%add53_1 = fadd i32 %add1, i32 %mul48_1" [src/fpga_kernels.cpp:53]   --->   Operation 99 'fadd' 'add53_1' <Predicate = true> <Delay = 6.43> <CoreInst = "FAddSub_fulldsp">   --->   Core 18 'FAddSub_fulldsp' <Latency = 3> <II = 1> <Delay = 6.43> <FuncUnit> <Opcode : 'fadd' 'fsub'> <InPorts = 2> <OutPorts = 1>
ST_11 : Operation 100 [2/3] (7.01ns)   --->   "%mul48_2 = fmul i32 %bitcast_ln53_6, i32 %bitcast_ln53_2" [src/fpga_kernels.cpp:53]   --->   Operation 100 'fmul' 'mul48_2' <Predicate = true> <Delay = 7.01> <CoreInst = "FMul_maxdsp">   --->   Core 30 'FMul_maxdsp' <Latency = 2> <II = 1> <Delay = 7.01> <FuncUnit> <Opcode : 'fmul'> <InPorts = 2> <OutPorts = 1>

State 12 <SV = 11> <Delay = 7.01>
ST_12 : Operation 101 [1/4] (6.43ns)   --->   "%add53_1 = fadd i32 %add1, i32 %mul48_1" [src/fpga_kernels.cpp:53]   --->   Operation 101 'fadd' 'add53_1' <Predicate = true> <Delay = 6.43> <CoreInst = "FAddSub_fulldsp">   --->   Core 18 'FAddSub_fulldsp' <Latency = 3> <II = 1> <Delay = 6.43> <FuncUnit> <Opcode : 'fadd' 'fsub'> <InPorts = 2> <OutPorts = 1>
ST_12 : Operation 102 [1/3] (7.01ns)   --->   "%mul48_2 = fmul i32 %bitcast_ln53_6, i32 %bitcast_ln53_2" [src/fpga_kernels.cpp:53]   --->   Operation 102 'fmul' 'mul48_2' <Predicate = true> <Delay = 7.01> <CoreInst = "FMul_maxdsp">   --->   Core 30 'FMul_maxdsp' <Latency = 2> <II = 1> <Delay = 7.01> <FuncUnit> <Opcode : 'fmul'> <InPorts = 2> <OutPorts = 1>

State 13 <SV = 12> <Delay = 6.43>
ST_13 : Operation 103 [1/1] (0.00ns)   --->   "%H_x_3_addr = getelementptr i32 %H_x_3, i64 0, i64 %zext_ln45" [src/fpga_kernels.cpp:53]   --->   Operation 103 'getelementptr' 'H_x_3_addr' <Predicate = true> <Delay = 0.00>
ST_13 : Operation 104 [2/2] (0.00ns)   --->   "%H_x_3_load = load i5 %H_x_3_addr" [src/fpga_kernels.cpp:53]   --->   Operation 104 'load' 'H_x_3_load' <Predicate = true> <Delay = 0.00> <CoreInst = "RAM">   --->   Core 82 'RAM' <Latency = 1> <II = 1> <Delay = 1.23> <Storage> <Opcode : 'load' 'store'> <Ports = 2> <Width = 32> <Depth = 32> <RAM>
ST_13 : Operation 105 [1/1] (0.00ns)   --->   "%H_pred_3_addr = getelementptr i32 %H_pred_3, i64 0, i64 %zext_ln45" [src/fpga_kernels.cpp:53]   --->   Operation 105 'getelementptr' 'H_pred_3_addr' <Predicate = true> <Delay = 0.00>
ST_13 : Operation 106 [1/1] (0.00ns)   --->   "%H_pred_0_addr = getelementptr i32 %H_pred_0, i64 0, i64 %zext_ln45" [src/fpga_kernels.cpp:53]   --->   Operation 106 'getelementptr' 'H_pred_0_addr' <Predicate = true> <Delay = 0.00>
ST_13 : Operation 107 [1/1] (0.00ns)   --->   "%H_pred_1_addr = getelementptr i32 %H_pred_1, i64 0, i64 %zext_ln45" [src/fpga_kernels.cpp:53]   --->   Operation 107 'getelementptr' 'H_pred_1_addr' <Predicate = true> <Delay = 0.00>
ST_13 : Operation 108 [1/1] (0.00ns)   --->   "%H_pred_2_addr = getelementptr i32 %H_pred_2, i64 0, i64 %zext_ln45" [src/fpga_kernels.cpp:53]   --->   Operation 108 'getelementptr' 'H_pred_2_addr' <Predicate = true> <Delay = 0.00>
ST_13 : Operation 109 [4/4] (6.43ns)   --->   "%add53_2 = fadd i32 %add53_1, i32 %mul48_2" [src/fpga_kernels.cpp:53]   --->   Operation 109 'fadd' 'add53_2' <Predicate = true> <Delay = 6.43> <CoreInst = "FAddSub_fulldsp">   --->   Core 18 'FAddSub_fulldsp' <Latency = 3> <II = 1> <Delay = 6.43> <FuncUnit> <Opcode : 'fadd' 'fsub'> <InPorts = 2> <OutPorts = 1>
ST_13 : Operation 110 [1/1] (0.00ns)   --->   "%A_3_addr = getelementptr i32 %A_3, i64 0, i64 %zext_ln48" [src/fpga_kernels.cpp:53]   --->   Operation 110 'getelementptr' 'A_3_addr' <Predicate = true> <Delay = 0.00>
ST_13 : Operation 111 [2/2] (0.00ns)   --->   "%A_3_load = load i2 %A_3_addr" [src/fpga_kernels.cpp:53]   --->   Operation 111 'load' 'A_3_load' <Predicate = true> <Delay = 0.00> <CoreInst = "RAM">   --->   Core 82 'RAM' <Latency = 1> <II = 1> <Delay = 0.67> <Storage> <Opcode : 'load' 'store'> <Ports = 2> <Width = 32> <Depth = 4> <RAM>

State 14 <SV = 13> <Delay = 7.01>
ST_14 : Operation 112 [1/2] ( I:0.00ns O:0.00ns )   --->   "%H_x_3_load = load i5 %H_x_3_addr" [src/fpga_kernels.cpp:53]   --->   Operation 112 'load' 'H_x_3_load' <Predicate = true> <Delay = 0.00> <CoreInst = "RAM">   --->   Core 82 'RAM' <Latency = 1> <II = 1> <Delay = 1.23> <Storage> <Opcode : 'load' 'store'> <Ports = 2> <Width = 32> <Depth = 32> <RAM>
ST_14 : Operation 113 [1/1] (0.00ns)   --->   "%bitcast_ln53_3 = bitcast i32 %H_x_3_load" [src/fpga_kernels.cpp:53]   --->   Operation 113 'bitcast' 'bitcast_ln53_3' <Predicate = true> <Delay = 0.00>
ST_14 : Operation 114 [3/4] (6.43ns)   --->   "%add53_2 = fadd i32 %add53_1, i32 %mul48_2" [src/fpga_kernels.cpp:53]   --->   Operation 114 'fadd' 'add53_2' <Predicate = true> <Delay = 6.43> <CoreInst = "FAddSub_fulldsp">   --->   Core 18 'FAddSub_fulldsp' <Latency = 3> <II = 1> <Delay = 6.43> <FuncUnit> <Opcode : 'fadd' 'fsub'> <InPorts = 2> <OutPorts = 1>
ST_14 : Operation 115 [1/2] ( I:0.00ns O:0.00ns )   --->   "%A_3_load = load i2 %A_3_addr" [src/fpga_kernels.cpp:53]   --->   Operation 115 'load' 'A_3_load' <Predicate = true> <Delay = 0.00> <CoreInst = "RAM">   --->   Core 82 'RAM' <Latency = 1> <II = 1> <Delay = 0.67> <Storage> <Opcode : 'load' 'store'> <Ports = 2> <Width = 32> <Depth = 4> <RAM>
ST_14 : Operation 116 [1/1] (0.00ns)   --->   "%bitcast_ln53_7 = bitcast i32 %A_3_load" [src/fpga_kernels.cpp:53]   --->   Operation 116 'bitcast' 'bitcast_ln53_7' <Predicate = true> <Delay = 0.00>
ST_14 : Operation 117 [3/3] (7.01ns)   --->   "%mul48_3 = fmul i32 %bitcast_ln53_7, i32 %bitcast_ln53_3" [src/fpga_kernels.cpp:53]   --->   Operation 117 'fmul' 'mul48_3' <Predicate = true> <Delay = 7.01> <CoreInst = "FMul_maxdsp">   --->   Core 30 'FMul_maxdsp' <Latency = 2> <II = 1> <Delay = 7.01> <FuncUnit> <Opcode : 'fmul'> <InPorts = 2> <OutPorts = 1>

State 15 <SV = 14> <Delay = 7.01>
ST_15 : Operation 118 [2/4] (6.43ns)   --->   "%add53_2 = fadd i32 %add53_1, i32 %mul48_2" [src/fpga_kernels.cpp:53]   --->   Operation 118 'fadd' 'add53_2' <Predicate = true> <Delay = 6.43> <CoreInst = "FAddSub_fulldsp">   --->   Core 18 'FAddSub_fulldsp' <Latency = 3> <II = 1> <Delay = 6.43> <FuncUnit> <Opcode : 'fadd' 'fsub'> <InPorts = 2> <OutPorts = 1>
ST_15 : Operation 119 [2/3] (7.01ns)   --->   "%mul48_3 = fmul i32 %bitcast_ln53_7, i32 %bitcast_ln53_3" [src/fpga_kernels.cpp:53]   --->   Operation 119 'fmul' 'mul48_3' <Predicate = true> <Delay = 7.01> <CoreInst = "FMul_maxdsp">   --->   Core 30 'FMul_maxdsp' <Latency = 2> <II = 1> <Delay = 7.01> <FuncUnit> <Opcode : 'fmul'> <InPorts = 2> <OutPorts = 1>

State 16 <SV = 15> <Delay = 7.01>
ST_16 : Operation 120 [1/4] (6.43ns)   --->   "%add53_2 = fadd i32 %add53_1, i32 %mul48_2" [src/fpga_kernels.cpp:53]   --->   Operation 120 'fadd' 'add53_2' <Predicate = true> <Delay = 6.43> <CoreInst = "FAddSub_fulldsp">   --->   Core 18 'FAddSub_fulldsp' <Latency = 3> <II = 1> <Delay = 6.43> <FuncUnit> <Opcode : 'fadd' 'fsub'> <InPorts = 2> <OutPorts = 1>
ST_16 : Operation 121 [1/3] (7.01ns)   --->   "%mul48_3 = fmul i32 %bitcast_ln53_7, i32 %bitcast_ln53_3" [src/fpga_kernels.cpp:53]   --->   Operation 121 'fmul' 'mul48_3' <Predicate = true> <Delay = 7.01> <CoreInst = "FMul_maxdsp">   --->   Core 30 'FMul_maxdsp' <Latency = 2> <II = 1> <Delay = 7.01> <FuncUnit> <Opcode : 'fmul'> <InPorts = 2> <OutPorts = 1>

State 17 <SV = 16> <Delay = 6.43>
ST_17 : Operation 122 [4/4] (6.43ns)   --->   "%add53_3 = fadd i32 %add53_2, i32 %mul48_3" [src/fpga_kernels.cpp:53]   --->   Operation 122 'fadd' 'add53_3' <Predicate = true> <Delay = 6.43> <CoreInst = "FAddSub_fulldsp">   --->   Core 18 'FAddSub_fulldsp' <Latency = 3> <II = 1> <Delay = 6.43> <FuncUnit> <Opcode : 'fadd' 'fsub'> <InPorts = 2> <OutPorts = 1>

State 18 <SV = 17> <Delay = 6.43>
ST_18 : Operation 123 [3/4] (6.43ns)   --->   "%add53_3 = fadd i32 %add53_2, i32 %mul48_3" [src/fpga_kernels.cpp:53]   --->   Operation 123 'fadd' 'add53_3' <Predicate = true> <Delay = 6.43> <CoreInst = "FAddSub_fulldsp">   --->   Core 18 'FAddSub_fulldsp' <Latency = 3> <II = 1> <Delay = 6.43> <FuncUnit> <Opcode : 'fadd' 'fsub'> <InPorts = 2> <OutPorts = 1>

State 19 <SV = 18> <Delay = 6.43>
ST_19 : Operation 124 [2/4] (6.43ns)   --->   "%add53_3 = fadd i32 %add53_2, i32 %mul48_3" [src/fpga_kernels.cpp:53]   --->   Operation 124 'fadd' 'add53_3' <Predicate = true> <Delay = 6.43> <CoreInst = "FAddSub_fulldsp">   --->   Core 18 'FAddSub_fulldsp' <Latency = 3> <II = 1> <Delay = 6.43> <FuncUnit> <Opcode : 'fadd' 'fsub'> <InPorts = 2> <OutPorts = 1>
ST_19 : Operation 138 [1/1] (0.42ns)   --->   "%ret_ln0 = ret"   --->   Operation 138 'ret' 'ret_ln0' <Predicate = (icmp_ln45)> <Delay = 0.42>

State 20 <SV = 19> <Delay = 6.43>
ST_20 : Operation 125 [1/1] (0.00ns)   --->   "%specloopname_ln0 = specloopname void @_ssdm_op_SpecLoopName, void @VITIS_LOOP_45_3_VITIS_LOOP_48_4_str"   --->   Operation 125 'specloopname' 'specloopname_ln0' <Predicate = true> <Delay = 0.00>
ST_20 : Operation 126 [1/1] (0.00ns)   --->   "%speclooptripcount_ln0 = speclooptripcount void @_ssdm_op_SpecLoopTripCount, i64 0, i64 128, i64 64"   --->   Operation 126 'speclooptripcount' 'speclooptripcount_ln0' <Predicate = true> <Delay = 0.00>
ST_20 : Operation 127 [1/1] (0.00ns)   --->   "%specpipeline_ln49 = specpipeline void @_ssdm_op_SpecPipeline, i32 1, i32 0, i32 0, i32 0, i32 4294967295, void @empty_0" [src/fpga_kernels.cpp:49]   --->   Operation 127 'specpipeline' 'specpipeline_ln49' <Predicate = true> <Delay = 0.00>
ST_20 : Operation 128 [1/4] (6.43ns)   --->   "%add53_3 = fadd i32 %add53_2, i32 %mul48_3" [src/fpga_kernels.cpp:53]   --->   Operation 128 'fadd' 'add53_3' <Predicate = true> <Delay = 6.43> <CoreInst = "FAddSub_fulldsp">   --->   Core 18 'FAddSub_fulldsp' <Latency = 3> <II = 1> <Delay = 6.43> <FuncUnit> <Opcode : 'fadd' 'fsub'> <InPorts = 2> <OutPorts = 1>
ST_20 : Operation 129 [1/1] (0.00ns)   --->   "%bitcast_ln53_8 = bitcast i32 %add53_3" [src/fpga_kernels.cpp:53]   --->   Operation 129 'bitcast' 'bitcast_ln53_8' <Predicate = true> <Delay = 0.00>
ST_20 : Operation 130 [1/1] ( I:0.00ns O:0.00ns )   --->   "%store_ln53 = store i32 %bitcast_ln53_8, i5 %H_pred_2_addr" [src/fpga_kernels.cpp:53]   --->   Operation 130 'store' 'store_ln53' <Predicate = (trunc_ln48 == 2)> <Delay = 0.00> <CoreInst = "RAM">   --->   Core 82 'RAM' <Latency = 1> <II = 1> <Delay = 1.23> <Storage> <Opcode : 'load' 'store'> <Ports = 2> <Width = 32> <Depth = 32> <RAM>
ST_20 : Operation 131 [1/1] (0.00ns)   --->   "%br_ln53 = br void %arrayidx36316.exit" [src/fpga_kernels.cpp:53]   --->   Operation 131 'br' 'br_ln53' <Predicate = (trunc_ln48 == 2)> <Delay = 0.00>
ST_20 : Operation 132 [1/1] ( I:0.00ns O:0.00ns )   --->   "%store_ln53 = store i32 %bitcast_ln53_8, i5 %H_pred_1_addr" [src/fpga_kernels.cpp:53]   --->   Operation 132 'store' 'store_ln53' <Predicate = (trunc_ln48 == 1)> <Delay = 0.00> <CoreInst = "RAM">   --->   Core 82 'RAM' <Latency = 1> <II = 1> <Delay = 1.23> <Storage> <Opcode : 'load' 'store'> <Ports = 2> <Width = 32> <Depth = 32> <RAM>
ST_20 : Operation 133 [1/1] (0.00ns)   --->   "%br_ln53 = br void %arrayidx36316.exit" [src/fpga_kernels.cpp:53]   --->   Operation 133 'br' 'br_ln53' <Predicate = (trunc_ln48 == 1)> <Delay = 0.00>
ST_20 : Operation 134 [1/1] ( I:0.00ns O:0.00ns )   --->   "%store_ln53 = store i32 %bitcast_ln53_8, i5 %H_pred_0_addr" [src/fpga_kernels.cpp:53]   --->   Operation 134 'store' 'store_ln53' <Predicate = (trunc_ln48 == 0)> <Delay = 0.00> <CoreInst = "RAM">   --->   Core 82 'RAM' <Latency = 1> <II = 1> <Delay = 1.23> <Storage> <Opcode : 'load' 'store'> <Ports = 2> <Width = 32> <Depth = 32> <RAM>
ST_20 : Operation 135 [1/1] (0.00ns)   --->   "%br_ln53 = br void %arrayidx36316.exit" [src/fpga_kernels.cpp:53]   --->   Operation 135 'br' 'br_ln53' <Predicate = (trunc_ln48 == 0)> <Delay = 0.00>
ST_20 : Operation 136 [1/1] ( I:0.00ns O:0.00ns )   --->   "%store_ln53 = store i32 %bitcast_ln53_8, i5 %H_pred_3_addr" [src/fpga_kernels.cpp:53]   --->   Operation 136 'store' 'store_ln53' <Predicate = (trunc_ln48 == 3)> <Delay = 0.00> <CoreInst = "RAM">   --->   Core 82 'RAM' <Latency = 1> <II = 1> <Delay = 1.23> <Storage> <Opcode : 'load' 'store'> <Ports = 2> <Width = 32> <Depth = 32> <RAM>
ST_20 : Operation 137 [1/1] (0.00ns)   --->   "%br_ln53 = br void %arrayidx36316.exit" [src/fpga_kernels.cpp:53]   --->   Operation 137 'br' 'br_ln53' <Predicate = (trunc_ln48 == 3)> <Delay = 0.00>


============================================================
+ Verbose Summary: Timing violations
============================================================
Target clock period: 10.000ns, clock uncertainty: 2.700ns.

 <State 1>: 2.407ns
The critical path consists of the following:
	'store' operation ('store_ln32', src/fpga_kernels.cpp:32) of constant 0 3 bit on local variable 'i', src/fpga_kernels.cpp:32 [32]  (0.427 ns)
	'load' operation 3 bit ('i_load', src/fpga_kernels.cpp:48) on local variable 'i', src/fpga_kernels.cpp:32 [40]  (0.000 ns)
	'icmp' operation 1 bit ('icmp_ln48', src/fpga_kernels.cpp:48) [44]  (0.673 ns)
	'select' operation 3 bit ('select_ln32', src/fpga_kernels.cpp:32) [45]  (0.208 ns)
	'add' operation 3 bit ('add_ln48', src/fpga_kernels.cpp:48) [103]  (0.673 ns)
	'store' operation ('store_ln32', src/fpga_kernels.cpp:32) of variable 'add_ln48', src/fpga_kernels.cpp:48 3 bit on local variable 'i', src/fpga_kernels.cpp:32 [106]  (0.427 ns)

 <State 2>: 7.016ns
The critical path consists of the following:
	'load' operation 32 bit ('H_x_0_load', src/fpga_kernels.cpp:53) on array 'H_x_0' [50]  (0.000 ns)
	'fmul' operation 32 bit ('mul1', src/fpga_kernels.cpp:53) [71]  (7.016 ns)

 <State 3>: 7.016ns
The critical path consists of the following:
	'fmul' operation 32 bit ('mul1', src/fpga_kernels.cpp:53) [71]  (7.016 ns)

 <State 4>: 7.016ns
The critical path consists of the following:
	'fmul' operation 32 bit ('mul1', src/fpga_kernels.cpp:53) [71]  (7.016 ns)

 <State 5>: 6.437ns
The critical path consists of the following:
	'fadd' operation 32 bit ('add1', src/fpga_kernels.cpp:53) [72]  (6.437 ns)

 <State 6>: 7.016ns
The critical path consists of the following:
	'load' operation 32 bit ('H_x_1_load', src/fpga_kernels.cpp:53) on array 'H_x_1' [53]  (0.000 ns)
	'fmul' operation 32 bit ('mul48_1', src/fpga_kernels.cpp:53) [76]  (7.016 ns)

 <State 7>: 7.016ns
The critical path consists of the following:
	'fmul' operation 32 bit ('mul48_1', src/fpga_kernels.cpp:53) [76]  (7.016 ns)

 <State 8>: 7.016ns
The critical path consists of the following:
	'fmul' operation 32 bit ('mul48_1', src/fpga_kernels.cpp:53) [76]  (7.016 ns)

 <State 9>: 6.437ns
The critical path consists of the following:
	'fadd' operation 32 bit ('add53_1', src/fpga_kernels.cpp:53) [77]  (6.437 ns)

 <State 10>: 7.016ns
The critical path consists of the following:
	'load' operation 32 bit ('H_x_2_load', src/fpga_kernels.cpp:53) on array 'H_x_2' [56]  (0.000 ns)
	'fmul' operation 32 bit ('mul48_2', src/fpga_kernels.cpp:53) [81]  (7.016 ns)

 <State 11>: 7.016ns
The critical path consists of the following:
	'fmul' operation 32 bit ('mul48_2', src/fpga_kernels.cpp:53) [81]  (7.016 ns)

 <State 12>: 7.016ns
The critical path consists of the following:
	'fmul' operation 32 bit ('mul48_2', src/fpga_kernels.cpp:53) [81]  (7.016 ns)

 <State 13>: 6.437ns
The critical path consists of the following:
	'fadd' operation 32 bit ('add53_2', src/fpga_kernels.cpp:53) [82]  (6.437 ns)

 <State 14>: 7.016ns
The critical path consists of the following:
	'load' operation 32 bit ('H_x_3_load', src/fpga_kernels.cpp:53) on array 'H_x_3' [59]  (0.000 ns)
	'fmul' operation 32 bit ('mul48_3', src/fpga_kernels.cpp:53) [86]  (7.016 ns)

 <State 15>: 7.016ns
The critical path consists of the following:
	'fmul' operation 32 bit ('mul48_3', src/fpga_kernels.cpp:53) [86]  (7.016 ns)

 <State 16>: 7.016ns
The critical path consists of the following:
	'fmul' operation 32 bit ('mul48_3', src/fpga_kernels.cpp:53) [86]  (7.016 ns)

 <State 17>: 6.437ns
The critical path consists of the following:
	'fadd' operation 32 bit ('add53_3', src/fpga_kernels.cpp:53) [87]  (6.437 ns)

 <State 18>: 6.437ns
The critical path consists of the following:
	'fadd' operation 32 bit ('add53_3', src/fpga_kernels.cpp:53) [87]  (6.437 ns)

 <State 19>: 6.437ns
The critical path consists of the following:
	'fadd' operation 32 bit ('add53_3', src/fpga_kernels.cpp:53) [87]  (6.437 ns)

 <State 20>: 6.437ns
The critical path consists of the following:
	'fadd' operation 32 bit ('add53_3', src/fpga_kernels.cpp:53) [87]  (6.437 ns)
	'store' operation ('store_ln53', src/fpga_kernels.cpp:53) of variable 'bitcast_ln53_8', src/fpga_kernels.cpp:53 32 bit on array 'H_pred_1' [94]  (0.000 ns)


============================================================
+ Verbose Summary: Binding
============================================================
N/A
* FSMD analyzer results:
  - Output states:
 - Input state : 
  - Chain level:
	State 1
	State 2
	State 3
	State 4
	State 5
	State 6
	State 7
	State 8
	State 9
	State 10
	State 11
	State 12
	State 13
	State 14
	State 15
	State 16
	State 17
	State 18
	State 19
	State 20


============================================================
+ Verbose Summary: Datapath Resource usage 
============================================================
N/A
